2019-08-10 01:06:34,877  Records log has been rotating...
2019-08-10 01:06:34,877  Records log has been rotating...
2019-08-10 15:57:56,007  正在监测的群聊：2 个
2019-08-10 15:57:56,012  Redis技术交流群 Redis技术交流群2
2019-08-10 15:58:22,954  正在监测的群聊：2 个
2019-08-10 15:58:22,954  Redis技术交流群2 Redis技术交流群
2019-08-10 16:03:43,523  正在监测的群聊：2 个
2019-08-10 16:03:43,524  Redis技术交流群2 Redis技术交流群
2019-08-10 16:07:03,461  正在监测的群聊：0 个
2019-08-10 16:07:03,461  
2019-08-10 16:07:43,482  正在监测的群聊：2 个
2019-08-10 16:07:43,486  Redis技术交流群2 Redis技术交流群
2019-08-10 16:08:40,173  正在监测的群聊：3 个
2019-08-10 16:08:40,173  Redis技术交流群2 Redis技术交流群 Redis技术交流群3
2019-08-10 16:10:48,782  正在监测的群聊：3 个
2019-08-10 16:10:48,783  Redis技术交流群2 Redis技术交流群 Redis技术交流群3
2019-08-10 16:30:36,550  正在监测的群聊：3 个
2019-08-10 16:30:36,558  Redis技术交流群2 Redis技术交流群 Redis技术交流群3
2019-08-10 16:30:57,236  {'ActualNickName': u'\u673a\u5668\u4eba\u5c0f\u80d6', u'ImgWidth': 0, u'FromUserName': u'@@3850734c60100ae46f16fac784870936b67aaed0e9b6fef08e9650bc443f073d', u'PlayLength': 0, u'OriContent': u'', u'RecommendInfo': {u'UserName': u'', u'Province': u'', u'City': u'', u'Scene': 0, u'QQNum': 0, u'Content': u'', u'Alias': u'', u'OpCode': 0, u'Signature': u'', u'Ticket': u'', u'Sex': 0, u'NickName': u'', u'AttrStatus': 0, u'VerifyFlag': 0}, u'Content': u'"\u9e4f\u7a0b"\u9080\u8bf7"\u6c6a\u5a77"\u52a0\u5165\u4e86\u7fa4\u804a', u'StatusNotifyUserName': u'', u'StatusNotifyCode': 0, 'Type': 'Note', u'NewMsgId': 7161616664170653255, u'Status': 4, u'VoiceLength': 0, u'ToUserName': u'@666080e8f594a727e99209aa4385865bb0faafa572ea97a241adce55cb486b5a', u'ForwardFlag': 0, 'User': <Chatroom: {u'UserName': u'@@3850734c60100ae46f16fac784870936b67aaed0e9b6fef08e9650bc443f073d', u'City': u'', 'Self': <ChatroomMember: {u'UserName': u'@666080e8f594a727e99209aa4385865bb0faafa572ea97a241adce55cb486b5a', u'RemarkPYQuanPin': u'', u'DisplayName': u'', u'KeyWord': u'', u'PYInitial': u'', u'Uin': 0, 'MemberList': <ContactList: []>, u'MemberStatus': 0, u'PYQuanPin': u'', u'RemarkPYInitial': u'', u'NickName': u'\u673a\u5668\u4eba\u5c0f\u80d6', u'AttrStatus': 135973}>, 'MemberList': <ContactList: [<ChatroomMember: {u'UserName': u'@0ba4ea58ad492abb3e5df05221111c6c', u'RemarkPYQuanPin': u'', u'DisplayName': u'', u'KeyWord': u'', u'PYInitial': u'', u'Uin': 0, 'MemberList': <ContactList: []>, u'MemberStatus': 0, u'PYQuanPin': u'', u'RemarkPYInitial': u'', u'NickName': u'\u5f20\u664b\u6d9b', u'AttrStatus': 50569575}>, <ChatroomMember: {u'UserName': u'@9242dc681eaa5fed1251fb0d0895182b', u'RemarkPYQuanPin': u'', u'DisplayName': u'', u'KeyWord': u'', u'PYInitial': u'', u'Uin': 0, 'MemberList': <ContactList: []>, u'MemberStatus': 0, u'PYQuanPin': u'', u'RemarkPYInitial': u'', u'NickName': u'\u9e4f\u7a0b', u'AttrStatus': 33691111}>, <ChatroomMember: {u'UserName': u'@6bd398ec5ec4933fa34adda0be3a97eddf343fcf9b213685fa889c63fcf4aea8', u'RemarkPYQuanPin': u'', u'DisplayName': u'', u'KeyWord': u'', u'PYInitial': u'', u'Uin': 0, 'MemberList': <ContactList: []>, u'MemberStatus': 0, u'PYQuanPin': u'', u'RemarkPYInitial': u'', u'NickName': u'\u5b54\u5b54', u'AttrStatus': 230589}>, <ChatroomMember: {u'UserName': u'@aa54c591bdeae7b20f5e4ec09380d9ba', u'RemarkPYQuanPin': u'', u'DisplayName': u'', u'KeyWord': u'', u'PYInitial': u'', u'Uin': 0, 'MemberList': <ContactList: []>, u'MemberStatus': 0, u'PYQuanPin': u'', u'RemarkPYInitial': u'', u'NickName': u'\u4ed8\u78ca', u'AttrStatus': 104487}>, <ChatroomMember: {u'UserName': u'@666080e8f594a727e99209aa4385865bb0faafa572ea97a241adce55cb486b5a', u'RemarkPYQuanPin': u'', u'DisplayName': u'', u'KeyWord': u'', u'PYInitial': u'', u'Uin': 0, 'MemberList': <ContactList: []>, u'MemberStatus': 0, u'PYQuanPin': u'', u'RemarkPYInitial': u'', u'NickName': u'\u673a\u5668\u4eba\u5c0f\u80d6', u'AttrStatus': 135973}>]>, u'ContactFlag': 2, u'HideInputBarFlag': 0, u'VerifyFlag': 0, u'Province': u'', u'KeyWord': u'', u'RemarkName': u'', u'ContactType': 0, u'ChatRoomOwner': u'@9242dc681eaa5fed1251fb0d0895182b', u'AttrStatus': 0, u'SnsFlag': 0, u'MemberCount': 5, 'OwnerUin': 0, u'Alias': u'', 'IsAdmin': None, u'Signature': u'', u'HeadImgUrl': u'/cgi-bin/mmwebwx-bin/webwxgetheadimg?seq=0&username=@@3850734c60100ae46f16fac784870936b67aaed0e9b6fef08e9650bc443f073d&skey=@crypt_49509d7f_1357ad7ca522a0ee2e9a45bcbfe4df58', u'NickName': u'Redis\u6280\u672f\u4ea4\u6d41\u7fa43', u'Statues': 1, u'Sex': 0, u'HeadImgUpdateFlag': 1}>, u'AppMsgType': 0, 'ActualUserName': u'@666080e8f594a727e99209aa4385865bb0faafa572ea97a241adce55cb486b5a', u'Ticket': u'', u'EncryFileName': u'', u'AppInfo': {u'Type': 0, u'AppID': u''}, u'Url': u'', u'ImgStatus': 1, u'MsgType': 10000, u'ImgHeight': 0, 'IsAt': False, u'MediaId': u'', u'MsgId': u'7161616664170653255', u'FileName': u'', u'HasProductId': 0, u'FileSize': u'', 'Text': u'"\u9e4f\u7a0b"\u9080\u8bf7"\u6c6a\u5a77"\u52a0\u5165\u4e86\u7fa4\u804a', u'CreateTime': 1565426016, u'SubMsgType': 0}
2019-08-10 16:37:18,386  正在监测的群聊：3 个
2019-08-10 16:37:18,387  Redis技术交流群2 Redis技术交流群 Redis技术交流群3
2019-08-10 16:37:33,815  {'ActualNickName': u'\u673a\u5668\u4eba\u5c0f\u80d6', u'ImgWidth': 0, u'FromUserName': u'@@3850734c60100ae46f16fac784870936b67aaed0e9b6fef08e9650bc443f073d', u'PlayLength': 0, u'OriContent': u'', u'RecommendInfo': {u'UserName': u'', u'Province': u'', u'City': u'', u'Scene': 0, u'QQNum': 0, u'Content': u'', u'Alias': u'', u'OpCode': 0, u'Signature': u'', u'Ticket': u'', u'Sex': 0, u'NickName': u'', u'AttrStatus': 0, u'VerifyFlag': 0}, u'Content': u'"\u9e4f\u7a0b"\u9080\u8bf7"\u6c6a\u5a77"\u52a0\u5165\u4e86\u7fa4\u804a', u'StatusNotifyUserName': u'', u'StatusNotifyCode': 0, 'Type': 'Note', u'NewMsgId': 3249132139077169645, u'Status': 4, u'VoiceLength': 0, u'ToUserName': u'@666080e8f594a727e99209aa4385865bb0faafa572ea97a241adce55cb486b5a', u'ForwardFlag': 0, 'User': <Chatroom: {u'UserName': u'@@3850734c60100ae46f16fac784870936b67aaed0e9b6fef08e9650bc443f073d', u'City': u'', 'Self': <ChatroomMember: {u'UserName': u'@666080e8f594a727e99209aa4385865bb0faafa572ea97a241adce55cb486b5a', u'RemarkPYQuanPin': u'', u'DisplayName': u'', u'KeyWord': u'', u'PYInitial': u'', u'Uin': 0, 'MemberList': <ContactList: []>, u'MemberStatus': 0, u'PYQuanPin': u'', u'RemarkPYInitial': u'', u'NickName': u'\u673a\u5668\u4eba\u5c0f\u80d6', u'AttrStatus': 135973}>, 'MemberList': <ContactList: [<ChatroomMember: {u'UserName': u'@0ba4ea58ad492abb3e5df05221111c6c', u'RemarkPYQuanPin': u'', u'DisplayName': u'', u'KeyWord': u'', u'PYInitial': u'', u'Uin': 0, 'MemberList': <ContactList: []>, u'MemberStatus': 0, u'PYQuanPin': u'', u'RemarkPYInitial': u'', u'NickName': u'\u5f20\u664b\u6d9b', u'AttrStatus': 50569575}>, <ChatroomMember: {u'UserName': u'@9242dc681eaa5fed1251fb0d0895182b', u'RemarkPYQuanPin': u'', u'DisplayName': u'', u'KeyWord': u'', u'PYInitial': u'', u'Uin': 0, 'MemberList': <ContactList: []>, u'MemberStatus': 0, u'PYQuanPin': u'', u'RemarkPYInitial': u'', u'NickName': u'\u9e4f\u7a0b', u'AttrStatus': 33691111}>, <ChatroomMember: {u'UserName': u'@6bd398ec5ec4933fa34adda0be3a97eddf343fcf9b213685fa889c63fcf4aea8', u'RemarkPYQuanPin': u'', u'DisplayName': u'', u'KeyWord': u'', u'PYInitial': u'', u'Uin': 0, 'MemberList': <ContactList: []>, u'MemberStatus': 0, u'PYQuanPin': u'', u'RemarkPYInitial': u'', u'NickName': u'\u5b54\u5b54', u'AttrStatus': 230589}>, <ChatroomMember: {u'UserName': u'@aa54c591bdeae7b20f5e4ec09380d9ba', u'RemarkPYQuanPin': u'', u'DisplayName': u'', u'KeyWord': u'', u'PYInitial': u'', u'Uin': 0, 'MemberList': <ContactList: []>, u'MemberStatus': 0, u'PYQuanPin': u'', u'RemarkPYInitial': u'', u'NickName': u'\u4ed8\u78ca', u'AttrStatus': 104487}>, <ChatroomMember: {u'UserName': u'@666080e8f594a727e99209aa4385865bb0faafa572ea97a241adce55cb486b5a', u'RemarkPYQuanPin': u'', u'DisplayName': u'', u'KeyWord': u'', u'PYInitial': u'', u'Uin': 0, 'MemberList': <ContactList: []>, u'MemberStatus': 0, u'PYQuanPin': u'', u'RemarkPYInitial': u'', u'NickName': u'\u673a\u5668\u4eba\u5c0f\u80d6', u'AttrStatus': 135973}>, <ChatroomMember: {u'UserName': u'@97028d13eb374f8aaa60026247b95544', u'RemarkPYQuanPin': u'', u'DisplayName': u'', u'KeyWord': u'', u'PYInitial': u'', u'Uin': 0, 'MemberList': <ContactList: []>, u'MemberStatus': 0, u'PYQuanPin': u'', u'RemarkPYInitial': u'', u'NickName': u'\u6c6a\u5a77', u'AttrStatus': 98493}>]>, u'ContactFlag': 2, u'HideInputBarFlag': 0, u'VerifyFlag': 0, u'Province': u'', u'KeyWord': u'', u'RemarkName': u'', u'ContactType': 0, u'ChatRoomOwner': u'@9242dc681eaa5fed1251fb0d0895182b', u'AttrStatus': 0, u'SnsFlag': 0, u'MemberCount': 6, 'OwnerUin': 0, u'Alias': u'', 'IsAdmin': None, u'Signature': u'', u'HeadImgUrl': u'/cgi-bin/mmwebwx-bin/webwxgetheadimg?seq=0&username=@@3850734c60100ae46f16fac784870936b67aaed0e9b6fef08e9650bc443f073d&skey=@crypt_49509d7f_1357ad7ca522a0ee2e9a45bcbfe4df58', u'NickName': u'Redis\u6280\u672f\u4ea4\u6d41\u7fa43', u'Statues': 1, u'Sex': 0, u'HeadImgUpdateFlag': 1}>, u'AppMsgType': 0, 'ActualUserName': u'@666080e8f594a727e99209aa4385865bb0faafa572ea97a241adce55cb486b5a', u'Ticket': u'', u'EncryFileName': u'', u'AppInfo': {u'Type': 0, u'AppID': u''}, u'Url': u'', u'ImgStatus': 1, u'MsgType': 10000, u'ImgHeight': 0, 'IsAt': False, u'MediaId': u'', u'MsgId': u'3249132139077169645', u'FileName': u'', u'HasProductId': 0, u'FileSize': u'', 'Text': u'"\u9e4f\u7a0b"\u9080\u8bf7"\u6c6a\u5a77"\u52a0\u5165\u4e86\u7fa4\u804a', u'CreateTime': 1565426413, u'SubMsgType': 0}
2019-08-10 16:37:33,816  @汪婷 欢迎来到本群[微笑]，感谢鹏程邀请。
2019-08-10 16:40:09,736  正在监测的群聊：3 个
2019-08-10 16:40:09,736  Redis技术交流群2 Redis技术交流群 Redis技术交流群3
2019-08-10 17:08:01,268  正在监测的群聊：3 个
2019-08-10 17:08:01,269  Redis技术交流群3 Redis技术交流群2 Redis技术交流群
2019-08-10 17:14:02,246  正在监测的群聊：3 个
2019-08-10 17:14:02,251  Redis技术交流群3 Redis技术交流群2 Redis技术交流群
2019-08-10 17:15:26,552  正在监测的群聊：3 个
2019-08-10 17:15:26,553  Redis技术交流群3 Redis技术交流群2 Redis技术交流群
2019-08-10 17:20:12,537  正在监测的群聊：3 个
2019-08-10 17:20:12,539  Redis技术交流群3 Redis技术交流群2 Redis技术交流群
2019-08-10 20:30:41,260  正在监测的群聊：3 个
2019-08-10 20:30:41,262  Redis技术交流群3 Redis技术交流群2 Redis技术交流群
