2019-05-14 12:41:06,474  夏德军@阿里云 说: 
[强]
2019-05-14 12:42:01,283  夏德军@阿里云 说: 
这个好，现在确实挺缺案例的，不像其他数据结构，一搜一大把@鹏程@CMBC
2019-05-14 12:43:42,766  夏德军@阿里云 说: 
不过这个文章虽然给出了实际的操作步骤，但是场景还是假设的，期待有生产环境的使用场景
2019-05-14 12:44:31,078  鹏程@CMBC 说: 
RedisLab已经做了一些和其他生态的连接，估计不远了
2019-05-14 14:53:19,480  赵梅@上海七牛云 说: 
redis的slave可以作为别的节点的master的，比如A master，B slave of A, C slave of B,C可以同步到A的数据，但是如果B挂掉了，C感知不到A的存在。假如需要C感知到A，并且主动slave of A,B 节点恢复后可以slave of C,有这种解决方案嘛？
2019-05-14 15:14:29,985  东风无眠@华泰证券 说: 
问个问题，在slave上type某些key会提示需要去master上执行。但某些key在slave上执行也是可以的
2019-05-14 17:12:54,793  Rui Gu@Redisson 说: 
@夏德军@阿里云 ebay的一个哥们跟我说的，他们用redisson+spark在做类似的
2019-05-14 17:24:11,661  夏德军@阿里云 说: 
[强]，你聊聊，给我们来篇雄文，顺便也可以pr下redisson😄
2019-05-14 17:25:06,849  Rui Gu@Redisson 说: 
现在在开会[捂脸]
2019-05-14 17:25:58,704  zer4tul@百度 说: 
[强]
2019-05-14 17:31:26,888  JL@知识圈 说: 
求一试 redisson pro
2019-05-14 18:40:06,863  严国华@完美世界 说: 
谁有redis方面的原理及技术实现的材料，多谢！
2019-05-14 18:40:07,495  严国华@完美世界 说: 
[微笑]
2019-05-14 18:40:46,492  chenssy@平安 说: 
redis开发与实践 这本书
2019-05-14 18:45:16,166  怒力@高晟京 说: 
redis开发与实践 这本书
2019-05-14 18:45:29,015  怒力@高晟京 说: 
这本书，看5遍都看不完
2019-05-14 18:48:05,851  HQ@TAL 说: 
居然么有听过这本书[流汗]
2019-05-14 18:48:13,385  HQ@TAL 说: 
redis 开发与运维挺不错
2019-05-14 18:48:49,697  付磊 说: 
😂
2019-05-14 18:51:17,375  Akkadian@神器 说: 
应该是这本吧，redis设计与实现
2019-05-14 18:52:01,665  Akkadian@神器 说: 
黄健宏 这本书都印刷了16版次
2019-05-14 18:52:27,501  chenssy@平安 说: 
其实我觉得如果对redis源码没兴趣 真的可以不看那本书
2019-05-14 18:52:46,404  chenssy@平安 说: 
redis开发与运维更加有用 偏向实战些
2019-05-14 18:54:20,555  Akkadian@神器 说: 
当然面向需求编程，直接用付磊的这本书足以~~~
2019-05-14 19:29:15,423  钱生@平安 说: 
redis_exporter + prometheus 做redis集群监控会掉坑不? 
2019-05-14 19:33:58,608  张晋涛@网易 说: 
挺好的 没什么大坑
2019-05-14 19:36:36,787  钱生@平安 说: 
需要redis服务运行日志辅助监控不，如aof重写失败这种也能覆盖到吗
2019-05-14 19:41:35,214  张晋涛@网易 说: 
常用的 redis exporter 主要是去info信息
2019-05-14 19:45:48,413  钱生@平安 说: 
嗯嗯，谢谢大佬[握手]
2019-05-14 20:04:30,739  钱生@平安 说: 
oliver006 的 redis_exporter确实是info里面取出来的

