2019-08-20 11:44:54,966  鹏程@CMBC 分享链接:
 #每日分享 「链接」 Deploying Redis on Alibaba Cloud Container Server ...
https://t.zsxq.com/nuF6IEI
2019-08-20 11:45:04,384  鹏程@CMBC 分享链接:
 #每日分享 「链接」 Deploying Redis on Alibaba Cloud Container Server ...
https://t.zsxq.com/nuF6IEI
2019-08-20 15:48:37,421  立龙@盒子科技 说: 
有个问题想请教下大家
就是在k8s环境下，如何只暴露 master 节点的内网域名出来，即使是发生主从切换了，内网域名依旧是指向新的 master 节点？
2019-08-20 15:48:37,759  立龙@盒子科技 说: 
有个问题想请教下大家
就是在k8s环境下，如何只暴露 master 节点的内网域名出来，即使是发生主从切换了，内网域名依旧是指向新的 master 节点？
2019-08-20 15:48:44,138  立龙@盒子科技 说: 
helm 官方的 redis-ha  chart，svc是同时指向 master 和 replica 的，不晓得大家是怎么解决的
2019-08-20 15:48:45,291  立龙@盒子科技 说: 
helm 官方的 redis-ha  chart，svc是同时指向 master 和 replica 的，不晓得大家是怎么解决的
2019-08-20 15:55:48,706  stuart@improbable 说: 
套一个nginx？
2019-08-20 15:55:49,041  stuart@improbable 说: 
套一个nginx？
2019-08-20 15:57:20,331  立龙@盒子科技 说: 
helm 官方的 issue 倒是有人提了 PR，套一个 haproxy，没通过官方的测试
2019-08-20 15:57:20,626  立龙@盒子科技 说: 
helm 官方的 issue 倒是有人提了 PR，套一个 haproxy，没通过官方的测试
2019-08-20 15:57:40,140  立龙@盒子科技 说: 
套 nginx，有实践过不呀？
2019-08-20 15:57:40,453  立龙@盒子科技 说: 
套 nginx，有实践过不呀？
2019-08-20 15:59:38,799  张晋涛@网易有道 说: 
你直接 svc 指向 master label   应该符合你需求吧 如果我没理解错你的意思
2019-08-20 15:59:39,655  张晋涛@网易有道 说: 
你直接 svc 指向 master label   应该符合你需求吧 如果我没理解错你的意思
2019-08-20 16:03:42,395  立龙@盒子科技 说: 
主从切换之后，master就变成 从了
2019-08-20 16:03:43,299  立龙@盒子科技 说: 
主从切换之后，master就变成 从了
2019-08-20 16:04:22,397  立龙@盒子科技 说: 
svc 要能够路由到新的 master 就可以
2019-08-20 16:04:22,725  立龙@盒子科技 说: 
svc 要能够路由到新的 master 就可以
2019-08-20 16:05:49,911  立龙@盒子科技 说: 
就是这个 svc 的动态控制比较麻烦，所以抛出来问题 看看大家咋解决的
2019-08-20 16:05:50,733  立龙@盒子科技 说: 
就是这个 svc 的动态控制比较麻烦，所以抛出来问题 看看大家咋解决的
2019-08-20 16:08:30,328  stuart@improbable 说: 
用external dns来切ip？
2019-08-20 16:08:32,075  stuart@improbable 说: 
用external dns来切ip？
2019-08-20 16:14:52,512  立龙@盒子科技 说: 
倒是可以试试，有实践过不呀？@stuart@improbable 
2019-08-20 16:14:52,829  立龙@盒子科技 说: 
倒是可以试试，有实践过不呀？@stuart@improbable 
2019-08-20 16:15:31,456  立龙@盒子科技 说: 
用external dns 切 ip 的实践，不管是不是 Redis
2019-08-20 16:15:31,753  立龙@盒子科技 说: 
用external dns 切 ip 的实践，不管是不是 Redis
2019-08-20 16:27:06,328  木木@简寻 说: 
dns切，会有延迟吧？
主从切换了，可能dns并不能立马切换过来？
2019-08-20 16:27:06,652  木木@简寻 说: 
dns切，会有延迟吧？
主从切换了，可能dns并不能立马切换过来？
2019-08-20 16:27:30,885  周俊良@上海 说: 
延迟很大
2019-08-20 16:27:31,215  周俊良@上海 说: 
延迟很大
2019-08-20 16:27:44,475  立龙@盒子科技 说: 
一定延迟倒是可以接受，主从切换也需要时间
2019-08-20 16:27:44,781  立龙@盒子科技 说: 
一定延迟倒是可以接受，主从切换也需要时间
2019-08-20 16:28:36,748  立龙@盒子科技 说: 
dns 切换，延迟很大吗？ 有具体的参考值不呢？
2019-08-20 16:28:37,077  立龙@盒子科技 说: 
dns 切换，延迟很大吗？ 有具体的参考值不呢？
2019-08-20 16:36:49,663  张晋涛@网易有道 说: 
hhh  最起码有个 ttl 
2019-08-20 16:36:50,915  张晋涛@网易有道 说: 
hhh  最起码有个 ttl 
2019-08-20 16:38:14,504  fancyrabbit @脉脉 说: 
ttl设个1
2019-08-20 16:38:14,840  fancyrabbit @脉脉 说: 
ttl设个1
