2019-07-18 00:33:27,998  鹏程@CMBC 分享链接:
 #每日分享 「链接」 GitHub - XimalayaCloud/xcache: 喜马拉雅xcache缓存系统
https://t.zsxq.com/627mqvf
2019-07-18 08:22:14,365  白馨@陌陌 说: 
有携程xpipe的人在吗？请教一个问题：
2019-07-18 08:22:34,583  白馨@陌陌 说: 
请问这个keysapce notification是什么意思呢
2019-07-18 08:24:10,673  鹏程@CMBC 说: 
https://redis.io/topics/notifications
2019-07-18 08:24:11,872  鹏程@CMBC 说: 
this?
2019-07-18 08:26:20,251  白馨@陌陌 说: 
嗯嗯  我看看[强]
2019-07-18 08:50:33,403  黄威@国美 说: 
@白馨@陌陌 其实就是数据库发生变化的时候，启动一个通知的作用
2019-07-18 08:51:16,750  白馨@陌陌 说: 
[强]好的 谢谢
2019-07-18 08:52:42,603  黄威@国美 说: 
你看redisComand列表里，基本上带w标识的，都会触发keyspaceEvent
2019-07-18 08:57:57,799  黄威@国美 说: 
我们可以通过监听__keyspace@databaseId__，来获得修改数据库的事件
2019-07-18 09:02:10,302  白馨@陌陌 说: 
好的 谢谢
2019-07-18 09:39:34,546  Rui Gu@Redisson 说: 
@白馨@陌陌 为什么用这种三角关系测试延时呢？
2019-07-18 09:42:40,397  eagle@无业 说: 
redission和jedis有啥区别？
2019-07-18 09:43:04,973  Rui Gu@Redisson 说: 
@白馨@陌陌 我想问的是这种方式跟使用wait命令测量的优劣在哪？
2019-07-18 09:45:14,143  Rui Gu@Redisson 说: 
eagle@无业
2019-07-18 09:46:14,108  王江华@好未来 说: 
[强]
2019-07-18 09:46:14,396  Rui Gu@Redisson 说: 
eagle@无业 jedis仅仅提供了下面这一半的功能
2019-07-18 09:46:15,168  王新春 说: 
这里面还有MR，嘿嘿
2019-07-18 09:46:31,700  Rui Gu@Redisson 说: 
[偷笑]
2019-07-18 10:06:37,956  梁汝健@酷狗视频 说: 
Redisson的集群模式要收费的吧。
2019-07-18 10:07:28,074  Rui Gu@Redisson 说: 
梁汝健@酷狗视频 不是
2019-07-18 10:27:35,371  梁汝健@酷狗视频 说: 
@Rui Gu 大佬，您是Redisson的代码贡献者吗？能否加个微信私聊一下，我打算引入Redisson
2019-07-18 10:29:07,058  Rui Gu@Redisson 说: 
梁汝健@酷狗视频 好啊，我的微信号是jackygurui
2019-07-18 10:33:50,246  梁汝健@酷狗视频 说: 
好的
2019-07-18 10:52:15,794  刹那@中科软 说: 
[强]Redisson 非常好用
2019-07-18 10:52:39,517  Rui Gu@Redisson 说: 
刹那@中科软 感谢你的支持
