2019-05-18 01:06:11,771  (o^^o)@中体彩 说: 
@晓晨@头条 3个master，强制性停一台，应该是可以投票的
2019-05-18 01:07:47,983  (o^^o)@中体彩 说: 
@机器人小胖 3个master，集群直接就down了
2019-05-18 05:15:11,696  黄靖凯@华为云 说: 
欢迎交流
2019-05-18 05:15:12,019  黄靖凯@华为云 分享链接:
 华为云发布：全球首个自研ARM架构分布式缓存Redis
http://mp.weixin.qq.com/s?__biz=MzI1Mzc1MzMyOQ==&amp;mid=2247497500&amp;idx=1&amp;sn=9ec376356cca2bf8cacec41cadc26c9a&amp;chksm=e9cd1582deba9c9402a5e2ba4478a675e16ea7d0256618491d84af14eabbe17c7c7e3fd25c10&amp;mpshare=1&amp;scene=1&amp;srcid=#rd
2019-05-18 05:24:33,325  余汶龙@滴滴 说: 
厉害 中华有为
2019-05-18 05:24:35,636  张晋涛@网易 说: 
刚好看到这个
2019-05-18 05:25:29,256  张晋涛@网易 说: 
看起来不错
2019-05-18 05:26:57,008  张皓_小作坊棋牌 说: 
不开源咋个交流 就一个野帖子 随便糊弄几句 咋个聊 
2019-05-18 05:27:12,543  余汶龙@滴滴 说: 
这玩意咋给你开源啊
2019-05-18 05:27:44,959  张皓_小作坊棋牌 说: 
可以开源部分啊
2019-05-18 05:28:50,813  余汶龙@滴滴 说: 
libOS? 方舟编译器？不现实啊
2019-05-18 05:32:24,936  张皓_小作坊棋牌 说: 
我的意思 他开源bench 细节方法 为什么更快 快在哪里 至少有个说法吧  然后是不是全部自研  集群怎么处理的 具体参考什么网站细节 我都知道的 他们负责人怎么可能会不知道 但是他又不愿意公开出来 但是又要让大家知道 还聊。 搞不懂 
2019-05-18 05:32:26,378  余汶龙@滴滴 说: 
成本降低主要在哪几方面 @黄靖凯@华为云
2019-05-18 05:36:09,601  Daniel@DiDi 说: 
最近华为密集黑科技PR文，什么方舟编译器，什么AI Native数据库……吹牛可能性比较大
2019-05-18 05:45:43,969  邓伟@jit 说: 
这时候吹牛有啥用，都打到家门口了
2019-05-18 05:51:02,771  北极冷啊BG5FLH@yanji 说: 
战术的一种
2019-05-18 05:51:41,488  刘宝珍 说: 
骗的自己都信了。
2019-05-18 07:21:11,158  匪兵丙@云端漫行 说: 
AI那个数据库是Pg库的核
2019-05-18 07:21:47,110  匪兵丙@云端漫行 说: 
国内大多自研db核多是附
2019-05-18 07:22:34,524  匪兵丙@云端漫行 说: 
多是Pg
2019-05-18 07:24:56,552  邱神医@汽车 说: 
[捂脸]，姜大师不是说pg没人用吗[捂脸]
2019-05-18 07:53:12,852  匪兵丙@云端漫行 说: 
大师很多好吧
2019-05-18 07:58:38,644  Rui Gu@Redisson 说: 
pg挺好用的，我们用了十来年了，几百个实例。没有遇到由于pg自身的问题造成数据丢失，服务不能用。硬盘坏掉，或被塞满了的情况倒是发送过。
2019-05-18 08:01:44,862  匪兵丙@云端漫行 说: 
pg开发的gp我们用得多，装上madlib, 部分机器学习的事直接在数据库中干了
2019-05-18 08:04:59,381  匪兵丙@云端漫行 说: 
我整过pg上的redis_fdw, 直接在pg中操作redis，还是很好玩的
2019-05-18 08:05:58,624  lmongo@汽车 说: 
嗯
2019-05-18 08:06:29,814  lmongo@汽车 说: 
用mysql很多人还弄一个cacheupdate组件
2019-05-18 08:06:55,851  lmongo@汽车 说: 
pg直接用fdw直接操作redis
2019-05-18 08:08:11,347  lmongo@汽车 说: 
少了多少组件，可以说省不少服务器
2019-05-18 15:24:29,065  黄桃@滴滴出行 说: 
@余汶龙@滴滴 文章说的这三项黑科技  ✔  一是创新的LibOS技术，将Redis的软件栈由10层压缩到4层，实现了超低延时；
✔  二是搭载了华为编译器，针对公有云业务场景特征，通过智能动态编译优化，提升热点代码性能15+%；
✔  三是使用了业界领先的iSula自研安全容器引擎技术，以更少的系统资源占用实现秒级实例分发与迁移。
2019-05-18 23:57:22,782  鹏程@CMBC 分享链接:
 #每日分享 「链接」 Levvel Blog - Redis Client for Scala and Priority ...
https://t.zsxq.com/6q3JeAa
