2019-07-10 09:43:01,208  陈雷@滴滴 说: 
这个封皮咋样
2019-07-10 09:43:12,296  鹏程@CMBC 说: 
期待！
2019-07-10 09:43:12,696  张冬洪@CRUG 说: 
[强]
2019-07-10 09:43:13,112  小易@易到 说: 
牛皮
2019-07-10 09:43:13,512  强昌金@极数云舟 说: 
棒
2019-07-10 09:43:13,916  Glenn@美团点评 说: 
[强]
2019-07-10 09:43:14,308  邓伟@jit 说: 
「唐唐@烽火：请教一个问题。
Redis get查询出现了大量的slowlog，设置大于5000微秒

确认
1.集群未开持久化
2.未开主从同步
3.查询过程未删除数据或增加数据，未进行rehash

还有什么情况会导致get命令处理耗时变高？」
- - - - - - - - - - - - - - -
排查出问题了吗？
2019-07-10 09:43:14,694  李文@长兴 说: 
[强]
2019-07-10 09:52:02,374  张晋涛@网易 说: 
[强] 期待！ 
2019-07-10 09:53:53,551  tiger@欢乐逛 说: 
[强]
2019-07-10 09:54:39,687  王江华@好未来 说: 
[强]期待！
2019-07-10 09:55:38,369  秦亚男@lagou 说: 
[强]期待！
2019-07-10 09:56:08,011  andy@BBD 说: 
期待
2019-07-10 09:57:16,555  鹏程@CMBC 说: 
剧透下，不夸张的说，个人觉得如果你喜欢前几年黄健宏写的那本Redis设计与实现，那这本书你会彻底爱上。
2019-07-10 09:58:17,096  周阳@国美 说: 
那这个真的来一本
2019-07-10 09:59:07,382  波罗@中国PG分会 说: 
[强]
2019-07-10 09:59:07,692  张晋涛@网易 说: 
是不是近期就能上市了
2019-07-10 09:59:13,687  陈宝仪@Redis-replicator 说: 
[强]
2019-07-10 10:06:02,486  wettper@微博 说: 
[强]期待！
2019-07-10 10:15:48,849  焦清波@fh 说: 
搞个团购，有优惠吗
2019-07-10 10:16:59,497  吴建超@youku 说: 
@陈雷@滴滴 [强]
2019-07-10 10:18:02,483  邓伟@jit 说: 
买个皮
2019-07-10 10:18:28,362  goddie@汇量科技 说: 
[强]
2019-07-10 10:28:50,423  singgel@雪球 说: 
[强]
2019-07-10 11:11:15,542  唐唐@烽火 说: 
@邓伟@jit 还没呢，今天还没来的及看呢。
