2019-08-21 06:58:34,158  鹏程@CMBC 分享链接:
 #每日分享 「链接」 大搜车异步任务队列中间件的建设实践
https://t.zsxq.com/FyfM7Eu
2019-08-21 06:58:44,416  鹏程@CMBC 分享链接:
 #每日分享 「链接」 大搜车异步任务队列中间件的建设实践
https://t.zsxq.com/FyfM7Eu
2019-08-21 12:05:13,443  JL@知识圈 说: 
用RedisShake的时候 同步延时好几天
2019-08-21 12:05:14,340  JL@知识圈 说: 
用RedisShake的时候 同步延时好几天
2019-08-21 12:05:21,926  JL@知识圈 说: 
走外网的   腾讯云到阿里云
2019-08-21 12:05:22,231  JL@知识圈 说: 
走外网的   腾讯云到阿里云
2019-08-21 12:05:36,604  JL@知识圈 说: 
有什么好解法吗
2019-08-21 12:05:36,911  JL@知识圈 说: 
有什么好解法吗
2019-08-21 12:10:32,445  刘洋@PolarisTech.io 说: 
最好的方法就是拉专线
2019-08-21 12:10:33,524  刘洋@PolarisTech.io 说: 
最好的方法就是拉专线
2019-08-21 12:12:12,775  刘洋@PolarisTech.io 说: 
找个第三方的机房，比如世纪互联之类的，可以帮忙打通
2019-08-21 12:12:13,097  刘洋@PolarisTech.io 说: 
找个第三方的机房，比如世纪互联之类的，可以帮忙打通
2019-08-21 12:14:18,852  烛昭@阿里云 说: 
同步延时好几天具体指的是哪方面？是指通道层面的延迟？
2019-08-21 12:14:19,182  烛昭@阿里云 说: 
同步延时好几天具体指的是哪方面？是指通道层面的延迟？
2019-08-21 12:58:44,743  JL@知识圈 说: 
我也不确定~ 我就是在master加一个key  在slave要几天才看到
2019-08-21 12:58:45,080  JL@知识圈 说: 
我也不确定~ 我就是在master加一个key  在slave要几天才看到
2019-08-21 12:59:00,941  JL@知识圈 说: 
也有可能同步太慢~
2019-08-21 12:59:01,223  JL@知识圈 说: 
也有可能同步太慢~
2019-08-21 12:59:25,836  JL@知识圈 说: 
我想问当redis shake出错的时候会重启~ 重启是会重新同步所有key吗
2019-08-21 12:59:26,669  JL@知识圈 说: 
我想问当redis shake出错的时候会重启~ 重启是会重新同步所有key吗
2019-08-21 13:00:57,529  张晋涛@网易 说: 
几天？ 你超时设置了很久吗？ 
2019-08-21 13:00:58,922  张晋涛@网易 说: 
几天？ 你超时设置了很久吗？ 
2019-08-21 13:01:11,518  张晋涛@网易 说: 
重启就重新同步了
2019-08-21 13:01:11,806  张晋涛@网易 说: 
重启就重新同步了
2019-08-21 13:02:10,410  张晋涛@网易有道 说: 
估计你应该先查查问题 是不是你本来就没同步成功过……
2019-08-21 13:02:10,712  张晋涛@网易有道 说: 
估计你应该先查查问题 是不是你本来就没同步成功过……
2019-08-21 13:10:22,328  JL@知识圈 说: 
@张晋涛@网易 这个跟超时设置有关系吗?  可以重启不重新同步吗?
2019-08-21 13:10:22,637  JL@知识圈 说: 
@张晋涛@网易 这个跟超时设置有关系吗?  可以重启不重新同步吗?
2019-08-21 13:10:29,031  JL@知识圈 说: 
「 机器人小胖: 张晋涛@网易有道 说: 
估计你应该先查查问题 是不是你本来就没同步成功过…… 」
- - - - - - - - - - - - - - -
我先确认下
2019-08-21 13:10:29,323  JL@知识圈 说: 
「 机器人小胖: 张晋涛@网易有道 说: 
估计你应该先查查问题 是不是你本来就没同步成功过…… 」
- - - - - - - - - - - - - - -
我先确认下
2019-08-21 13:11:30,461  JL@知识圈 说: 
失败是因为   connection reset by peer
2019-08-21 13:11:31,275  JL@知识圈 说: 
失败是因为   connection reset by peer
2019-08-21 13:11:56,658  JL@知识圈 说: 
这样闪断一下就重新来过真的有点心塞
2019-08-21 13:11:56,941  JL@知识圈 说: 
这样闪断一下就重新来过真的有点心塞
2019-08-21 13:12:07,011  烛昭@阿里云 说: 
要是重启了会重新从头同步
2019-08-21 13:12:07,303  烛昭@阿里云 说: 
要是重启了会重新从头同步
2019-08-21 13:12:12,276  烛昭@阿里云 说: 
看看log吧
2019-08-21 13:12:13,291  烛昭@阿里云 说: 
看看log吧
2019-08-21 17:46:36,778  鹏程@CMBC 分享链接:
 #每日分享 「链接」 redis实践及思考
https://t.zsxq.com/NjE6qbi
2019-08-21 17:46:37,814  鹏程@CMBC 分享链接:
 #每日分享 「链接」 redis实践及思考
https://t.zsxq.com/NjE6qbi
2019-08-21 18:31:32,804  Jacob 说: 
大家好，我现在在国美做redis这块，有幸认识各位大牛，以后请多多关照！[呲牙][呲牙]
2019-08-21 18:31:35,922  Jacob 说: 
大家好，我现在在国美做redis这块，有幸认识各位大牛，以后请多多关照！[呲牙][呲牙]
2019-08-21 18:33:55,884  黄威@国美 说: 
🎉🎉🎉
2019-08-21 18:33:56,165  黄威@国美 说: 
🎉🎉🎉
2019-08-21 20:53:49,024  Glenn@美团点评 说: 
@付磊@快手 [捂脸]
2019-08-21 20:53:49,340  Glenn@美团点评 说: 
@付磊@快手 [捂脸]
2019-08-21 20:56:18,577  付磊@快手 说: 
咋了
2019-08-21 20:56:19,835  付磊@快手 说: 
咋了
2019-08-21 20:56:32,405  付磊@快手 说: 
@Glenn@美团点评 换个饮料
2019-08-21 20:56:32,701  付磊@快手 说: 
@Glenn@美团点评 换个饮料
2019-08-21 20:57:04,500  Glenn@美团点评 说: 
大佬还是招式多
2019-08-21 20:57:04,797  Glenn@美团点评 说: 
大佬还是招式多
2019-08-21 20:57:13,595  杨艳杰@360@pika 说: 
大佬果然招式多
2019-08-21 20:57:13,892  杨艳杰@360@pika 说: 
大佬果然招式多
2019-08-21 21:07:28,723  鹏程@CMBC 说: 
欢迎欢迎~
2019-08-21 21:07:29,527  鹏程@CMBC 说: 
欢迎欢迎~
2019-08-21 21:22:54,223  roc@东方网络 说: 
厉害了
2019-08-21 21:22:55,317  roc@东方网络 说: 
厉害了
