2019-08-06 11:29:40,567  鹏程@CMBC 分享链接:
 #每日分享 「链接」 正式支持多线程！Redis 6.0与老版性能对比评测
https://t.zsxq.com/uFiMfyN
2019-08-06 11:32:05,378  陈宝仪@Redis-replicator 说: 
[捂脸]6.0马上要发布了吗？看来群里redis生态的开发者又有的忙了，特别是客户端，要兼容resp3协议，工作量更大
2019-08-06 11:32:30,311  黄威@国美 说: 
热缩片
2019-08-06 11:33:05,355  鹏程@CMBC 说: 
@陈宝仪@Redis-replicator 目测你会很忙活
2019-08-06 11:33:16,381  王江华@好未来 说: 
[强][强][强]
2019-08-06 11:33:22,847  王江华@好未来 说: 
要紧跟大佬的脚步
2019-08-06 11:33:32,285  云@趣头条 说: 
👍
2019-08-06 11:33:56,447  陈宝仪@Redis-replicator 说: 
嗯，@Rui Gu@Redisson 你也轻松不了[捂脸]
2019-08-06 11:34:20,573  张晋涛@网易 说: 
加油
2019-08-06 11:34:23,631  张晋涛@网易 说: 
哈哈哈 
2019-08-06 11:34:44,109  王江华@好未来 说: 
加油，大佬们
2019-08-06 11:34:49,122  Rui Gu@Redisson 说: 
哭也没用
2019-08-06 11:35:07,344  Yellen、@interlib 说: 
[偷笑]
2019-08-06 11:35:20,721  陈宝仪@Redis-replicator 说: 
好像同步协议那边改的不多，resp3是个大活
2019-08-06 11:36:16,066  鹏程@CMBC 说: 
写代理的哭倒在厕所
2019-08-06 11:36:28,571  Rui Gu@Redisson 说: 
第一个版本两个协议都可以用
2019-08-06 11:36:38,839  Rui Gu@Redisson 说: 
还有时间
2019-08-06 11:36:45,603  黄威@国美 说: 
是的,redis出官方版本的proxy了
2019-08-06 11:37:00,916  陈宝仪@Redis-replicator 说: 
终于有官方proxy了，作者也应该意识到不能把工作全推到客户端做[奸笑]
2019-08-06 11:37:28,441  王江华@好未来 说: 
给力 
2019-08-06 11:38:42,143  付磊@快手 说: 
大佬们，打扰下，趁着人多，又来发招聘。
2019-08-06 11:38:51,399  付磊@快手 说: 
Redis/Memcache/Elasticsearch开发运维工程师，2名

职位描述
1.负责亿万级Cache存储集群，支撑核心业务。 
2.负责Cache异地多活的设计、研发等工作。
3.深入理解业务场景的存储需求，与业务合作寻找最合适的存储方案。
4.探索运维自动化和智能化技术和方向。


任职要求
1.计算机或相关专业本科及以上学历-熟练使用C、C++、Java开发语言优先，具备良好的编程基础，对工程质量有很高的自我要求。
2.参与过大型异地多活系统的设计、研发工作优先。
3.熟悉Redis、Memcached、RocksDB、其他KV存储一种，开源社区活跃者或贡献者优先。
4.具备较强的学习能力和逻辑思维，追求极致。
5.良好的沟通、团队协作能力，强烈的责任心，进取心、优秀的执行能力。

=================================================

存储工程师，2名

1.了解并提炼业务场景，满足各个业务线现有的存储需求；
2. 数据库、KV基础组件(例如同步、多活)工具研发。
3. 分布式KV数据库的研发

任职要求：
1. 本科及以上学历，计算机、通信等相关专业
2. 熟练掌握C/C++，有扎实的计算机基础，对数据结构、算法基础有扎实掌握，对计算机体系结构、操作系统、计算机网络有深刻理解；
3. 掌握分布式系统基础理论、熟悉经典分布式存储系统架构，有丰富的大规模分布式存储平台设计开发及维护经验，有著名开源存储/nosql系统开发经验者优先考虑；
4. 有较强的学习能力，对数据存储，数据库、分布式系统感兴趣者优先
5. 熟悉业内经典分布式存储系统架构，有开源存储/nosql开发经验者优先
6. 积极乐观，责任心强，工作认真细致，具有良好的团队沟通与协作能力
2019-08-06 11:39:24,068  木木@简寻 说: 
期待官方的proxy
2019-08-06 11:40:35,227  陈宝仪@Redis-replicator 说: 
已转发
2019-08-06 11:40:43,828  Rui Gu@Redisson 说: 
官方的proxy还是主要针对大集群的要求，如果每个客户端都要跟每个集群节点去建立连接的话，大集群的连接数量会很吓人的
2019-08-06 11:42:46,337  鹏程@CMBC 说: 
为啥又没抢到红包...每次明明知道你要发。。。
2019-08-06 11:42:51,374  鹏程@CMBC 说: 
@付磊@快手
2019-08-06 11:43:08,824  酱油王@咪咕 说: 
已转发
2019-08-06 11:43:31,892  Rui Gu@Redisson 说: 
我有个感觉，切换db这个功能要下了
2019-08-06 11:43:49,485  鹏程@CMBC 说: 
这个功能真是困扰大于实际作用
2019-08-06 11:43:58,289  Rui Gu@Redisson 说: 
是啊
2019-08-06 11:44:33,536  张晋涛@网易 说: 
（还好 我现在写的版本固定在了 5.0 orz 
2019-08-06 11:44:48,103  张晋涛@网易 说: 
短时间内不想折腾了
2019-08-06 11:44:56,527  陈宝仪@Redis-replicator 说: 
切换db我们用的多些，不同模块用不同db
2019-08-06 11:45:03,152  鹏程@CMBC 说: 
写的版本是啥？
2019-08-06 11:45:05,953  鹏程@CMBC 说: 
@张晋涛@网易
2019-08-06 11:45:46,262  张晋涛@网易 说: 
低配版的跨机房同步中间件  哈哈哈哈
2019-08-06 11:46:46,881  Rui Gu@Redisson 说: 
第三代协议下，连接的无状态性就更强了，不知道作者打算怎样去过度这个功能
2019-08-06 11:47:19,656  张皓_小作坊棋牌 说: 
@付磊@快手 
2019-08-06 11:47:33,298  Rui Gu@Redisson 说: 
下次见到他再跟他好好聊一下
2019-08-06 11:47:49,243  张皓_小作坊棋牌 说: 
redis proxy 对接cluster 还是 codis那种。
2019-08-06 11:48:08,046  张皓_小作坊棋牌 说: 
o@Rui Gu@Redisson 
2019-08-06 11:48:24,298  陈宝仪@Redis-replicator 说: 
幸好兼容resp2，不兼容就是灾难了
2019-08-06 11:48:59,982  付磊@快手 说: 
「 鹏程@CMBC: 为啥又没抢到红包...每次明明知道你要发。。。 」
- - - - - - - - - - - - - - -
屏蔽你
2019-08-06 11:49:12,293  Rui Gu@Redisson 说: 
是集群的那种
2019-08-06 11:49:17,592  Rui Gu@Redisson 说: 
@张皓_小作坊棋牌 
2019-08-06 11:49:23,644  鹏程@CMBC 说: 
@张晋涛@网易 仔细说来听听？
2019-08-06 11:49:26,012  付磊@快手 说: 
「 张皓_小作坊棋牌: @付磊@快手  」
- - - - - - - - - - - - - - -
？
2019-08-06 11:50:12,651  陈宝仪@Redis-replicator 说: 
发现我严重匹配第一个JD, [捂脸]
2019-08-06 11:51:38,686  张皓_小作坊棋牌 说: 
比如dbsize 也会支持吧？
2019-08-06 11:51:44,730  张皓_小作坊棋牌 说: 
求整个集群。
2019-08-06 11:51:47,112  张晋涛@网易 说: 
也就是自己实现了下 redis 的基础功能  以此来屏蔽掉原生 redis 发生全同步在跨机房时候的影响 
2019-08-06 11:52:55,908  陈宝仪@Redis-replicator 说: 
开源出来参考下， 也想写个工具来做在线跨机房集群同步。
2019-08-06 11:52:58,529  张皓_小作坊棋牌 说: 
他这个proxy 会不会服务发现。比如add node 后。proxy 链接新的ip。 更新cluster nodes 
2019-08-06 11:53:56,762  陈宝仪@Redis-replicator 说: 
但是感觉做出来要写一堆丑的不要不要的代码。[捂脸]
2019-08-06 11:54:09,776  张晋涛@网易 说: 
暂时还开源不了  还在拿业务测 哈哈哈 （现在并发才 3w 多orz 还有很长一段路得走
2019-08-06 12:08:39,940  鹏程@CMBC 说: 
@张晋涛@网易 屏蔽是了什么全同步影响？限速了？
2019-08-06 12:09:35,768  张晋涛@网易 说: 
数据量太大  时间和网络都受不了 
2019-08-06 12:30:35,883  佳广@温杜科技 说: 
@机器人小胖 [强]
2019-08-06 16:47:48,843  星星@游戏 说: 
还是一群活跃些
2019-08-06 16:56:50,572  鹏程@CMBC 说: 
有机器人都一样，我也省着转来转去了~
2019-08-06 17:26:57,626  星星@游戏 说: 
机智的群主
2019-08-06 20:12:06,530  宋庆波@APICloud 说: 
麻烦问一下大神们，有没有遇到过redis中比较大的key怎么清理。程序不小心写入了一个异常key，但是过长，使用del删除不了
2019-08-06 20:15:53,204  啃冰@腾讯 说: 
这个是业务代码吗😂
2019-08-06 20:22:40,806  JL@知识圈 说: 
哈哈哈哈哈~ 我服
2019-08-06 20:23:46,047  杨耀@必要科技 说: 
居然还有这种情况。。。可以把这个key set成一个短的值，再del吗
2019-08-06 20:24:51,024  啃冰@腾讯 说: 
他的问题是 keyname 含有特殊字符
2019-08-06 20:25:01,939  鹏程@CMBC 说: 
删除报什么错？
2019-08-06 20:25:24,555  鹏程@CMBC 说: 
也对...这个key不好设定...
2019-08-06 20:25:58,595  JL@知识圈 说: 
真的惆怅
2019-08-06 20:26:05,260  JL@知识圈 说: 
可以写代码来处理吧
2019-08-06 20:26:21,778  酱油王@咪咕 说: 
代码处理更容易吧
2019-08-06 20:27:25,263  鹏程@CMBC 说: 
通配符scan出来del吧
2019-08-06 20:27:36,667  鹏程@CMBC 说: 
redis-cli --scan --pattern users:* | xargs redis-cli del 
2019-08-06 20:27:43,555  鹏程@CMBC 说: 
或者unlink，4.x以后
2019-08-06 20:31:15,272  鹏程@CMBC 说: 
小心别误删其他的了，选择好通配符的关键字...
2019-08-06 20:33:02,025  Rui Gu@Redisson 说: 
redisson+jshell也很方便[愉快]
2019-08-06 20:33:31,195  Glenn@美团点评 分享链接:
 软硬结合：快手推荐系统国内率先基于持久内存应用异构存储
https://36kr.com/p/5232799.html
2019-08-06 20:33:52,451  Glenn@美团点评 说: 
@付磊@快手  大佬
2019-08-06 20:36:42,574  宋庆波@APICloud 说: 
版本还是2.x的，我也很惆怅，开发怎么会吧页面代码给带过来了[可怜]
2019-08-06 20:37:49,804  宋庆波@APICloud 说: 
直接del 不报错，显示执行成功的为0。我试试scan的方式
2019-08-06 20:44:07,265  邓伟@jit 说: 
这不是很常见的吗
2019-08-06 20:47:29,735  Glenn@美团点评 说: 
你们做了？
2019-08-06 20:48:44,888  付磊@快手 说: 
「 Glenn@美团点评: @付磊@快手  大佬 」
- - - - - - - - - - - - - - -
AEP
2019-08-06 20:48:55,696  付磊@快手 说: 
你们也应该用了吧 @Glenn@美团点评
2019-08-06 20:49:08,333  Glenn@美团点评 说: 
没有 了解了一下
2019-08-06 20:59:50,885  邓伟@jit 说: 
最好的解决方案是让一堆性能各异的设备，各自发挥他们的优势，cpu 存储呀千差万别
2019-08-06 21:20:21,739  Glenn@美团点评 说: 
等于没说[捂脸]
2019-08-06 21:27:21,886  邓伟@jit 说: 
美团做到了？
