2019-05-26 07:34:15,466  鹏程@CMBC 说: 
欢迎新来的朋友~方便做个简单自我介绍，再把群名片改下名字@公司~然后看下群公告，谢谢！ @stuart
2019-05-26 07:35:40,878  鹏程@CMBC 分享链接:
 Python高性能编程
https://www.douban.com/doubanapp/dispatch/book/27064848?dt_platform=wechat_friends&amp;dt_dapp=1
2019-05-26 07:36:58,256  鹏程@CMBC 分享链接:
 分布式对象存储
https://www.douban.com/doubanapp/dispatch/book/30252598?dt_platform=wechat_friends&amp;dt_dapp=1
2019-05-26 07:37:22,219  鹏程@CMBC 说: 
@stuart@improbable 胡总是这几本的作者
2019-05-26 07:37:45,219  stuart@improbable 说: 
大家好，一起交流共同进步
2019-05-26 07:38:01,585  周淼@育儿网 说: 
欢迎大佬
2019-05-26 07:39:09,768  王江华@好未来 说: 
欢迎大佬
2019-05-26 08:41:09,227  魏海涛@新华社 说: 
欢迎大佬
2019-05-26 14:19:56,823  Glenn@美团点评 说: 
欢迎大佬
2019-05-26 14:22:07,727  小智@高顿 说: 
欢迎大佬
2019-05-26 14:25:06,521  Slogen@didi 说: 
欢迎大大佬
2019-05-26 23:54:11,232  鹏程@CMBC 分享链接:
 #每日分享 「链接」 GitHub - oliver006/redis_exporter: Prometheus Expo...
https://t.zsxq.com/NvrrJIy
