2019-05-08 06:29:38,381  鹏程@CMBC 分享链接:
 #每日分享 「链接」 php + redis + lua 实现一个简单的发号器（1）-- 原理篇 - insiting - SegmentFault 思否
https://t.zsxq.com/yRjIiaI
2019-05-08 18:05:58,688  东风无眠@华泰证券 说: 
ipv6谁用过，也有跟我一样困扰的https://stackoverflow.com/questions/51245452/how-to-run-redis-server-with-ipv6-interface
2019-05-08 18:13:47,254  邓伟@jit 说: 
系统的ipv6 打开了吗？
2019-05-08 18:25:09,852  东风无眠@华泰证券 说: 
打开了
2019-05-08 18:25:19,240  东风无眠@华泰证券 说: 
ping6命令是可以的
2019-05-08 18:26:15,941  邓伟@jit 说: 
  sysctl -a | grep ipv6 | grep disable
2019-05-08 18:26:28,170  邓伟@jit 说: 
是0吗？
2019-05-08 18:45:04,578  芋芸苌英 说: 
大家好，请问大家有解决redis配置文件中密码明文问题的思路么？出于安全考虑公司不允许配置文件中出现明文密码……
2019-05-08 18:52:05,331  Alex@掌趣互动 说: 
如果redis是通过业务系统连接的，可以配置一个加密的密码，然后在业务系统里再解密出来去连接redis。
2019-05-08 18:52:52,294  乡关何处 说: 
群里有没有对redis数据同步到rds熟悉的
2019-05-08 18:52:54,695  乡关何处 说: 
请教个问题
2019-05-08 19:04:13,430  曾健锋@hw 说: 
@Alex@掌趣互动 但是仍然无法解决配置是明文的问题吧
2019-05-08 19:05:20,632  曾健锋@hw 说: 
我理解需要开发个加解密的module插到redis里
2019-05-08 19:10:29,606  芋芸苌英 说: 
@Alex@掌趣互动 @曾健锋@hw 谢谢二位。嗯，我们目前想到的方法和曾类似，要改源码，时间来不及。
2019-05-08 19:11:12,980  芋芸苌英 说: 
所以想问问大家除了改源码，有没有其他方法
2019-05-08 19:20:06,816  Alex@掌趣互动 说: 
@曾健锋@hw 如果@芋芸苌英 的意思是传递给redis的密码就不能是明文的，无论什么方式，那就只能在redis侧做对应的处理，不然与redis服务端配置的不配置，鉴权不通过的。如果只是某个业务系统的配置问题，那就可以在配置的时候就配置一个加密后的密文，在业务系统连接redis时，将其解密出来再连接。这样就解决了配置文件里是明文的问题。只要保证加密算法与密钥不泄露即可。
2019-05-08 19:20:44,900  Alex@掌趣互动 说: 
@曾健锋@hw 如果@芋芸苌英 的意思是传递给redis的密码就不能是明文的，无论什么方式，那应该只能在redis侧做对应的处理，不然与redis服务端配置的不匹配，鉴权不通过的。如果只是某个业务系统的配置问题，那就可以在配置的时候就配置一个加密后的密文，在业务系统连接redis时，将其解密出来再连接。这样就解决了配置文件里是明文的问题。只要保证加密算法与密钥不泄露即可。
2019-05-08 19:22:04,179  Alex@掌趣互动 说: 
其实就是这个解密处理是在client端还是在redis端。
2019-05-08 19:24:26,665  芋芸苌英 说: 
@Alex@掌趣互动 嗯嗯，我们是要想改redis.conf配置中的明文密码，服务端
2019-05-08 19:28:30,648  Alex@掌趣互动 说: 
@芋芸苌英 应该要修改源码吧？需要在redis读取配置到真正设置密码的中间做解密处理！
2019-05-08 19:29:38,185  邓伟@jit 说: 
如果环境安全，可以在启动脚本中解密
2019-05-08 19:29:55,468  邓伟@jit 说: 
把明文拆开，只能自己理解就可以
2019-05-08 19:39:57,476  芋芸苌英 说: 
@Alex@掌趣互动 @邓伟@jit 谢谢，我们再想想。[抱拳][抱拳]
2019-05-08 19:41:29,391  Alex@掌趣互动 说: 
没帮上忙[调皮]
2019-05-08 19:44:43,788  芋芸苌英 说: 
@Alex@掌趣互动 已经很感谢了，对以后类似问题还是有帮助的，[强]
2019-05-08 19:54:17,533  鹏程@CMBC 说: 
@芋芸苌英 启动脚本中解密后config set进去
2019-05-08 19:57:26,229  鹏程@CMBC 说: 
@芋芸苌英 对了，改下群名片
2019-05-08 20:00:00,618  曾健锋@hw 说: 
@Alex@掌趣互动 刚才第一反应是服务端问题 没考虑客户端😄
2019-05-08 20:05:37,608  芋芸苌英 说: 
@鹏程@CMBC 谢谢，已改。[呲牙][呲牙]
