2019-04-24 07:13:48,864  白馨@陌陌 说: 
不好意思，当时没看清楚，领了红包
2019-04-24 07:14:06,808  周淼@育儿网 说: 
what
2019-04-24 07:16:55,100  周淼@育儿网 说: 
看懂了，去不了了
2019-04-24 08:18:48,016  姜皓楠@aliyun 说: 
@白馨@陌陌  这，不用这么认真的好吧 [捂脸][捂脸][捂脸] 玩笑话而已，大家都挺忙，能抽空看看直播就很感谢了，没时间也是理解的
2019-04-24 08:21:01,798  白馨@陌陌 说: 
下次有别的分享一定去看[强][强][强]
2019-04-24 11:21:58,318  鹏程@CMBC 分享链接:
 #每日分享 「链接」 In-depth Analysis of Redis Cluster Gossip Protocol...
https://t.zsxq.com/biAuJMz
2019-04-24 16:18:25,879  Jason 说: 
redis有异地双活的架构不
2019-04-24 16:22:04,258  鹏程@CMBC 说: 
@Jason 亲 改下群名片
2019-04-24 17:12:47,037  HQ@TAL 说: 
redis sdiff 集合可以是对象吗？
2019-04-24 18:43:04,962  Mitol@stream 说: 
都只是string的比较才对，你说的对象是序列化后的字符串
