2019-05-09 04:05:03,803  鹏程@CMBC 分享链接:
 #每日分享 「链接」 php + redis + lua 实现一个简单的发号器（2）-- 实现篇 - insiting -...
https://t.zsxq.com/YBUrZvJ
2019-05-09 10:20:33,565  suitable@饿了么 说: 
@鹏程@CMBC 群主，这个机器人还开源了？
2019-05-09 10:20:34,099  suitable@饿了么 说: 
[呲牙]
2019-05-09 10:24:35,071  鹏程@CMBC 说: 
@suitable@饿了么 在的
2019-05-09 10:24:45,681  鹏程@CMBC 说: 
就一个文件，没几行代码
2019-05-09 10:25:08,096  suitable@饿了么 说: 
嗷嗷。功能相当实用[强]
2019-05-09 10:31:27,560  鹏程@CMBC 说: 
1. 本群欢迎交流redis的开发和运维，群主每日精选一篇redis有关的文章在群里分享。2016.7到2018.1的 所有每日分享的文章都记录在以下repo：https://github.com/tao12345666333/redis-articles 后边的分享都在群星球里。

主分群技术讨论聊天记录和图片都在https://github.com/gnuhpc/All-About-Redis/tree/master/ChatRecords，按天进行归档上传，图片按时间戳有标注，大家回溯问题可以在这里查看搜索。另外，群消息同步机器人代码也在这个目录下，syncgroupchat.py

2. 如果你感觉群里大牛多，不敢问问题，怕问题太小白，请记住如下原则：只要是自己Google过的，前两页确定都没有得到答案的，请放心在群里提问，看看有没有人参与讨论。群内禁止出现鄙视初学者，讽刺具体问题深浅的情况，不管多大牛一律踢群。

3.请新来的朋友将群名片改为名字@公司。入群不需要红包。

4. 除了redis（包括codis, pika等redis协议兼容db或proxy），本群同时欢迎讨论tidb。所有上述内容的讨论与提问均无需红包。无红包的所有非关于redis或者tidb的内容等待一小时未补红包的直接踢，红包金额多寡不限。本群宗旨是宁可冷场不做扰民。

5.如遇问题红包，请抢红包的朋友给出可以推动此问题解决的回应。定向红包抢错的必须归还原指定接收人。无回应抢红包或乱抢定向红包导致红包无法到达指定人的随机清理。纯商业广告禁入，直接清理。

6.本群定期清理长期未发言且未改群名片的同学，如有误伤请加群主微信重新入群。

7. 欢迎大家安利各种关于redis的会议、书籍、直播活动、招聘信息，无需红包。如参与上述信息中的活动会议等需产生花费，请群里同学认真鉴别，理性选择。

8.有人感兴趣阅读codis源代码的可以给这个项目pr文档和代码注释（为了项目发展请使用简单英文），有问题可以找@spinlock9@Codis （目前codis版本作者）进行讨论，大家一起把这个项目周边完善起来，也能一起成长~

9. 如果群内有人发现网络上不当传播的@搜狐视频-付磊 @黄健宏@huangz.me 的书籍和教学视频请在本群与他们取得联系，用行动支持他们，让他们有更大的动力写出更多的好作品给我们~

10. 本群线上交流活动请参看infoq公众号和运维帮公众号相关文章，2017、2018线下交流会视频和片子请见链接https://pan.baidu.com/s/13clPKqwvH42oK9gk50UT8g

在线观看YouTube: https://www.youtube.com/playlist?list=PLJHcvYmfO6RJU3DiRyv89CherUG3EHda-
2019-05-09 10:32:50,820  去哪网@魏喆 说: 
[强]
2019-05-09 10:33:06,728  李金坤@北京南凯 说: 
这是我见过管理得最好的一个群了~
2019-05-09 10:33:13,134  阿曼@QunQun 说: 
群主管理的还不错。
2019-05-09 10:33:38,615  Z鹏@JD 说: 
[强]
2019-05-09 10:33:40,968  符至渊@广州可道 说: 
[强]
2019-05-09 10:33:48,370  波罗@明天 说: 
[强]
2019-05-09 10:33:57,562  周俊良@上海 说: 
[强]
2019-05-09 10:33:59,400  显科@taiji 说: 
[强]
2019-05-09 10:34:18,200  张仕华@滴滴 说: 
[强]
2019-05-09 10:34:21,394  郝庆运@CMBC 说: 
这是我见过管理得最好的一个群了~   必须附议！
2019-05-09 10:34:28,658  RoderickYu@微爱 说: 
[强]
2019-05-09 10:34:44,579  Jeff@电信云 说: 
[强]
2019-05-09 10:34:50,645  arthur@baidu 说: 
👍
2019-05-09 10:35:05,756  tiger@欢乐逛 说: 
[强]
2019-05-09 10:35:07,502  小智@高顿 说: 
👍
2019-05-09 10:35:23,005  胡旭@美图 说: 
[强]
2019-05-09 10:35:39,229  Hark@迈吉客 说: 
[强]
2019-05-09 10:36:12,301  王江华@好未来 说: 
[强]
2019-05-09 10:36:23,552  嘿黑@知识星球 说: 
[强]
2019-05-09 10:36:56,507  leo@boyaa 说: 
[强]
2019-05-09 10:38:02,803  wjf@qmtt 说: 
[强]
2019-05-09 10:38:05,625  鹏程@CMBC 说: 
聊天记录长这样，按照时间顺序的，主分群一起的
2019-05-09 10:38:11,936  白小虎@CMBC 说: 
[强]
2019-05-09 10:38:34,512  牛红磊@美利车 说: 
[强]
2019-05-09 10:39:43,888  Louis@MEGVII 张海滨 说: 
[强]
2019-05-09 10:39:52,530  Akkadian@神器 说: 
机器人抽风了吗
2019-05-09 10:40:51,116  dylan@tx 说: 
哈哈这个工具有趣
2019-05-09 10:41:25,882  张晋涛@网易 说: 
[ThumbsUp] 实用
2019-05-09 10:41:57,729  肆月@好孕帮 说: 
[强]
2019-05-09 10:43:32,668  Truman@newegg 说: 
[强]
2019-05-09 10:54:42,408  wettper@微博 说: 
[强]
2019-05-09 11:02:36,590  胡@杭州久游 说: 
群主辛苦了
2019-05-09 11:04:07,070  zeusgooogle@布比 说: 
大龙还在活跃中...
2019-05-09 11:15:33,627  张鹏@网易 说: 
[强]
2019-05-09 11:25:02,820  never@美团 说: 
群主辛苦了，这是第一次遇到这么用心的技术群，十分感谢
2019-05-09 11:26:22,466  国清@Microsoft 说: 
[强]
2019-05-09 11:32:23,012  Yellen、@interlib 说: 
[强]
2019-05-09 11:32:25,592  王金泉@四川天翼 说: 
[EGON微信测试，请忽略] 赞赞赞
2019-05-09 11:43:24,974  闫林@华为 说: 
[强]
2019-05-09 11:43:27,263  王金泉@四川天翼 说: 
[EGON微信测试，请忽略] 我会更加努力的
2019-05-09 16:50:04,309  gukf@牛栏 说: 
有谁碰到过这个日志打印的？
2019-05-09 16:50:16,069  gukf@牛栏 说: 
3.2.8版本
2019-05-09 16:50:35,068  gukf@牛栏 说: 
没有重启过
2019-05-09 16:54:40,302  羽飞@ztesoft 说: 
从日志中的时间和进程号来看，你们有定时程序每3分钟启动一次redis服务
2019-05-09 16:55:02,252  gukf@牛栏 说: 
进程没有重启过
2019-05-09 16:55:55,119  gukf@牛栏 说: 
知道了，有一个3分钟的crontab检查redis
2019-05-09 16:56:28,752  gukf@牛栏 说: 
以前redis没密码，后来加密码以后检查不对了
2019-05-09 17:06:36,515  roc@东方网络 说: 
hello everyone 有个问题  redis命中率的统计 是看key有没有 如果key的值为空的话 算不算命中？
2019-05-09 18:46:47,080  云@趣头条 说: 
算呀
2019-05-09 20:02:57,340  邵佳琪@bilibili 说: 
没有透到db 应该算命中
2019-05-09 20:04:49,916  周小波@懒懒网 说: 
往前走
2019-05-09 20:05:35,545  周小波@懒懒网 说: 
不好意思 刚发错了[微笑]
2019-05-09 20:29:34,844  刘迪伟@中信银行 说: 
各位大佬，redisCluster增加密码后连接时间变长了，1毫秒变成160毫秒，有人碰到过吗？
2019-05-09 20:30:55,463  gukf@牛栏 说: 
感觉没有变长那么多，跟踪那块变慢了吗
2019-05-09 20:32:16,018  刘迪伟@中信银行 说: 
用的jedis，就是get操作
2019-05-09 20:34:01,364  刘迪伟@中信银行 说: 
jedisCluster 
2019-05-09 20:34:04,208  gukf@牛栏 说: 
jedis什么版本？不知道现在最新的版本支持集群的密码不
2019-05-09 20:38:46,643  刘迪伟@中信银行 说: 
支持了，版本我得确认下[捂脸]
2019-05-09 20:42:10,267  gukf@牛栏 说: 
把jedis自己编译下，加些调试信息看看哪儿耗时。
2019-05-09 20:42:37,741  gukf@牛栏 说: 
以前2.9版本上改过一个支持密码的版本，没觉得慢
2019-05-09 20:44:14,225  刘迪伟@中信银行 说: 
好的[抱拳]@gukf@牛栏 
