2019-07-30 06:36:12,599  鹏程@CMBC 分享链接:
 #每日分享 「链接」 Redis大key多key拆分方案
https://t.zsxq.com/qZnqFiu
2019-07-30 10:21:46,150  Mr_杨@便利蜂 说: 
内容被删除了
2019-07-30 11:49:29,120  张晋涛@网易 说: 
https://gist.github.com/antirez/7e2a4b7a17907a765ab40c7e2dc11d23 Redis OOS mode 
2019-07-30 11:52:53,148  麦霍键@腾讯 说: 
请问下，通过php写数据到redis，有压缩的设置吗？目前数据量比较大，想在写入前先做压缩，减少内存的消耗
2019-07-30 11:55:08,201  肖贝贝@BIGO 说: 
通用的数据压缩似乎不支持, 不过可以通过更换数据结构在某些场景下获得比较好的内存节省
2019-07-30 11:56:08,912  小明-魔都-TrustAsia 说: 
要是我，宁愿拆应用，多启几个实例算了
2019-07-30 11:57:29,565  RoderickYu@微爱 说: 
让redis做压缩是不是不太好。在业务层压缩完存进去，取的时候也是在业务层解压一下。。
2019-07-30 11:58:47,080  鹏程@CMBC 说: 
看场景了，如果latency满足而内存是大的问题，那这么优化当然也没问题
2019-07-30 12:00:28,553  鹏程@CMBC 分享链接:
 #每日分享 「链接」 Prometheus实战：关于Redis序列化及压缩对性能的影响
https://t.zsxq.com/rVnUrZj
2019-07-30 12:00:38,841  鹏程@CMBC 说: 
@麦霍键@腾讯 你看看？
2019-07-30 12:01:03,570  鹏程@CMBC 说: 
不过php就不懂了是不是有对应的序列化方法
2019-07-30 12:02:54,378  麦霍键@腾讯 说: 
就是需要在写入到redis前先做压缩，需要php的扩展支持，不知道这块有没有经验的朋友实践过
2019-07-30 12:17:09,216  麦霍键@腾讯 说: 
放内存里，latency应该是很低的，主要是减少内存的容量，因为内存贵哇
2019-07-30 12:20:17,248  麦霍键@腾讯 说: 
@鹏程@CMBC 这个文章不错，我再找找看php有这个扩展不
2019-07-30 12:22:14,319  单汉强@网易游戏 说: 
@张晋涛@网易 
https://gist.github.com/antirez/7e2a4b7a17907a765ab40c7e2dc11d23 Redis OOS mode

这个可以有啊，我们现在就是搞的主关掉持久化，只在从节点上开持久化。之前还想着能不能把这个搞成一个redis 的 feature，看来作者已经想到了
2019-07-30 12:34:16,323  鹏程@CMBC 说: 
@张晋涛@网易 群众的呼声
2019-07-30 12:52:57,708  张晋涛@网易 说: 
😄
