2019-07-09 01:03:21,852  鹏程@CMBC 分享链接:
 #每日分享 「链接」 聊聊Linux IO - 后端 - 掘金
https://t.zsxq.com/UvJUrzv
2019-07-09 09:38:52,996  钱生@平安 说: 
阿里云限制set/hset/list/zset 单个元素最大值为512 MB，推荐list的元素个数小于8192，value最大长度不超过1 MB。--- 有科学依据没
2019-07-09 09:38:55,256  jh@ctrip 说: 
https://github.com/n0b0dyCN/redis-rogue-server
2019-07-09 09:38:56,941  jh@ctrip 说: 
大家如何应对的
2019-07-09 09:39:04,763  jh@ctrip 说: 
这个redis-rogue-server
2019-07-09 12:04:52,994  邓伟@jit 说: 
「钱生@平安：阿里云限制set/hset/list/zset 单个元素最大值为512 MB，推荐list的元素个数小于8192，value最大长度不超过1 MB。--- 有科学依据没」
- - - - - - - - - - - - - - -
IO 行
2019-07-09 12:05:01,835  邓伟@jit 说: 
「钱生@平安：阿里云限制set/hset/list/zset 单个元素最大值为512 MB，推荐list的元素个数小于8192，value最大长度不超过1 MB。--- 有科学依据没」
- - - - - - - - - - - - - - -
IO Hang
2019-07-09 12:09:18,338  fancyrabbit @脉脉 说: 
resp最大512吧 否则key迁不走了
2019-07-09 14:09:55,854  钱生@平安 说: 
[强]
2019-07-09 14:19:38,336  唐唐@烽火 说: 
请教一个问题。
Redis get查询出现了大量的slowlog，设置大于5000微秒

确认
1.集群未开持久化
2.未开主从同步
3.查询过程未删除数据或增加数据，未进行rehash

还有什么情况会导致get命令处理耗时变高？
2019-07-09 14:20:20,017  刘乐＠多来点 说: 
看看机器的io高不高呢？
2019-07-09 14:21:43,184  唐唐@烽火 说: 
IO有几次冲高。
slowlog统计的耗时是不是不包括IO？
2019-07-09 14:35:15,027  刘乐＠多来点 说: 
如果没开持久化，没有开主从同步的话，io应该不影响。
2019-07-09 14:35:15,367  刘乐＠多来点 说: 
都是内存操作。
2019-07-09 14:35:24,916  刘乐＠多来点 说: 
那不太清楚了。
2019-07-09 14:35:40,013  唐唐@烽火 说: 
嗯嗯，也看了没有大value，就很纳闷了
2019-07-09 14:35:56,758  唐唐@烽火 说: 
谢谢啦
2019-07-09 14:36:44,012  刘乐＠多来点 说: 
客气，没帮上啥。
2019-07-09 14:36:44,359  刘乐＠多来点 说: 
qps高么？
2019-07-09 14:36:44,703  邓伟@jit 说: 
pmap分析一下
2019-07-09 14:36:50,360  邓伟@jit 说: 
然后告诉我们答案
2019-07-09 14:37:48,325  唐唐@烽火 说: 
不高，仅仅2000
2019-07-09 14:37:52,228  唐唐@烽火 说: 
有个特点就是有大量miss_Key存在
2019-07-09 14:37:59,229  唐唐@烽火 说: 
不知道有没有影响
2019-07-09 14:37:59,574  鹏程@CMBC 说: 
群里曾经有个慢内存的case印象深刻
2019-07-09 14:41:28,529  唐唐@烽火 说: 
好的，我查看下
2019-07-09 21:38:06,939  羽飞@ztesoft 说: 
没有开启持久化，而slowlog又伴随io变化的话，可能跟redis使用了虚拟内存有关
2019-07-09 23:06:57,779  鹏程@CMBC 分享链接:
 #每日分享 「链接」 Configuring Amazon ElastiCache for Redis for highe...
https://t.zsxq.com/niAe6eA
