2019-05-22 10:01:22,840  鹏程@CMBC 说: 
@所有人 征集下，大家知道包括国内外以及云厂商在内的厂子谁做了Redis灾备和同城异地灾备的？
2019-05-22 10:01:31,281  鹏程@CMBC 说: 
@所有人 征集下，大家知道包括国内外以及云厂商在内的厂子谁做了Redis灾备和同城异地灾备的？
2019-05-22 10:01:43,610  Rui Gu@Redisson 说: 
Aliyun RedisLabs
2019-05-22 10:01:52,885  刘洋@阿里云 说: 
阿里云啊
2019-05-22 10:01:58,805  鹏程@CMBC 说: 
还有腾讯云
2019-05-22 10:02:01,842  鹏程@CMBC 说: 
携程
2019-05-22 10:02:07,923  鹏程@CMBC 说: 
饿了么是不是也有？
2019-05-22 10:02:24,842  Rui Gu@Redisson 说: 
异地多活好像就这两家
2019-05-22 10:03:01,495  鹏程@CMBC 说: 
@刘冬@头条 头条有吗？
2019-05-22 10:06:23,655  鹏程@CMBC 说: 
@国清@Microsoft Azure有吗
