2019-08-13 07:54:12,513  鹏程@CMBC 说: 
Spacy + Redis = Magic  Redis在nlp处理下的应用
2019-08-13 07:54:24,512  鹏程@CMBC 说: 
Spacy + Redis = Magic  Redis在nlp处理下的应用
2019-08-13 07:54:25,528  鹏程@CMBC 分享链接:
 #每日分享 「链接」 https://towardsdatascience.com/spacy-redis-magic-60f25c21303d
https://t.zsxq.com/rBU3BQv
2019-08-13 07:54:25,816  鹏程@CMBC 分享链接:
 #每日分享 「链接」 https://towardsdatascience.com/spacy-redis-magic-60f25c21303d
https://t.zsxq.com/rBU3BQv
2019-08-13 14:12:39,960  诸葛子房-JD 说: 
问下，这种机器人怎么弄的呀？
2019-08-13 14:12:40,271  诸葛子房-JD 说: 
问下，这种机器人怎么弄的呀？
2019-08-13 14:12:40,596  诸葛子房-JD 说: 
微信机器人
2019-08-13 14:12:40,882  诸葛子房-JD 说: 
微信机器人
2019-08-13 14:15:03,220  肖贝贝@BIGO 说: 
应该还是网页接口的那套东西吧, 之前用过, 容易被封号, 不知道现在技术是不是先进一些了
2019-08-13 14:15:04,285  肖贝贝@BIGO 说: 
应该还是网页接口的那套东西吧, 之前用过, 容易被封号, 不知道现在技术是不是先进一些了
2019-08-13 14:32:57,768  鹏程@CMBC 说: 
没啥先进的，看群公告有源代码地址
2019-08-13 14:32:58,625  鹏程@CMBC 说: 
没啥先进的，看群公告有源代码地址
2019-08-13 14:33:12,542  鹏程@CMBC 说: 
还是wx web的接口，调了一个python的库，很简单。
2019-08-13 14:33:12,870  鹏程@CMBC 说: 
还是wx web的接口，调了一个python的库，很简单。
2019-08-13 14:38:29,587  肖贝贝@BIGO 说: 
我之前用过, 然后我那个微信号的web登录就被封禁了..
2019-08-13 14:38:30,540  肖贝贝@BIGO 说: 
我之前用过, 然后我那个微信号的web登录就被封禁了..
2019-08-13 14:39:06,261  鹏程@CMBC 说: 
嗯，我也不知道为啥没给我禁掉，一般都是我的vps挂了它才offline
2019-08-13 14:39:06,546  鹏程@CMBC 说: 
嗯，我也不知道为啥没给我禁掉，一般都是我的vps挂了它才offline
2019-08-13 14:39:35,855  鹏程@CMBC 说: 
消息量有限吧，不知道他们怎么判断的。有这东西群管理简单多了，大家也能畅聊起来了。。
2019-08-13 14:39:36,136  鹏程@CMBC 说: 
消息量有限吧，不知道他们怎么判断的。有这东西群管理简单多了，大家也能畅聊起来了。。
2019-08-13 14:39:59,086  鹏程@CMBC 说: 
另外，技术讨论都有记录，大家可以去github上翻
2019-08-13 14:39:59,396  鹏程@CMBC 说: 
另外，技术讨论都有记录，大家可以去github上翻
