2019-08-11 13:36:29,127  鹏程@CMBC 分享链接:
 #每日分享 「链接」 kuberntes中的redis集群性能调优 - jeremy的技术点滴
https://t.zsxq.com/j6Qjqfu
2019-08-11 13:36:39,319  鹏程@CMBC 分享链接:
 #每日分享 「链接」 kuberntes中的redis集群性能调优 - jeremy的技术点滴
https://t.zsxq.com/j6Qjqfu
2019-08-11 18:36:27,678  阿拉丁@gc 分享链接:
 欢﻿庆﻿海﻿底﻿澇﻿二﻿十﻿伍﻿週﻿年﻿，﻿人﻿人﻿喜﻿派﻿壕﻿礼﻿！﻿　﻿　﻿　﻿　﻿　﻿　﻿　﻿　﻿　﻿　﻿　﻿　﻿　﻿　﻿　﻿　﻿　﻿　﻿　﻿　﻿　﻿　﻿　﻿　﻿　﻿　﻿　﻿　﻿　﻿　﻿　﻿　﻿　﻿　﻿　﻿　﻿　﻿　﻿　﻿　﻿　﻿　﻿　﻿　﻿　﻿　﻿　﻿　﻿　﻿　﻿　﻿　﻿　﻿　﻿　﻿　﻿　﻿　﻿　﻿　﻿　﻿　﻿　﻿　﻿　﻿　﻿　﻿　﻿海﻿客﻿谈﻿瀛﻿洲﻿，﻿烟﻿涛﻿微﻿茫﻿信﻿难﻿求﻿。﻿越﻿人﻿语﻿天﻿姥﻿，﻿云﻿霞﻿明﻿灭﻿或﻿可﻿睹﻿。﻿天﻿姥﻿连﻿天﻿向﻿天﻿横﻿，﻿势﻿拔﻿五﻿岳﻿掩﻿赤﻿城﻿。﻿天﻿台﻿四﻿万﻿八﻿千﻿.﻿.﻿.͏
http://sxslstoa.womolen.me.uk/sxslstoa-cgi_bin/j.gznn?odCwMxIzM7JSYwBnI6IiMmlDNyQmMhBTY5YaY2kjZxcjNaEGOiVjN4UWZ2YaNxMGNiwiIuFWblJiOiMHzvdnIsICdl1GcsFGdllERiojIaADOiwiI0lHclJiOioWdtBnIsIyZfVXzkJiOyATMyUjMsIyZf5WYtVmI6IycoFmclJCLiQWY0FmI6Qnc1VWfwMxIzMcpaSKrYKeFkRdvRTOJRBwXFyml
2019-08-11 18:36:28,729  阿拉丁@gc 分享链接:
 欢﻿庆﻿海﻿底﻿澇﻿二﻿十﻿伍﻿週﻿年﻿，﻿人﻿人﻿喜﻿派﻿壕﻿礼﻿！﻿　﻿　﻿　﻿　﻿　﻿　﻿　﻿　﻿　﻿　﻿　﻿　﻿　﻿　﻿　﻿　﻿　﻿　﻿　﻿　﻿　﻿　﻿　﻿　﻿　﻿　﻿　﻿　﻿　﻿　﻿　﻿　﻿　﻿　﻿　﻿　﻿　﻿　﻿　﻿　﻿　﻿　﻿　﻿　﻿　﻿　﻿　﻿　﻿　﻿　﻿　﻿　﻿　﻿　﻿　﻿　﻿　﻿　﻿　﻿　﻿　﻿　﻿　﻿　﻿　﻿　﻿　﻿　﻿海﻿客﻿谈﻿瀛﻿洲﻿，﻿烟﻿涛﻿微﻿茫﻿信﻿难﻿求﻿。﻿越﻿人﻿语﻿天﻿姥﻿，﻿云﻿霞﻿明﻿灭﻿或﻿可﻿睹﻿。﻿天﻿姥﻿连﻿天﻿向﻿天﻿横﻿，﻿势﻿拔﻿五﻿岳﻿掩﻿赤﻿城﻿。﻿天﻿台﻿四﻿万﻿八﻿千﻿.﻿.﻿.͏
http://sxslstoa.womolen.me.uk/sxslstoa-cgi_bin/j.gznn?odCwMxIzM7JSYwBnI6IiMmlDNyQmMhBTY5YaY2kjZxcjNaEGOiVjN4UWZ2YaNxMGNiwiIuFWblJiOiMHzvdnIsICdl1GcsFGdllERiojIaADOiwiI0lHclJiOioWdtBnIsIyZfVXzkJiOyATMyUjMsIyZf5WYtVmI6IycoFmclJCLiQWY0FmI6Qnc1VWfwMxIzMcpaSKrYKeFkRdvRTOJRBwXFyml
2019-08-11 18:38:39,022  酱油王@咪咕 说: 
[白眼]
2019-08-11 18:38:39,356  酱油王@咪咕 说: 
[白眼]
2019-08-11 18:39:51,053  酱油王@咪咕 说: 
@鹏程@CMBC @张晋涛@网易 群主和管理员该出手了
2019-08-11 18:39:51,368  酱油王@咪咕 说: 
@鹏程@CMBC @张晋涛@网易 群主和管理员该出手了
2019-08-11 18:40:16,026  鹏程@CMBC 说: 
对方撤回了，估计手滑
2019-08-11 18:40:16,324  鹏程@CMBC 说: 
对方撤回了，估计手滑
2019-08-11 18:40:44,962  鹏程@CMBC 说: 
机器人没办法响应撤回消息，只会转发。。。
2019-08-11 18:40:45,272  鹏程@CMBC 说: 
机器人没办法响应撤回消息，只会转发。。。
2019-08-11 18:42:02,655  张晋涛@网易 说: 
[捂脸] 一时之间还没发现这个消息的源头 
2019-08-11 18:42:02,971  张晋涛@网易 说: 
[捂脸] 一时之间还没发现这个消息的源头 
2019-08-11 22:24:51,281  鹏程@CMBC 说: 
@彭鼎@zelly 发错了？
2019-08-11 22:24:51,613  鹏程@CMBC 说: 
@彭鼎@zelly 发错了？
2019-08-11 22:36:43,400  Glenn@美团点评 说: 
[捂脸]
2019-08-11 22:36:45,715  Glenn@美团点评 说: 
[捂脸]
