2019-04-23 15:31:53,998  鹏程@CMBC 说: 
@MEGVII Louis 张海滨 Face++ Redis主要用在什么场景？
2019-04-23 15:36:12,536  MEGVII Louis 张海滨 说: 
各位同学好，我是旷视公司的开发张海滨，负责中间件redis的维护。我们的应用场景主要是将redis做高速缓存，没有很强的持久化要求，对查询性能要求很高。
2019-04-23 15:36:27,117  Louis@MEGVII 张海滨 说: 
[抱拳]希望以后能跟各位老师多多学习，互相交流
2019-04-23 15:36:42,598  Louis@MEGVII 张海滨 说: 
刚才去开会了没及时介绍回复，抱歉
2019-04-23 15:37:08,832  王江华@好未来 说: 
[强][强][强]
2019-04-23 15:43:04,804  王金泉@四川天翼 说: 
[强][强][强]
2019-04-23 15:44:25,606  鹏程@CMBC 说: 
感谢~用的什么版本，什么架构？@Louis@MEGVII 张海滨
2019-04-23 15:47:47,581  Louis@MEGVII 张海滨 说: 
@鹏程@CMBC 我们一般是能用最新的稳定宝贝就用最新的，现在是5.x，大部分是单实例，根据我们业务来选择，集群的也会用
2019-04-23 15:49:13,281  Louis@MEGVII 张海滨 说: 
@鹏程@CMBC 您这边都会是什么方案呢[呲牙]，有什么建议嘛
2019-04-23 15:49:58,895  黄桃@滴滴出行 说: 
5.x你们用的哪一版？低版本的stream感觉还不是很稳定，有些小bug，你们那边有大规模使用吗
2019-04-23 15:56:28,165  鹏程@CMBC 说: 
我看@Louis@MEGVII 张海滨 的描述，stream应该没用。
2019-04-23 15:57:26,643  Louis@MEGVII 张海滨 说: 
我们的业务场景不会使用到很复杂的功能
2019-04-23 15:57:42,222  Louis@MEGVII 张海滨 说: 
鹏同学说的对
2019-04-23 15:57:45,587  Louis@MEGVII 张海滨 说: 
[呲牙]
2019-04-23 15:58:11,889  Louis@MEGVII 张海滨 说: 
我们只有在一些新业务才会尝试上新版本redis
2019-04-23 15:58:25,566  Louis@MEGVII 张海滨 说: 
给足调试时间
2019-04-23 16:18:14,193  单汉强@网易游戏 说: 
好奇问下，在使用redis前，你们用什么实现“高速缓存”的功能的？
2019-04-23 16:19:06,040  单汉强@网易游戏 说: 
噢，你是指上新版本Redis
2019-04-23 19:47:01,455  赵海军@车和家 说: 
redis-shake 的作者在这个群里嘛，用的这个版本，同步报错了
2019-04-23 19:47:04,322  赵海军@车和家 说: 
develop,4a26b1ca10bc9c6849b30fc73004d135c8227063,go1.10.3,2019-03-08_13:43:41
2019-04-23 19:47:30,140  赵海军@车和家 说: 
源：redis_version:3.2.4  目标：5.0.2
2019-04-23 19:47:44,461  赵海军@车和家 说: 
2019/04/23 19:49:49 [PANIC] Event:NetErrorWhileReceive  Id:redis-shake  Error:EOF
[stack]: 
    0   /home/zhuzhao.cx/redis-shake/src/redis-shake/sync.go:405
            redis-shake.(*CmdSync).SyncCommand.func2
2019-04-23 19:53:27,769  烛昭@阿里云 说: 
提个issue到github吧 我在上面回复你好了
2019-04-23 19:55:46,574  赵海军@车和家 说: 
已提
2019-04-23 20:22:34,262  鹏程@CMBC 说: 
主群和分群除了不能相互圈人已经完全没有交流障碍了
2019-04-23 20:24:17,172  北极冷啊BG5FLH@yanji 说: 
[强]
2019-04-23 20:29:10,077  roc@东方网络 说: 
这么6
