2019-05-06 01:03:30,125  Rui Gu@Redisson 说: 
@黄建@友塔游戏 客户端订阅哨兵的变化，客户端就能感知到变化了
2019-05-06 06:55:38,192  鹏程@CMBC 分享链接:
 #每日分享 「链接」 Redis在微服务架构中的几种应用场景 - 掘金
https://t.zsxq.com/IYn23j2
2019-05-06 09:55:32,967  steven 说: 
http://dtcc.it168.com/yicheng.html?from=timeline
2019-05-06 09:55:33,835  steven 说: 
400有需要加我
2019-05-06 10:42:19,824  黄建@友塔游戏 说: 
@Rui Gu@Redisson 嗯好的，看来单机多实例，想要做到服务端无感知还需要别的工具来做。
2019-05-06 10:56:53,355  鹏程@CMBC 说: 
@steven 无关话题
2019-05-06 11:43:49,973  (o^^o)@中体彩 说: 
师兄们有人熟悉mongodb的吗
2019-05-06 11:56:37,839  Victor 说: 
直接问问题
2019-05-06 12:30:04,837  鹏程@CMBC 说: 
@(o^^o)@中体彩 无关话题
2019-05-06 12:31:13,723  (o^^o)@中体彩 说: 
@Victor 刚用mongo，遇到的问题是，加完用户，启动认证登陆后，副本集群直接recovering，日志里显示没有权限执行心跳检测，问下，这个情况是少什么权限么
2019-05-06 12:31:30,692  (o^^o)@中体彩 说: 
@鹏程@CMBC 好的，下次会注意
2019-05-06 12:33:51,526  鹏程@CMBC 说: 
@(o^^o)@中体彩 看群规哈~
2019-05-06 12:39:56,583  Victor 说: 
@(o^^o)@中体彩 没碰到过
2019-05-06 12:59:00,581  秦亚男@lagou 说: 
看看是不是auth  key没配置，mongodb官网写的很详细。对照看下你是不是少做了哪一项。@victor
2019-05-06 13:00:14,904  秦亚男@lagou 说: 
像是auth  key没配置，mongodb官网写的很详细。对照看下你是不是少做了哪一项。@(o^^o)@中体彩
2019-05-06 13:04:15,382  (o^^o)@中体彩 说: 
@Victor @秦亚男@lagou 好的，谢谢
2019-05-06 19:55:00,191  Slogen@didi 说: 
@Rui Gu@Redisson hi 大神，想问下redisson客户端的连接池默认限制多少啊
2019-05-06 21:46:53,396  Rui Gu@Redisson 说: 
@Slogen@didi 版本不同默认数量不一样，之前改过两次。你看看对应的Config。
