2019-04-22 07:12:39,983  鹏程@CMBC from Redis技术交流群 分享链接:
 #每日分享 「链接」 Redis 代理服务器实现概述 - 知乎
https://t.zsxq.com/FUVBayZ
2019-04-22 10:40:28,417  kane.zhu@摩普 from Redis技术交流群 说: 
有没有大佬 已经在生产环境里面 使用stream这个特性了 
2019-04-22 10:42:09,921  wettper@微博 from Redis技术交流群 说: 
好奇...
2019-04-22 10:44:31,065  kane.zhu@摩普 from Redis技术交流群 说: 
会不会遇到重复消费  ack 由于某种原因 没有响应 ，但实际上已经消费过了 
2019-04-22 10:45:39,153  邓伟@jit from Redis技术交流群2 说: 
原子操作的话就不会有的吧
2019-04-22 10:46:32,121  kane.zhu@摩普 from Redis技术交流群 说: 
按照这样来说的话  也会产生漏掉的消息 
2019-04-22 10:47:23,483  kane.zhu@摩普 from Redis技术交流群 说: 
就是我后端消费 没有落库  redis的游标已经移动了 
2019-04-22 10:49:40,740  邓伟@jit from Redis技术交流群2 说: 
ack返回时你自己控制的呀，ack后游标才移动呀，如
2019-04-22 10:51:05,445  kane.zhu@摩普 from Redis技术交流群 说: 
嗯嗯 
2019-04-22 10:51:07,481  kane.zhu@摩普 from Redis技术交流群 说: 
知道了
2019-04-22 10:52:19,464  kane.zhu@摩普 from Redis技术交流群 说: 
你们在线上使用stream了吗
2019-04-22 10:56:54,350  怒力@高晟京 from Redis技术交流群2 说: 
这个群成什么了？？
2019-04-22 10:57:19,776  怒力@高晟京 from Redis技术交流群2 说: 
能不能正常聊天 
2019-04-22 10:57:42,386  怒力@高晟京 from Redis技术交流群2 说: 
搞出机器人聊天 没感觉有视觉污染？？
2019-04-22 10:58:28,788  张金魁@zeroto.tech from Redis技术交流群2 说: 
这个机器人还得改进😂
2019-04-22 10:59:37,358  北极冷啊BG5FLH@yanji from Redis技术交流群2 说: 
[撇嘴]
2019-04-22 11:04:19,364  A 宇 from Redis技术交流群2 说: 
机器人
2019-04-22 11:05:11,258  A 宇 from Redis技术交流群2 说: 
咋用
2019-04-22 11:12:40,368  单汉强@网易游戏 from Redis技术交流群 说: 
或许可以把“from XXX群说”这部分省略掉？
2019-04-22 11:15:45,151  JOKING@jokinglove.com from Redis技术交流群2 说: 
@机器人小胖 
2019-04-22 11:16:34,529  A 宇 from Redis技术交流群2 说: 
是不是我们说，对面群也能看到喔
2019-04-22 11:16:57,008  JOKING@jokinglove.com from Redis技术交流群2 说: 
哈哈，看样子在同步群消息呢
2019-04-22 11:22:54,405  JOKING@jokinglove.com from Redis技术交流群2 说: 
[强]
2019-04-22 11:23:18,352  鹏程@CMBC from Redis技术交流群2 说: 
如果你觉得视觉污染，你可以提出建议给我，我来改进。机器人是为了让两个群之间可以直接对话，没有机器人很多信息就不能对称，大家就丧失了不少直接交流的机会。请多理解。
2019-04-22 11:23:56,614  鹏程@CMBC from Redis技术交流群2 说: 
当然如果太困扰，退出也是你的权利。
2019-04-22 11:38:14,109  北极冷啊BG5FLH@yanji from Redis技术交流群2 说: 
或许可以把“from XXX群说”这部分省略掉？ 个人感觉 或者短一点
2019-04-22 11:38:21,503  chenssy from Redis技术交流群2 说: 
个人感觉还是不用弄这种机器人
2019-04-22 11:38:48,053  鹏程@CMBC from Redis技术交流群 说: 
嗯，我改一下，这个去掉好了，机器人转发一定是来自其他群的。
2019-04-22 11:38:54,169  梁汝健@知识圈 from Redis技术交流群2 说: 
那要群主自己同步信息，挺累的
2019-04-22 11:39:20,033  鹏程@CMBC from Redis技术交流群2 说: 
@chenssy 那都是平时我手工转信息，非常累。
2019-04-22 11:39:48,937  鹏程@CMBC from Redis技术交流群2 说: 
除非你觉得你的问题不想找更多的人帮忙看....
2019-04-22 11:39:50,401  北极冷啊BG5FLH@yanji from Redis技术交流群2 说: 
我感觉同步还可以 毕竟 这群还没闲聊要是闲聊的话 肯定会污染了
2019-04-22 11:39:58,435  chenssy from Redis技术交流群2 说: 
[捂脸]
2019-04-22 11:40:12,615  鹏程@CMBC from Redis技术交流群2 说: 
@chenssy 你先改下群名片？
2019-04-22 11:41:00,873  鹏程@CMBC from Redis技术交流群2 说: 
@北极冷啊BG5FLH@yanji 闲聊就踢出去了
2019-04-22 11:41:24,203  鹏程@CMBC from Redis技术交流群2 说: 
所以不会有什么闲聊，这个早就不是问题了
2019-04-22 11:41:53,691  arthur@baidu from Redis技术交流群 说: 
可以选择 @ bot 的消息才转发？ 这样比较折中？
2019-04-22 11:41:55,175  北极冷啊BG5FLH@yanji from Redis技术交流群2 说: 
嗯
2019-04-22 11:42:16,035  arthur@baidu from Redis技术交流群 说: 
大家可以自由选择是否希望消息被路由
2019-04-22 11:42:28,052  北极冷啊BG5FLH@yanji from Redis技术交流群2 说: 
这个建议也不错
2019-04-22 11:42:36,411  arthur@baidu from Redis技术交流群 说: 
不过这样容易丢失上下文。。。
2019-04-22 11:42:39,295  鹏程@CMBC from Redis技术交流群 说: 
@arthur@baidu 那每次讨论你还得圈他，太累了。
2019-04-22 11:42:51,160  鹏程@CMBC from Redis技术交流群 说: 
对啊
2019-04-22 11:42:51,676  arthur@baidu from Redis技术交流群 说: 
其实我觉得现在这样就挺好
2019-04-22 11:43:00,770  鹏程@CMBC from Redis技术交流群 说: 
没有闲聊有啥信息是只能一个群看另一个不给看的呢
2019-04-22 11:44:06,661  白馨@陌陌 from Redis技术交流群 说: 
from。。。去掉 感觉视觉障碍 
2019-04-22 11:45:02,273  怒力@高晟京 from Redis技术交流群2 说: 
[阴险][阴险]  看来不是我一个人有这种感觉
2019-04-22 11:46:14,037  怒力@高晟京 from Redis技术交流群2 说: 
我都不知道那个群在哪里 
2019-04-22 11:46:44,662  鹏程@CMBC from Redis技术交流群 说: 
我正在去
2019-04-22 11:47:32,705  白馨@陌陌 from Redis技术交流群 说: 
[强]辛苦了  
2019-04-22 11:49:59,202  白馨@陌陌 说: 
大家有意见 平和一点点提出 群主都是无偿劳动  换位思考 很辛苦的
2019-04-22 11:50:26,214  鹏程@CMBC 说: 
改完了哈
2019-04-22 11:50:47,793  红发@bed 说: 
[强]
2019-04-22 11:51:26,519  单汉强@网易游戏 说: 
清爽很多[强]
2019-04-22 11:51:51,155  鹏程@CMBC 说: 
唉，上来就一堆感叹号问号的，像@单汉强@网易游戏 这样提建设性意见多好
2019-04-22 11:53:00,242  怒力@高晟京 说: 
群是大家得  
2019-04-22 11:53:02,844  怒力@高晟京 说: 
[得意]
2019-04-22 11:53:45,303  鹏程@CMBC 说: 
另外，大家的群聊天记录都同步到github了，以后你们查问题就不用翻聊天记录了。那些说让我机器人下线的同学是不是也考虑下那些私信一直给我让我加主群的同学，他们也希望得到更多人的交流。
2019-04-22 11:54:13,416  怒力@高晟京 说: 
感谢
2019-04-22 12:14:00,269  无处觅山门@nucc 说: 
聊天记录上传github
2019-04-22 12:14:04,256  无处觅山门@nucc 说: 
我去
2019-04-22 16:43:58,456  杨耀@必要科技 说: 
各位大佬，请教个疑问。redis从库一般都是设置为只读，什么场景下会设置为可写呢
2019-04-22 16:44:27,728  刘乐＠多来点 说: 
最好什么情况也不要设置为可写。
2019-04-22 16:45:10,567  杨耀@必要科技 说: 
哈哈，就是突然想到可以这么设置，就产生了一个，什么场景才会这么设置的疑惑
2019-04-22 16:47:26,492  xinxinbai@陌陌 分享链接:
 Redis2.8-4.0过期键优化详解
http://mp.weixin.qq.com/s?__biz=Mzg2NTEyNzE0OA==&amp;mid=2247483721&amp;idx=1&amp;sn=23b26fe9446ab50e15e589b70b1ab06c&amp;chksm=ce5f9ecaf92817dcfd5431e12e6e5e37a3496d3dfb549682c16dd6ffed402276306f95585245&amp;mpshare=1&amp;scene=1&amp;srcid=#rd
2019-04-22 16:47:34,588  xinxinbai@陌陌 说: 
里面有写
2019-04-22 17:04:26,838  杨耀@必要科技 说: 
原来如此，多谢 @xinxinbai@陌陌 [抱拳]
2019-04-22 17:17:37,251  付磊 说: 
[强]
2019-04-22 23:18:18,644  小王@西安 说: 
请问
redis 社区有支持多用户，权限隔离，配额控制的计划吗
2019-04-22 23:19:43,209  Rui Gu@Redisson 说: 
有
2019-04-22 23:19:53,436  白宸@阿里云 说: 
redis 6 acl有计划 
2019-04-22 23:20:41,485  白宸@阿里云 说: 
配额控制如果说的是类似流量控制这种云产品比较有需求 开源产品一般不太有需求
2019-04-22 23:34:47,190  鹏程@CMBC 说: 
他也有可能说的是同一个Redis实例内存多个租户的内存限制
2019-04-22 23:37:57,178  Rui Gu@Redisson 说: 
这倒是没听说过
2019-04-22 23:40:02,560  白宸@阿里云 说: 
tair支持单进程多租户内存配额限制的模式  
2019-04-22 23:42:09,070  小王@西安 说: 
是不是可以像其他数据库类似的，引入用户的概念，然后加入权限隔离，不同用户可以对有权限的数据进行访问。  再加入配额概念，比如每个用户最多可以使用多少内存空间。   考虑到redis服务端单线程，用户间限流的事情感觉必要性不是很强
2019-04-22 23:43:47,051  Rui Gu@Redisson 说: 
目前听说过的就是命令的acl和key的acl
