2019-05-30 00:03:12,971  鹏程@CMBC 分享链接:
 #每日分享 「链接」 马蜂窝ABTest多层分流系统的设计与实现 - 马蜂窝技术 - SegmentFault 思否
https://t.zsxq.com/BIiaqRf
2019-05-30 09:08:50,771  鹏程@CMBC 说: 
欢迎新来的朋友~方便做个简单自我介绍，再把群名片改下名字@公司~然后看下群公告，谢谢！ @candy
2019-05-30 09:15:13,034  程浩 说: 
C++中国用户组，6/15号在杭州有个小型的，关于分布式一致性存储相关的技术交流， 有兴趣的小伙伴欢迎来聊聊。   https://www.slidestalk.com/m/34
2019-05-30 09:17:26,507  鹏程@CMBC 说: 
@程浩 无关话题
2019-05-30 09:17:56,876  程浩 说: 
嗯嗯，抱歉啊，我补个红包
2019-05-30 09:18:41,144  鹏程@CMBC 说: 
@程浩 嗯嗯，改个群名片也~
2019-05-30 09:18:51,537  程浩 说: 
嗯嗯
2019-05-30 09:19:04,023  鹏程@CMBC 说: 
欢迎新来的朋友~方便做个简单自我介绍，再把群名片改下名字@公司~然后看下群公告，谢谢！ @Frankie
2019-05-30 09:20:32,867  Frankie 说: 
好的，我叫周阳，国美架构部负责中间件缓存的研发
2019-05-30 09:21:11,670  Frankie 说: 
请各位大佬指教啦
2019-05-30 09:24:18,003  张晋涛@网易 说: 
欢迎
2019-05-30 09:24:32,186  王江华@好未来 说: 
欢迎
2019-05-30 09:24:35,325  付磊@快手 说: 
欢迎
2019-05-30 09:25:04,857  鹏程@CMBC 说: 
欢迎
2019-05-30 09:27:06,414  邵佳琪@bilibili 说: 
欢迎
2019-05-30 09:27:20,645  腾讯  谭铭波 说: 
[愉快]
