2019-06-25 09:22:09,152  鹏程@CMBC 分享链接:
 解读丨7分钟看懂华为云鲲鹏Redis背后的自研技术
http://mp.weixin.qq.com/s?__biz=MzI1Mzc1MzMyOQ==&amp;mid=2247498226&amp;idx=1&amp;sn=02dedfcb4869d820207bc9ac50f6bde6&amp;chksm=e9cd1b6cdeba927a30d02e860f22c18c1e75f320e414c259b575f65b6e7f209b3dc1df7672a3&amp;mpshare=1&amp;scene=1&amp;srcid=0625uYglKHJdSkwoGUfBzZit#rd
2019-06-25 09:22:38,572  鹏程@CMBC 说: 
@黄靖凯@华为云 还是没看明白华为云Redis产品的架构。。
2019-06-25 09:31:11,365  Rui Gu@Redisson 说: 
给我的感觉OS上的改动才是最核心的东西
2019-06-25 10:22:17,751  黄威@国美 说: 
socket内核态切到用户态，可以参考dpdk
2019-06-25 10:22:23,361  鹏程@CMBC 说: 
我也是这种感觉 说的那两个和Redis相关的架构图和没说没看出有什么特别大的差别…… @Rui Gu@Redisson
2019-06-25 10:23:01,956  黄威@国美 说: 
腾讯有一个开源的实现fstack可以参考
2019-06-25 10:23:49,852  黄威@国美 说: 
感觉就是dpdk
2019-06-25 10:24:49,957  黄威@国美 说: 
应该是在链路上优化的比较多
2019-06-25 10:26:47,174  黄威@国美 说: 
https://github.com/cws06/fstack
2019-06-25 10:44:49,238  邓伟@jit 说: 
分布式 libos也能共享一个进程？
2019-06-25 10:48:39,395  黄威@国美 说: 
@白馨@陌陌 针对第四点，所以，华为推出的是arm架构的呀，arm省电
