2019-07-26 11:36:54,468  幻想 说: 
请问大家有没有遇到过redis cluster在添加节点与删除节点时，用HyperLogLog进行排重，对500不同的val进行排重，最后的结果是503，这样正常吗？不太理解 
2019-07-26 11:44:52,527  gukf@牛栏 说: 
这个本来就是不精确的
2019-07-26 11:45:56,101  幻想 说: 
但是500个val排重变为503，也正常吗 
2019-07-26 14:21:50,516  鹏程@CMBC 说: 
欢迎新来的朋友~方便做个简单自我介绍，再把群名片改下名字@公司~然后看下群公告，谢谢！ @贾杰@newsdog
2019-07-26 14:26:57,375  贾杰@newsdog 说: 
大家好，多谢@鹏程@CMBC 。我叫贾杰目前在newsdog负责大数据，运维相关工作。向大家学习，多多交流。
2019-07-26 15:05:17,093  鹏程@CMBC 说: 
欢迎~
2019-07-26 15:05:34,650  鹏程@CMBC 说: 
欢迎新来的朋友~方便做个简单自我介绍，再把群名片改下名字@公司~然后看下群公告，谢谢！ @冬菇先生
2019-07-26 15:06:12,305  东风无眠@华泰证券 说: 
@鹏程@CMBC 我邀请的，你两改下名字😄
2019-07-26 15:17:00,323  鹏程@CMBC 说: 
嗯，欢迎~也是华泰的同事？
2019-07-26 15:17:25,055  冬菇先生@华泰证券 说: 
是的
2019-07-26 15:19:03,274  鹏程@CMBC 说: 
欢迎~
2019-07-26 15:19:18,594  冬菇先生@华泰证券 说: 
[抱拳]
