2019-08-10 01:06:34,875  JL@知识圈 说: 
想知道怎么可以通过申请，之前申请过没有通过，很多分布式的功能都是PRO有
2019-08-10 07:14:24,650  单汉强@网易游戏 说: 
Jack@athm 你用的是多大的网卡？一个物理机上有几个节点？几百个节点的cluster我这边也有，倒没有做特别的调优。
2019-08-10 07:18:35,277  Jack@athm 说: 
10gbits的，8主8从，你们那边几百个实例测过qps能到多少？
2019-08-10 07:48:22,249  单汉强@网易游戏 说: 
这个规模没有压测过。线上用按每个几万qps来算应该没什么问题。回头可以查一下。带宽和cpu负载这个跟你怎么测也有关系吧？不妨说说你测试的具体方法和数据，我们可以对比下
2019-08-10 07:56:12,166  Jack@athm 说: 
我测试是找几个集群外的机器，1000个线程一直循环set随机值
2019-08-10 08:02:17,401  Jack@athm 说: 
benchmark应该也一样，开
2019-08-10 08:02:45,331  Jack@athm 说: 
benchmark应该也一样，开10个100并发的
2019-08-10 08:03:17,250  Jack@athm 说: 
不过benchmark好像没有集群模式
2019-08-10 08:49:05,043  东风无眠@华泰证券 说: 
你可以比较下单节点前后的性能有没有变化
2019-08-10 08:49:59,637  xinxinbai@陌陌 说: 
你用benchmark测 怎么保证每次都能找到正确的节点呢 
2019-08-10 08:50:24,306  xinxinbai@陌陌 说: 
找不到，集群越大，出错的机会就会越多
2019-08-10 08:53:56,559  单汉强@网易游戏 说: 
压测set的值多大？带宽都打满，尝试设置小一点看看？另外同意楼上，针对一个节点压一下试试
2019-08-10 08:55:53,588  Jack@athm 说: 
单节点10万qps。我压测集群时候没用benchmark。自己jedis写的
2019-08-10 08:56:56,069  Jack@athm 说: 
带宽也没打满，网卡pps打满了
2019-08-10 08:58:42,861  单汉强@网易游戏 说: 
pps打满是多少？
2019-08-10 08:59:04,492  Jack@athm 说: 
100w 
2019-08-10 08:59:25,933  Jack@athm 说: 
收发一共100w个package
2019-08-10 09:01:17,566  Jack@athm 说: 
目前现象就是受限于网卡pps，所以qps上不去，cpu还空闲很多。主要问题是，9个虚拟机qps290w，打满网卡。18个虚拟机，只提升到480万qps。这个和预期不符合，不知道怎么解释
2019-08-10 09:04:44,247  Jack@athm 说: 
目前怀疑是虚拟机没打散，我换机器试试
2019-08-10 09:09:33,178  xinxinbai@陌陌 说: 
虚拟机没打散，是说几个虚拟机实际都在一个物理机上吗？
2019-08-10 09:11:27,435  Jack@athm 说: 
我要机器时候是要求打散的，但是这个没验证。没权限看。只能怀疑一下[发呆]
2019-08-10 17:20:12,843  鹏程@CMBC 说: 
测试消息请忽略
2019-08-10 17:20:13,119  鹏程@CMBC 说: 
测试消息请忽略
2019-08-10 17:20:13,429  鹏程@CMBC 说: 
测试消息请忽略
2019-08-10 17:20:13,704  鹏程@CMBC 说: 
测试消息请忽略
2019-08-10 17:20:14,017  付磊@快手 说: 
鹏总辛苦啦
2019-08-10 17:20:14,342  付磊@快手 说: 
鹏总辛苦啦
2019-08-10 17:21:06,327  h@华为 说: 
[强][强][强]鹏总辛苦啦
2019-08-10 17:21:06,636  h@华为 说: 
[强][强][强]鹏总辛苦啦
2019-08-10 17:21:11,458  h@华为 说: 
[呲牙]
2019-08-10 17:21:11,762  h@华为 说: 
[呲牙]
2019-08-10 17:24:48,641  鹏程@CMBC 说: 
这帮我测试的蛮好~@刘谦@喜马
2019-08-10 17:24:48,934  鹏程@CMBC 说: 
这帮我测试的蛮好~@刘谦@喜马
2019-08-10 17:25:20,062  刘谦@喜马 说: 
[玫瑰]
2019-08-10 17:25:20,930  刘谦@喜马 说: 
[玫瑰]
2019-08-10 17:50:54,929  鹏程@CMBC 说: 
@h@华为 欢迎词应该完事儿了~
2019-08-10 17:50:55,971  鹏程@CMBC 说: 
@h@华为 欢迎词应该完事儿了~
2019-08-10 17:52:46,003  h@华为 说: 
辛苦啦哥[强][强][强]效率贼高，以后就是自动驾驶啦，恭喜你解脱出来啦哈哈[呲牙]
2019-08-10 17:52:46,301  h@华为 说: 
辛苦啦哥[强][强][强]效率贼高，以后就是自动驾驶啦，恭喜你解脱出来啦哈哈[呲牙]
2019-08-10 17:53:19,399  刘谦@喜马 说: 
[强][强][强]
2019-08-10 17:53:19,692  刘谦@喜马 说: 
[强][强][强]
2019-08-10 18:14:05,090  鹏程@CMBC 分享链接:
 #每日分享 「链接」 Jedis第一讲-集群断连引发的超时问题-hello_ketty-ChinaUnix博客
https://t.zsxq.com/eE2vNVr
2019-08-10 18:14:05,868  鹏程@CMBC 分享链接:
 #每日分享 「链接」 Jedis第一讲-集群断连引发的超时问题-hello_ketty-ChinaUnix博客
https://t.zsxq.com/eE2vNVr
2019-08-10 18:33:46,733  星星@游戏 说: 
真的是越来越智能
2019-08-10 18:33:47,036  星星@游戏 说: 
真的是越来越智能
