2019-08-09 09:43:43,800  鹏程@CMBC 说: 
欢迎新来的朋友~方便的话做个简单自我介绍，再把群名片改下名字@公司~然后看下群公告，谢谢！ @知一 @御风
2019-08-09 09:47:35,713  h@华为 说: 
新人进群能不能也弄成小胖同学自动致欢迎词的[呲牙]
2019-08-09 09:47:45,258  鹏程@CMBC 说: 
@所有人 由于群将近满员，近期将对尚未根据群规更改群名片的成员进行清理，如有误伤请随时加我微信，谢谢~
2019-08-09 09:48:14,107  鹏程@CMBC 说: 
@h@华为 我看看微信的接口，上次没看到有群成员加入这个event
2019-08-09 09:49:07,205  h@华为 说: 
哈哈哈，你果然早就想到了[强][呲牙]
2019-08-09 09:49:22,021  鹏程@CMBC 说: 
这样就可以自动驾驶了~哈哈
2019-08-09 09:49:31,261  鹏程@CMBC 说: 
现在还是半手动
2019-08-09 09:49:34,555  h@华为 说: 
是滴😊 
2019-08-09 09:50:37,672  鹏程@CMBC 说: 
欢迎新来的朋友~方便的话做个简单自我介绍，再把群名片改下名字@公司~然后看下群公告，谢谢！ @C萌
2019-08-09 09:50:50,254  C萌 说: 
好的
2019-08-09 09:53:36,731  C萌 说: 
java小开发一枚，技术爱好者，翔大佬们学习，争取一起讨论[嘿哈]
2019-08-09 09:55:01,778  鹏程@CMBC 说: 
欢迎~
2019-08-09 09:57:48,368  蔡锰@中化能源 说: 
[嘿哈][嘿哈][嘿哈]
2019-08-09 09:59:37,090  知一@小众互联网公司 说: 
后端业务开发一枚，最近在看Redis，希望能多积累实战经验，多向大佬们学习讨论[抱拳]
2019-08-09 10:01:56,892  鹏程@CMBC 说: 
欢迎~
2019-08-09 10:27:14,863  鹏程@CMBC 分享链接:
 #每日分享 「链接」 Embedded Redis Server with Spring Boot Test | Bael...
https://t.zsxq.com/B2ZJaiI
2019-08-09 14:36:41,084  鹏程@CMBC 说: 
欢迎新来的朋友~方便的话做个简单自我介绍，再把群名片改下名字@公司~然后看下群公告，谢谢！ @风华@小号游戏公司
2019-08-09 14:41:51,527  风华@小号游戏公司 说: 
嗨，大家好，我叫王风华，目前在一个游戏工作室负责后端开发相关的东西，同时在研究redis集群相关的内容在游戏方面的应用场景，新人入群，求指教关照[抱拳]
2019-08-09 14:43:44,713  小智@高顿 说: 
欢迎欢迎[强]
2019-08-09 14:45:25,665  李九思@星艺互动 说: 
[强]欢迎
2019-08-09 14:55:46,564  张冬洪@CRUG 说: 
[强]
2019-08-09 14:56:30,223  鹏程@CMBC 说: 
欢迎
2019-08-09 14:58:42,664  stuart@improbable 说: 
@风华@游戏工作室 你好
2019-08-09 14:58:48,703  stuart@improbable 说: 
请问是做什么游戏的
2019-08-09 15:01:42,607  曲勇@51talk 说: 
[强]
2019-08-09 15:03:00,665  风华@游戏工作室 说: 
哈，只能大概说是一个手游[捂脸]
2019-08-09 15:07:40,578  鹏程@CMBC 说: 
@风华@游戏工作室 场景方面有什么应用吗？
2019-08-09 15:07:40,893  鹏程@CMBC 说: 
Redis
2019-08-09 15:11:15,925  风华@游戏工作室 说: 
目前主要用来做跨进程的状态管理，数据交换，分布式锁等等
2019-08-09 15:27:54,141  黄威@国美 说: 
发现一个redis-py的monitor命令的一个bug，如图，如果monitor返回的是[0 lua] "command ..."这种格式的话，会抛异常，大家使用redis-py包的话注意下
2019-08-09 17:46:16,319  鹏程@CMBC 说: 
欢迎新来的朋友~方便的话做个简单自我介绍，再把群名片改下名字@公司~然后看下群公告，谢谢！ @Jack
2019-08-09 17:50:46,934  张晋涛@网易 说: 
话说想请教下 redisson 内部有没有对连接 cluster 时 使用 mget/mset 之类的批量命令做什么特别的事情 让它能执行成功
看到倒是有一些 Batch 相关的命令  不过没确认有木有啥特别的处理

（原需求其实是  我在 cluster 上不能执行 mset 命令   但是旁路的监控程序发现 cluster 中有个 mset 命令成功了 - - 
2019-08-09 17:52:11,654  刘乐＠多来点 说: 
看一下redisson的源码就知道了
2019-08-09 17:54:49,699  张晋涛@网易 说: 
 扫了眼没有看到什么特别的地方  😄💧
2019-08-09 17:56:12,657  Rui Gu@Redisson 说: 
@张晋涛@网易 mget跟mset这类命令的意义不在于批量执行上
2019-08-09 17:56:59,556  JL@知识圈 说: 
你们有申请Redisson PRO吗
2019-08-09 17:57:49,316  Rui Gu@Redisson 说: 
这些命令的意义是在于原子性
2019-08-09 17:58:30,464  Rui Gu@Redisson 说: 
需要批量执行，管道就够了
2019-08-09 17:58:41,016  张晋涛@网易 说: 
倒不是这个问题  问题在于 我收到了个 mset 执行成功的请求…
2019-08-09 17:59:29,251  刘乐＠多来点 说: 
嗯，我觉得你还是看看是不是有人直接在某个实例上边执行了，不是走cluster执行的。
2019-08-09 18:00:42,196  Rui Gu@Redisson 说: 
只要是在同一槽点里，多个key是可以执行mset的
2019-08-09 18:00:55,229  张晋涛@网易 说: 
在的
2019-08-09 18:01:09,284  肖贝贝@BIGO 说: 
看下在不在一个slot
2019-08-09 18:01:29,316  肖贝贝@BIGO 说: 
成功的mset的keys
2019-08-09 18:01:41,410  Rui Gu@Redisson 说: 
mset/mget是可以在集群中使用
2019-08-09 18:18:48,086  Jack@athm 说: 
大家好，想咨询个redis cluster性能问题，我们集群9台虚拟机每台集群8主8从16个实例，qps大概290w qps左右。
但是增加到18台虚拟机组建大集群之后，qps并没有成倍的增长，只增加到了450w左右。 是cluster扩大规模之后内耗吗？
2019-08-09 18:19:45,259  张晋涛@网易 说: 
😓 忙晕了   redis-cli 的锅   
2019-08-09 18:28:50,698  白馨@陌陌 说: 
用支持cluster的jedis测呢
2019-08-09 18:31:19,903  张晋涛@网易 说: 
回复下刚才的问题    redisson 内部也没做特殊处理  就是正常的逻辑
刚才的情况 是由 redis-cli 导致的   用其他任何支持 cluster 模式的驱动都可以执行成功
2019-08-09 18:32:40,005  张晋涛@网易 说: 
忙晕了  没先用其他驱动测测 [捂脸] 只是 redis-cli 测了下  就觉得异常了  
2019-08-09 20:11:16,492  baike@乐视云 说: 
@机器人小胖 牛，8主8从是怎么做到qps290w的？是线上生产数据还是测试数据的性能
2019-08-09 20:15:57,192  Jack@athm 说: 
压测的
2019-08-09 20:16:34,203  鹏程@CMBC 说: 
72个master吧？
2019-08-09 20:17:00,676  Jack@athm 说: 
对，9个虚机72个主
2019-08-09 20:18:01,169  Jack@athm 说: 
后来我又测试加了9台虚机，弄144个主的大集群，qps并没有预料的一样
2019-08-09 20:18:24,834  Jack@athm 说: 
目前看480~490左右
2019-08-09 20:19:23,079  鹏程@CMBC 说: 
上次谁算过gossip的cost来着
2019-08-09 20:21:41,066  baike@乐视云 说: 
@机器人小胖 有监控所有主redis的cpu吗
2019-08-09 20:23:36,690  鹏程@CMBC 说: 
群上谁有大规模Redis cluster的调优经验？
2019-08-09 20:23:59,258  Jack@athm 说: 
cpu没满，网卡满了
2019-08-09 20:28:26,034  baike@乐视云 说: 
@机器人小胖 那是不是分配的虚拟机大部分在相同的几个物理机上，然后把物理机的网卡打满了
2019-08-09 20:33:32,785  Jack@athm 说: 
这个没法验证，但是我要机器时候要求了不在同一个宿主机。感觉两个地方不太好清楚，1、gossip协议，比如我设置cluster-node-timeout 2000，占用多少带宽，我看没压测时候是几十KB，压测时候这个带宽应该不会增长吧 2、一主一从，主节点写入一次，从节点理论上也要同步一次数据，所以这么算的话网卡流量是2次的。不知道我这么理解对不对。
2019-08-09 20:58:59,290  Rui Gu@Redisson 说: 
JL@知识圈 刚刚才看到你发的信息，你想了解Redisson PRO什么方面的事情？
