2019-10-16 00:07:07,115  鹏程@CMBC 分享链接:
 #每日分享 UCloud 基于 Kubernetes Operator 的服务化实践 「链接」 http://blog.ucloud.cn/archives/4198
https://t.zsxq.com/nEaAeQV
2019-10-16 00:07:09,118  鹏程@CMBC 分享链接:
 #每日分享 UCloud 基于 Kubernetes Operator 的服务化实践 「链接」 http://blog.ucloud.cn/archives/4198
https://t.zsxq.com/nEaAeQV
2019-10-16 00:24:23,751  优秀少先队员@哈罗🚴 说: 
谁知道，为啥这个used_memory比used_memory_rss还这么多，数据库基本是空的
2019-10-16 00:24:24,764  优秀少先队员@哈罗🚴 说: 
谁知道，为啥这个used_memory比used_memory_rss还这么多，数据库基本是空的
2019-10-16 00:24:47,428  优秀少先队员@哈罗🚴 说: 
[撇嘴]求朋友解惑
2019-10-16 00:24:48,308  优秀少先队员@哈罗🚴 说: 
[撇嘴]求朋友解惑
2019-10-16 00:25:44,579  杨树杰@nokia 说: 
libc好像是有这个问题
2019-10-16 00:25:44,907  杨树杰@nokia 说: 
libc好像是有这个问题
2019-10-16 00:26:55,711  优秀少先队员@哈罗🚴 说: 
所以这个是内存分配器的问题吗？
2019-10-16 00:26:56,026  优秀少先队员@哈罗🚴 说: 
所以这个是内存分配器的问题吗？
2019-10-16 00:27:19,775  杨树杰@nokia 说: 
操作系统不是实时把内存返回给系统的
2019-10-16 00:27:20,077  杨树杰@nokia 说: 
操作系统不是实时把内存返回给系统的
2019-10-16 00:27:34,163  杨树杰@nokia 说: 
换一个分配器试试
2019-10-16 00:27:34,463  杨树杰@nokia 说: 
换一个分配器试试
2019-10-16 00:27:46,399  优秀少先队员@哈罗🚴 说: 
好 我试下 3ks
2019-10-16 00:27:47,500  优秀少先队员@哈罗🚴 说: 
好 我试下 3ks
2019-10-16 13:22:13,059  听雨@iqiyi 说: 
请教下大家，有开源的redis-trib支持对使用密码认证的cluster分片集群进行rebalance推荐么
2019-10-16 13:22:14,300  听雨@iqiyi 说: 
请教下大家，有开源的redis-trib支持对使用密码认证的cluster分片集群进行rebalance推荐么
2019-10-16 13:22:50,599  听雨@iqiyi 说: 
https://github.com/otherpirate/redis/blob/382867aaafeffcdd542688df49e8a1518e9738b5/src/redis-trib.rb
查到这个，支持得好像还是有点问题
2019-10-16 13:22:50,909  听雨@iqiyi 说: 
https://github.com/otherpirate/redis/blob/382867aaafeffcdd542688df49e8a1518e9738b5/src/redis-trib.rb
查到这个，支持得好像还是有点问题
2019-10-16 13:29:00,118  单汉强@网易游戏 说: 
能用redis-cli？
2019-10-16 13:29:00,419  单汉强@网易游戏 说: 
能用redis-cli？
2019-10-16 13:31:22,047  听雨@iqiyi 说: 
redis-cli 不支持rebalance
2019-10-16 13:31:23,155  听雨@iqiyi 说: 
redis-cli 不支持rebalance
2019-10-16 13:35:26,893  听雨@iqiyi 说: 
「单汉强@网易游戏：能用redis-cli？」
- - - - - - - - - - - - - - -
多谢多谢。。我之前看错文档了，以为redis-cli不支持rebalance[捂脸]
2019-10-16 13:35:27,212  听雨@iqiyi 说: 
「单汉强@网易游戏：能用redis-cli？」
- - - - - - - - - - - - - - -
多谢多谢。。我之前看错文档了，以为redis-cli不支持rebalance[捂脸]
