2019-08-08 16:05:06,448  Rui Gu@Redisson 说: 
潜水的都出来了……
2019-08-08 16:05:28,282  刘金勇@光宇游戏 说: 
[鼓掌]
2019-08-08 16:09:28,706  曲勇@51talk 说: 
谢老板
2019-08-08 16:09:55,617  Rui Gu@Redisson 说: 
求大家转发朋友圈。谢谢。
2019-08-08 16:10:05,514  田斌@京东 说: 
红包没有同步过来，哈哈
2019-08-08 16:11:05,666  Rui Gu@Redisson 说: 
楼主手动同步一下吧[偷笑][偷笑][偷笑]
2019-08-08 16:14:32,243  Truman@newegg 说: 
[机智]
2019-08-08 16:15:23,946  HQ@TAL 说: 
红包手动同步
2019-08-08 17:06:46,605  Rui Gu@Redisson 说: 
感谢大家的支持！
2019-08-08 17:07:20,840  Rui Gu@Redisson 说: 
希望大家能够在朋友圈里传播一下我们项目，谢谢大家
2019-08-08 17:11:23,744  鹏程@CMBC 说: 
@Rui Gu@Redisson 来个地址方便转~
2019-08-08 17:12:05,495  鹏程@CMBC 分享链接:
 https://github.com/redisson/redisson

2019-08-08 17:17:59,872  Rui Gu@Redisson 说: 
感谢楼主发传送门
2019-08-08 17:21:29,561  子嘉@阿里云 说: 
@Rui Gu@Redisson 祝贺
2019-08-08 17:22:04,267  Rui Gu@Redisson 说: 
@子嘉@阿里云 感谢子嘉的关心
2019-08-08 17:23:42,442  张立志@失业中 说: 
给顾老师分享一波
2019-08-08 17:24:49,712  Rui Gu@Redisson 说: 
@ 张立志@失业中 感谢感谢
2019-08-08 18:01:49,127  星星@游戏 说: 
主要是红包没同步过来
2019-08-08 18:10:57,474  Rui Gu@Redisson 说: 
哎，这个功能还需要跟楼主提[偷笑]
2019-08-08 18:11:54,426  星星@游戏 说: 
😂 这机器人好智能，这都识别出来了
2019-08-08 19:06:06,936  白馨@陌陌 说: 
@黄威@国美 其实我更关心有没有人遇到上述情况 就是大量半连接的情况😁
