2019-05-17 06:59:44,589  鹏程@CMBC 说: 
嗯，早就有了
2019-05-17 07:01:54,735  北极冷啊BG5FLH@yanji 说: 
Redis 会将整个脚本作为一个整体执行，中间不会被其他命令插入。无需担心会出现竞态条件，无须使用事务。
2019-05-17 07:12:55,454  海涛@SPDB 说: 
@北极冷啊BG5FLH@yanji 整体执行不代表是原子的吧
2019-05-17 07:17:43,396  北极冷啊BG5FLH@yanji 说: 
一个整体可以看成是原子的 失败会回滚的
2019-05-17 07:18:39,750  北极冷啊BG5FLH@yanji 说: 
脚本之间是隔离的
2019-05-17 14:43:00,223  (o^^o)@中体彩 说: 
问下，redis cluster集群故障自动恢复，是不是只能用哨兵的方式，必须master挂了，slave自动升级
2019-05-17 15:30:11,426  东风无眠@华泰证券 说: 
cluster自己就能恢复，不需要哨兵
2019-05-17 15:44:26,376  (o^^o)@中体彩 说: 
今天测试了下，直接kill掉一个master节点，slave节点一直没有升级，不知道为啥，cluster-slave-validity-factor这个值也设置了
2019-05-17 18:15:01,688  国清@Microsoft 说: 
几个master？cluster info 说的啥
2019-05-17 18:19:50,225  晓晨@头条 说: 
Master太少没办法投票的
