2019-05-19 00:30:55,729  黄靖凯@华为云 说: 
@余汶龙@滴滴 成本降低主要在自研ARM的整合，比X86优势明显太多；提升资源利用率，可售卖内存变多，解决高内存负载运行下Redis持久化的麻烦问题，减少系统资源、预留内存
2019-05-19 00:31:46,582  张冬洪@CRUG 说: 
[强]
2019-05-19 00:33:58,440  黄靖凯@华为云 说: 
不是PPT产品，已经诸多客户商用，价格官网可查。
测试数据不方便放太多，前两天有个A过黑名单事件，删除了很多对比数据，这块我们后续会有具体技术解读
2019-05-19 00:34:10,957  余汶龙@滴滴 说: 
[强]
2019-05-19 00:34:14,164  黄靖凯@华为云 说: 
不是PPT产品，已经诸多客户商用，价格官网可查。
测试数据不方便放太多，前两天有个A国黑名单事件，删除了很多对比数据，这块我们后续会有具体技术解读
2019-05-19 00:41:25,344  刘乐＠多来点 说: 
[强][强][强]
2019-05-19 00:42:59,107  黄靖凯@华为云 说: 
半年前之前Linux之父 linus与Redis作者antirez，在X86和ARM上能力有争议。
我们现在这两块能力都支持，优缺点都很了解，加了很多黑科技为了弥补ARM当前存在的一些不足，包括性能、稳定性等能力，否则无法给客户商用
2019-05-19 00:44:26,424  黄靖凯@华为云 分享链接:
 It's extremely hard to agree with Linus on that. One problem in his argument is ... | Hacker News
https://news.ycombinator.com/item?id=19225678
2019-05-19 03:05:23,083  叶翔@阿里云 说: 
@黄靖凯@华为云 咱们的arm是多少core的啊
2019-05-19 03:19:07,607  鹏程@CMBC 说: 
@黄华亮@vivo 已确认
2019-05-19 03:19:42,908  鹏程@CMBC 说: 
欢迎新来的朋友~方便做个简单自我介绍，再把群名片改下名字@公司~然后看下群公告，谢谢！ @BlackMoon
2019-05-19 03:20:00,651  隋巍@华为 说: 
已改
2019-05-19 04:47:13,507  黄靖凯@华为云 说: 
@叶翔@阿里云 Core比X86要多
2019-05-19 07:14:42,282  小王@西安 说: 
请问有比较常见的redis和其他数据库结合做缓存的落地方案吗？  比如redis+hbase， redis+mysql。  
2019-05-19 23:17:37,916  鹏程@CMBC 分享链接:
 #每日分享 「链接」 Introducing the Redis-full-check Tool - Alibaba Cl...
https://t.zsxq.com/6UNZFma
