2019-06-11 09:05:31,210  鹏程@CMBC 分享链接:
 #每日分享 「链接」 Redis专题(2)：Redis数据结构底层探秘
https://t.zsxq.com/6m2vr7e
2019-06-11 10:45:17,395  chenssy@平安 说: 
加入有 6379 6380 6381 三个主从节点，6379 为主节点，其余两个为从节点，但是后面 6379 挂了，6381 晋升为主机节点，请问6380 变成 6381 的从节点进行复制请求，第一次是全量复制还是部分复制
2019-06-11 10:45:20,516  chenssy@平安 说: 
哪位大佬解释下
2019-06-11 10:45:25,264  chenssy@平安 说: 
[捂脸]
2019-06-11 10:47:20,067  Akkadian@神器 说: 
[抠鼻]不重启应该是部分复制吧，我也不懂
2019-06-11 10:47:43,340  黄威@国美 说: 
后面版本不清楚，我们现在线上3.2.x版本的是全量复制
2019-06-11 10:48:22,679  chenssy@平安 说: 
6380 请求的 runid 应该还是 6379 的runid ，我想是全量复制，但是我看日志是部分复制
2019-06-11 10:49:04,259  黄威@国美 说: 
你们版本是？
2019-06-11 10:49:10,328  黄建@友塔游戏 说: 
4.0后的版本 了解一PSYNC 2.0 
2019-06-11 10:49:19,060  chenssy@平安 说: 
5
2019-06-11 10:51:16,576  陈宝仪@Redis-replicator 说: 
psyn2的话，避免了这个切换的全量复制
2019-06-11 10:55:16,436  chenssy@平安 说: 
「 机器人小胖: 陈宝仪@Redis-replicator 说: 
psyn2的话，避免了这个切换的全量复制 」
- - - - - - - - - - - - - - -
感谢指导，psyn2 我查下文章
2019-06-11 10:56:07,279  chenssy@平安 说: 
https://blog.csdn.net/n88Lpo/article/details/78529195
2019-06-11 10:56:31,535  chenssy@平安 说: 
「 机器人小胖: 陈宝仪@Redis-replicator 说: 
psyn2的话，避免了这个切换的全量复制 」
- - - - - - - - - - - - - - -
大佬，有文章推荐没？
