2019-06-24 00:38:16,798  吴炳锡@知数堂 说: 
大早上来盖个楼吧。说出你生产中用的Redis版本？
2019-06-24 00:38:26,201  吴炳锡@知数堂 说: 
2.8.X的表示还活着
2019-06-24 00:45:41,442  窦锦帅@滴滴 说: 
2.8/3.2
2019-06-24 00:45:43,475  Truman@newegg 说: 
3.06
2019-06-24 00:46:31,640  吴炳锡@知数堂 说: 
用3.X是为了cluster了吧
2019-06-24 00:48:23,330  黄威@国美 说: 
3.2
2019-06-24 00:50:41,116  窦锦帅@滴滴 说: 
@吴炳锡@知数堂 是的
2019-06-24 00:51:22,834  gukf@牛栏 说: 
3.2。有少部分5.0x
2019-06-24 00:52:47,288  吴炳锡@知数堂 说: 
@gukf@牛栏  你这个先进。
2019-06-24 00:53:04,845  吴炳锡@知数堂 说: 
你升级到5.0.X当时有什么原因吗？
2019-06-24 00:53:52,709  gukf@牛栏 说: 
比3.2的内存占用好点
2019-06-24 01:02:56,853  麦霍键@腾讯 说: 
2.8，3.2，4.0都有
2019-06-24 01:17:08,024  鹏程@CMBC 说: 
3.x 和4.x都有
2019-06-24 01:40:15,085  吴炳锡@知数堂 说: 
看来需要redis 5.0的布道了 @鹏程@CMBC  可以考虑搞起来了
2019-06-24 01:41:11,067  木木@简寻 说: 
腾讯云和阿里云的集群好像也就到4.0
2019-06-24 01:44:26,467  吴炳锡@知数堂 说: 
嗯，都够用了
2019-06-24 01:44:43,782  吴炳锡@知数堂 说: 
作者对于5.0升级建议
2019-06-24 01:45:10,678  吴炳锡@知数堂 说: 
不出Bug就不要升级了。可以等6了
2019-06-24 01:45:16,333  作@广州杰海金融 说: 
redis 阿里云 到5.0啦
2019-06-24 01:49:24,450  单汉强@网易游戏 说: 
在用的都没有必要强制升级，新上线的一般都上5.0了
2019-06-24 01:49:24,754  白宸@阿里云 说: 
阿里云、aws的5.0版本都在对客户服务的
2019-06-24 09:35:52,610  鹏程@CMBC 说: 
欢迎新来的朋友~方便做个简单自我介绍，再把群名片改下名字@公司~然后看下群公告，谢谢！ @阿拉斯加大闸蟹
2019-06-24 09:36:13,754  阿拉斯加大闸蟹 说: 
好👌
2019-06-24 09:52:58,768  阿拉斯加大闸蟹 说: 
来自雪球，目前负责grpc、redis方面工作
1.redis2.8实时迁移至redis4 目前用唯品会的rmt方案
2.redis cluster的管理 目前redis-manager
3.redis cluster的监控告警 目前grafana
4.redis cluster的用户无感知client封装 目前思考中。。。

很高兴认识各位[玫瑰]
2019-06-24 09:53:26,347  星星@游戏 说: 
[强]
2019-06-24 09:53:46,473  小智@高顿 说: 
[强]
2019-06-24 09:53:55,477  红发@bed 说: 
[强]
2019-06-24 09:54:21,738  唐唐@烽火 说: 
[强]
2019-06-24 10:01:08,220  陈宝仪@Redis-replicator 说: 
[强]
2019-06-24 10:06:46,461  鹏程@CMBC 说: 
[强][强][强]
2019-06-24 10:33:02,988  麦霍键@腾讯 说: 
[强]
2019-06-24 10:50:42,374  鹏程@CMBC 说: 
@singgel@雪球 雪球哪些业务场景用了Redis？
2019-06-24 10:51:46,765  singgel@雪球 说: 
1.实时行情数据
2.推荐信息流
3.业务线的常规使用
2019-06-24 10:52:21,718  cici®@小猪科技 说: 
[强]
2019-06-24 10:52:53,163  singgel@雪球 说: 
https://github.com/xueqiu/rdr
2019-06-24 10:53:26,171  singgel@雪球 说: 
还有就是这个redis内存分析是好几年前的项目了，是T+1的
2019-06-24 10:53:49,768  singgel@雪球 说: 
想搞成实时的，大家有啥好的思路或者借鉴
2019-06-24 10:54:12,730  鹏程@CMBC 说: 
嗯，这个作者是不是都不在雪球了，哈哈~
2019-06-24 10:54:38,275  singgel@雪球 说: 
是的 去小赢科技了
2019-06-24 10:55:17,393  singgel@雪球 说: 
是的 哈哈
2019-06-24 11:01:55,514  Truman@newegg 说: 
我们的实现参考rdr
2019-06-24 11:02:33,035  Truman@newegg 说: 
rdr是离线分析，我们做成分布式的，调度任务定时分析的
