2019-05-10 02:11:14,055  Richard@datageek 说: 
我们的group最近才准备上redis, 请教一下，目前在选择Java redis clients ，jedis, redisson , lettuce? 用做一个REST web service的caching layer, traffic 大约2-3万qps, 我们必须使用公司Data center 的redis cluster。需要cache 数个Cassandra 的表，想听听各位专家的意见
2019-05-10 02:16:37,404  Richard@datageek 说: 
初步计算每10分钟一次incremental redis cache update, 每天一次full cache rewrites 
2019-05-10 02:16:48,290  Richard@datageek 说: 
初步计划每10分钟一次incremental redis cache update, 每天一次full cache rewrites 
2019-05-10 02:19:31,556  Rui Gu@Redisson 说: 
这事我有发言权吗？
2019-05-10 02:19:48,184  Richard@datageek 说: 
Sure[呲牙]
2019-05-10 02:21:19,605  Richard@datageek 说: 
Btw, I’m new to redis[呲牙]
2019-05-10 02:21:21,003  Rui Gu@Redisson 说: 
都是看长相来定的[偷笑]
2019-05-10 02:22:24,350  Rui Gu@Redisson 说: 
你看哪个顺眼就选哪个吧
2019-05-10 02:22:36,292  Richard@datageek 说: 
[偷笑]
2019-05-10 02:25:31,854  Richard@datageek 说: 
另外还有一个问题，那个10分钟一次redis update process, 一般来说大家用cron job 来做吗？
2019-05-10 02:27:19,485  Rui Gu@Redisson 说: 
不一定啊，看你项目现有的基础设施了
2019-05-10 02:32:03,860  Richard@datageek 说: 
我们group 的现有tech stack 相对其它group来说相对保守。还没有用到Kafka, Spark 等
2019-05-10 02:41:07,218  Rui Gu@Redisson 说: 
说实话，我的意见肯定是bias的。避免不了。三个客户端都有自己的优缺点。但是比较肯定的是，这三个都是与Redis官方合作都很紧密，不会有因为选错了就被抛弃局面。
2019-05-10 02:48:44,330  Richard@datageek 说: 
@Rui Gu@Redisson 多谢🙏
2019-05-10 02:50:34,242  鹏程@CMBC 说: 
@Rui Gu@Redisson 挺客观的
2019-05-10 02:59:11,048  Rui Gu@Redisson 说: 
Jedis是最老牌的客户端，出现得最早，但是更新慢，维护人员换了几泼，现在是RedisLabs在牵头。Lettuce是第一款支持异步操作的客户端，但是项目被抛弃了一段时间，后来被Mark接手在维护。现在Mark被Pivotal招到旗下，整个项目被移到Pivot下管理了。Redisson是三个当中唯一的独立运作的组织。也是唯一一个专门提供Redis客户端企业版和SLA服务的组织。其代码是由早期的Lettuce基础上演变而成，但Mark接手以后，两者发展的方向就不一样了。
2019-05-10 03:17:17,339  Richard@datageek 说: 
[强]
2019-05-10 07:18:37,012  鹏程@CMBC 分享链接:
 #每日分享 「链接」 Redis检索性能不足，改造rsbeat解决历史慢日志跟踪
https://t.zsxq.com/6MVZbyB
2019-05-10 09:43:00,265  goddie@汇量科技 说: 
@Richard@datageek 你们这是什么场景，Cassandra本来就有cache，为什么要和red is混用？
2019-05-10 09:43:59,723  Richard@datageek 说: 
相当于几个denormalized Cassandra tables 
2019-05-10 16:17:28,464  海涛@SPDB 说: 
请教各位大佬，Redis在生产环境是直接用root用户安装使用吗？还是单独建用户安装？
2019-05-10 16:17:59,523  aj@纷享 说: 
非root
2019-05-10 16:18:01,282  海涛@SPDB 说: 
希望了解下大家是怎么用的
2019-05-10 16:19:05,172  邓伟@jit 说: 
不要root安装，建用户
2019-05-10 16:20:01,337  海涛@SPDB 说: 
可以说下理由吗？
2019-05-10 16:23:39,193  单汉强@网易游戏 说: 
redis被黑的案例，可以参考下 https://zhuanlan.zhihu.com/p/25790352
2019-05-10 16:25:23,545  木木@简寻 说: 
应该用容器来跑吧，能避免很多问题
2019-05-10 16:25:55,796  鹏程@CMBC 说: 
没有理由用root，只会带来更大的提权风险
2019-05-10 16:26:11,577  JL@知识圈 说: 
曾经出现redis通过aof写文件写了pub进去~ 然后获取到用户登录权限
2019-05-10 16:27:20,936  鹏程@CMBC 说: 
非root如果是被提权撑死是Redis启动用户被搞
2019-05-10 16:27:41,349  鹏程@CMBC 说: 
是root就是整个主机被搞
2019-05-10 16:28:20,329  aj@纷享 说: 
从安全角度所有的业务服务都不应该用root运行
2019-05-10 16:28:58,236  邓伟@jit 说: 
root留给系统管理员用
2019-05-10 16:30:30,532  海涛@SPDB 说: 
谢谢各位！
2019-05-10 16:32:00,961  鹏程@CMBC 说: 
他在分群发了红包，这个转不过来，我来转达下诚意！
2019-05-10 16:32:02,372  鹏程@CMBC 说: 
哈哈哈~
2019-05-10 16:32:47,316  海涛@SPDB 说: 
哈哈，主群的大佬谢谢了
2019-05-10 19:09:26,098  鹏程@CMBC 说: 
@张杰@步步高 无关话题
2019-05-10 19:24:12,088  杨树杰@nokia 说: 
hget 张杰 红包
2019-05-10 19:24:23,084  杨树杰@nokia 说: 
（nil）
2019-05-10 19:24:56,145  肖贝贝@第四范式 说: 
expire 张杰 300
2019-05-10 19:26:27,125  阿曼@QunQun 说: 
想知道能不能跨群抢红包。
2019-05-10 19:30:00,589  鹏程@CMBC 说: 
不能...因为跨群发红包都转不过来...唉，其实不是非不让大家转一些有意思的，是希望群里技术优先，最小化灌水，这样聊天记录大家翻看起来也更有价值
2019-05-10 21:40:32,768  邓伟@jit 说: 
红包应该属于另一套设计规范
