2019-05-21 00:42:18,477  杭州—小华 说: 
[强]
2019-05-21 08:42:57,147  张晋涛@网易 说: 
cluster 么 那用 go redis cluster 
2019-05-21 08:43:31,605  张晋涛@网易 说: 
基于 redigo 实现的 cluster 集群支持 
2019-05-21 08:47:08,981  YZz 说: 
嗯嗯
2019-05-21 10:54:52,005  鹏程@CMBC 分享链接:
 #每日分享 「链接」 Tedis：基于 TiKV 构建的 NoSQL 数据库
https://t.zsxq.com/7aY37Ia
2019-05-21 10:55:19,894  鹏程@CMBC 说: 
@陈东明@饿了么
2019-05-21 10:55:23,078  鹏程@CMBC 说: 
大作
2019-05-21 10:55:40,738  余汶龙@滴滴 说: 
[强]
2019-05-21 10:56:22,894  李航@滴滴 说: 
[强]
2019-05-21 10:56:34,738  Rui Gu@Redisson 说: 
[强]
2019-05-21 10:56:43,645  王江华@好未来 说: 
[强]
2019-05-21 10:56:56,454  陈东明@饿了么 说: 
@鹏程@CMBC 还比较简陋，多提意见
2019-05-21 10:57:01,539  强昌金@极数云舟 说: 
[强]
2019-05-21 11:25:38,524  张皓_小作坊棋牌 说: 
[强]
