2019-10-11 04:12:46,728  鹏程@CMBC 分享链接:
 #每日分享 「链接」 A Multithreaded Fork of Redis That’s 5X Faster Tha...
https://t.zsxq.com/BiEaAii
2019-10-11 04:38:04,775  秦红胜@EmbraceSource 说: 
国内有人用这个多线程的Redis分支 KeyDB
2019-10-11 04:38:08,078  秦红胜@EmbraceSource 说: 
吗
2019-10-11 04:41:09,166  刘文举@北京默契破冰科技有限公司 说: 
「 张立志@失业中: 各位 redis set ismember为什么是o1 」
- - - - - - - - - - - - - - -
set使用value=null的hash实现的，判断是否存在就是o1的了。
2019-10-11 14:39:42,092  Glenn@美团点评 说: 
mysql快了
2019-10-11 14:45:18,289  张立志@失业中 说: 
@刘文举@北京默契破冰科技有限公司 这是在hash 的情况下，这种情况不用讨论，理想情况下，没有冲突就是o1
2019-10-11 14:45:38,025  张立志@失业中 说: 
但在intset 情况下，则不然
2019-10-11 14:46:19,269  张立志@失业中 说: 
intsetSearch 查找给定的整数是否在intset中 O(logN) 
intsetUpgradeAndAdd 先升级intset然后插入元素 O(N) 
intsetAdd 直接添加元素 O(N) 
intsetMoveTail 将intset中元素偏移 O(N) 
intsetRemove 删除元素 O(N) 
2019-10-11 14:46:31,586  张立志@失业中 说: 
这是实际的时间复杂度
2019-10-11 14:47:38,118  张立志@失业中 说: 
后边看了一些文章，总结两点，第一官方给的时间复杂度，是理想状态下参考时间复杂度
2019-10-11 14:48:13,393  张立志@失业中 说: 
第二 intset 有一个512的限制，个人理解用时间换空间
2019-10-11 14:49:26,097  张立志@失业中 说: 
从目前来看，个人理解可能有出入，有更官方的说法，可以继续讨论
