2019-07-15 01:43:47,183  鹏程@CMBC 分享链接:
 #每日分享 「链接」 关于Redis热点key的一些思考 - 个人文章 - SegmentFault 思否
https://t.zsxq.com/NBQJeaq
2019-07-15 02:13:47,531  京东到家-殷帅 说: 
redis主从同步是怎么同步的，他的文件格式是什么
2019-07-15 02:26:31,981  鹏程@CMBC 说: 
这个翻下群分享或Google应该很多吧，不知道具体你要了解什么
2019-07-15 07:56:32,561  曾庆勇@盖娅 说: 
查到了原因，和redis无关，我们使用的一个随机函数，在一个特殊情况下产生了重复结果，我们的业务逻辑是如果重复了会顶掉之前的值，所以查不到
2019-07-15 07:58:10,325  肖贝贝@BIGO 说: 
好棒, 问了问题自己查到原因说出来是个好习惯[呲牙], 咋查到的, 看的aof记录吗
2019-07-15 07:59:10,084  张玉川@天脉 说: 
估计是业务分析出来的
2019-07-15 08:03:13,997  曾庆勇@盖娅 说: 
是看的aof记录
2019-07-15 08:03:33,765  曾庆勇@盖娅 说: 
纯看业务那边实际看不出来，业务逻辑没问题，代码逻辑没问题，就出在一个随机函数上
2019-07-15 08:05:22,109  鹏程@CMBC 说: 
[强][强]有反馈的好同志~
2019-07-15 08:05:58,633  张玉川@天脉 说: 
[强]这种错误一般不会出现在底层的软件上，大部分都是业务的逻辑处理错误，而且还不容易被发现
2019-07-15 08:17:58,444  曾庆勇@盖娅 说: 
是的
2019-07-15 08:34:10,053  黄建@友塔游戏 说: 
😂 aof最直接
2019-07-15 23:22:00,700  鹏程@CMBC 分享链接:
 #每日分享 「链接」 怎样做可靠的分布式锁，Redlock 真的可行么？
https://t.zsxq.com/nQ3RNBA
