2019-06-27 09:51:38,173  鹏程@CMBC 说: 
问个问题，我看hmset的实现是发过去服务器端hset一个个来，会不会出现一直极端情况：hmset比如100个，其中set成功了80个的时候服务器挂了，只hmset成功了一部分？
2019-06-27 09:54:56,477  Rui Gu@Redisson 说: 
内存数据库挂了就都没了啊，算不算成功我觉得应该看写了多少到盘里吧
2019-06-27 09:55:14,295  邓伟@jit 说: 
log没有就好
2019-06-27 09:55:39,561  鹏程@CMBC 说: 
也是....
2019-06-27 09:56:40,333  Rui Gu@Redisson 说: 
想通就好
2019-06-27 09:57:04,997  白馨@陌陌 说: 
全写完才算成功吧
2019-06-27 09:58:11,615  白馨@陌陌 说: 
对业务来说
2019-06-27 10:11:36,130  邢志岩@CMBC 说: 
各位好，请教一个问题，目前redis部署是一主两从五哨兵。如果redis客户端socket设置了读写超时时间，执行hmset后没有收到redis回令发生了socket读超时，那么hmset执行结果就未知了。  如果把socket读写超时时间设置为5倍的failover-time，如果还是发生了socket超时，能确定redis发生主从切换了吗？ 谢谢！
2019-06-27 10:16:30,338  白馨@陌陌 说: 
要是redis此时正在flushdb 阻塞了咋整
2019-06-27 10:22:39,624  白馨@陌陌 说: 
或者write由于磁盘繁忙write 挂起  不能判断是通信延迟还是链路故障还是节点故障还是进程挂起             根据分布式理论在判断节点故障时候，需要多取样。
2019-06-27 10:25:17,835  白馨@陌陌 说: 
忽略 以上回答
2019-06-27 14:07:51,387  Wcw 说: 
大家好！很高兴在这里认识大家
2019-06-27 14:09:18,104  吴楚伟 说: 
我现在在深圳从事运维工作。希望有机会和大家探讨学习技术
2019-06-27 14:19:45,921  Glenn@美团点评 说: 
🎉🎉🎉
2019-06-27 14:21:49,579  张晋涛@网易 说: 
欢迎👏
2019-06-27 14:40:47,152  鹏程@CMBC 说: 
@吴楚伟 欢迎~改个名片哈~
2019-06-27 14:51:24,004  吴楚伟 说: 
改实名了
2019-06-27 15:02:44,801  鹏程@CMBC 说: 
嗯嗯，名字@公司，哈~
2019-06-27 15:03:24,087  吴楚伟 说: 
小公司
2019-06-27 15:05:03,601  吴楚伟 说: 
改了。
2019-06-27 22:26:10,406  鹏程@CMBC 分享链接:
 #每日分享 「链接」 GitHub - RedisTimeSeries/RedisTimeSeries: Time Series data structure for Redis
https://t.zsxq.com/AMNzjyF
