2019-06-12 07:55:46,037  鹏程@CMBC 分享链接:
 #每日分享 「链接」 Apache Flink Streaming Connector for Redis
https://t.zsxq.com/EyJURje
2019-06-12 07:56:19,953  鹏程@CMBC 说: 
@chenssy@平安 你翻翻星球或者github上的聊天记录
2019-06-12 10:16:46,466  鹏程@CMBC 说: 
欢迎新来的朋友~方便做个简单自我介绍，再把群名片改下名字@公司~然后看下群公告，谢谢！ @何鹏
2019-06-12 10:19:43,862  鹏程@CMBC 说: 
1. 本群欢迎交流redis的开发和运维，群主每日精选一篇redis有关的文章在群里分享。2016.7到2018.1的 所有每日分享的文章都记录在以下repo：https://github.com/tao12345666333/redis-articles 
后边的分享都记录在群星球和聊天记录github里。

主分群技术讨论聊天通过机器人小胖进行同步，两个群的聊天记录和图片都在https://github.com/gnuhpc/All-About-Redis/tree/master/ChatRecords，按天进行归档上传，图片按时间戳有标注，大家回溯问题可以在这里查看搜索。另外，群消息同步机器人代码也在这个目录下，syncgroupchat.py

2. 如果你感觉群里大牛多，不敢问问题，怕问题太小白，请记住如下原则：只要是自己Google过的，前两页确定都没有得到答案的，请放心在群里提问，看看有没有人参与讨论。群内禁止出现鄙视初学者，讽刺具体问题深浅的情况，不管多大牛一律踢群。

3.请新来的朋友将群名片改为名字@公司。入群不需要红包。长期不改群名片且不发言的会被不定期清理，如有误伤请加我微信加回。

4. 除了redis（包括codis, pika等redis协议兼容db或proxy），本群同时欢迎讨论tidb。所有上述内容的讨论与提问均无需红包。无红包的所有非关于redis或者tidb的内容等待一小时未补红包的直接踢，红包金额多寡不限。本群宗旨是宁可冷场不做扰民。

5.如遇问题红包，请抢红包的朋友给出可以推动此问题解决的回应。定向红包抢错的必须归还原指定接收人。无回应抢红包或乱抢定向红包导致红包无法到达指定人的随机清理。纯商业广告禁入，直接清理。

6.本群定期清理长期未发言且未改群名片的同学，如有误伤请加群主微信重新入群。

7. 欢迎大家安利各种关于redis的会议、书籍、直播活动、招聘信息，无需红包。如参与上述信息中的活动会议等需产生花费，请群里同学认真鉴别，理性选择。

8.有人感兴趣阅读codis源代码的可以给这个项目pr文档和代码注释（为了项目发展请使用简单英文），有问题可以找@spinlock9@Codis （目前codis版本作者）进行讨论，大家一起把这个项目周边完善起来，也能一起成长~

9. 如果群内有人发现网络上不当传播的@搜狐视频-付磊 @黄健宏@huangz.me 的书籍和教学视频请在本群与他们取得联系，用行动支持他们，让他们有更大的动力写出更多的好作品给我们~

10. 本群线上交流活动请参看infoq公众号和运维帮公众号相关文章，2017、2018线下交流会视频和片子请见链接https://pan.baidu.com/s/13clPKqwvH42oK9gk50UT8g

在线观看YouTube: https://www.youtube.com/playlist?list=PLJHcvYmfO6RJU3DiRyv89CherUG3EHda-
2019-06-12 10:20:03,708  鹏程@CMBC 说: 
1. 本群欢迎交流redis的开发和运维，群主每日精选一篇redis有关的文章在群里分享。2016.7到2018.1的 所有每日分享的文章都记录在以下repo：https://github.com/tao12345666333/redis-articles 
后边的分享都记录在群星球和聊天记录github里。

主分群技术讨论聊天通过机器人小胖进行同步，两个群的聊天记录和图片都在https://github.com/gnuhpc/All-About-Redis/tree/master/ChatRecords，按天进行归档上传，图片按时间戳有标注，大家回溯问题可以在这里查看搜索。另外，群消息同步机器人代码也在这个目录下，syncgroupchat.py

2. 如果你感觉群里大牛多，不敢问问题，怕问题太小白，请记住如下原则：只要是自己Google过的，前两页确定都没有得到答案的，请放心在群里提问，看看有没有人参与讨论。群内禁止出现鄙视初学者，讽刺具体问题深浅的情况，不管多大牛一律踢群。

3.请新来的朋友将群名片改为名字@公司。入群不需要红包。长期不改群名片且不发言的会被不定期清理，如有误伤请加我微信加回。

4. 除了redis（包括codis, pika等redis协议兼容db或proxy），本群同时欢迎讨论tidb。所有上述内容的讨论与提问均无需红包。无红包的所有非关于redis或者tidb的内容等待一小时未补红包的直接踢，红包金额多寡不限。本群宗旨是宁可冷场不做扰民。

5.如遇问题红包，请抢红包的朋友给出可以推动此问题解决的回应。定向红包抢错的必须归还原指定接收人。无回应抢红包或乱抢定向红包导致红包无法到达指定人的随机清理。纯商业广告禁入，直接清理。

6.本群定期清理长期未发言且未改群名片的同学，如有误伤请加群主微信重新入群。

7. 欢迎大家安利各种关于redis的会议、书籍、直播活动、招聘信息，无需红包。如参与上述信息中的活动会议等需产生花费，请群里同学认真鉴别，理性选择。

8.有人感兴趣阅读codis源代码的可以给这个项目pr文档和代码注释（为了项目发展请使用简单英文），有问题可以找@spinlock9@Codis （目前codis版本作者）进行讨论，大家一起把这个项目周边完善起来，也能一起成长~

9. 如果群内有人发现网络上不当传播的@搜狐视频-付磊 @黄健宏@huangz.me 的书籍和教学视频请在本群与他们取得联系，用行动支持他们，让他们有更大的动力写出更多的好作品给我们~

10. 本群线上交流活动请参看infoq公众号和运维帮公众号相关文章，2017、2018线下交流会视频和片子请见链接https://pan.baidu.com/s/13clPKqwvH42oK9gk50UT8g

在线观看YouTube: https://www.youtube.com/playlist?list=PLJHcvYmfO6RJU3DiRyv89CherUG3EHda-
2019-06-12 10:20:39,239  浪毛@某某 说: 
[强]
2019-06-12 10:20:52,744  wettper@微博 说: 
[强]
2019-06-12 10:21:07,651  鹏程@CMBC 说: 
1. 本群欢迎交流redis的开发和运维，群主每日精选一篇redis有关的文章在群里分享。2016.7到2018.1的 所有每日分享的文章都记录在以下repo：https://github.com/tao12345666333/redis-articles 
后边的分享都记录在群星球和聊天记录github里。

主分群技术讨论聊天通过机器人小胖进行同步，两个群的聊天记录和图片都在https://github.com/gnuhpc/All-About-Redis/tree/master/ChatRecords，按天进行归档上传，图片按时间戳有标注，大家回溯问题可以在这里查看搜索。另外，群消息同步机器人代码也在这个目录下，syncgroupchat.py

2. 如果你感觉群里大牛多，不敢问问题，怕问题太小白，请记住如下原则：只要是自己Google过的，前两页确定都没有得到答案的，请放心在群里提问，看看有没有人参与讨论。群内禁止出现鄙视初学者，讽刺具体问题深浅的情况，不管多大牛一律踢群。

3.请新来的朋友将群名片改为名字@公司。入群不需要红包。长期不改群名片且不发言的会被不定期清理，如有误伤请加我微信加回。

4. 除了redis（包括codis, pika等redis协议兼容db或proxy），本群同时欢迎讨论tidb。所有上述内容的讨论与提问均无需红包。无红包的所有非关于redis或者tidb的内容等待一小时未补红包的直接踢，红包金额多寡不限。本群宗旨是宁可冷场不做扰民。

5.如遇问题红包，请抢红包的朋友给出可以推动此问题解决的回应。定向红包抢错的必须归还原指定接收人。无回应抢红包或乱抢定向红包导致红包无法到达指定人的随机清理。纯商业广告禁入，直接清理。

6.本群定期清理长期未发言且未改群名片的同学，如有误伤请加群主微信重新入群。

7. 欢迎大家安利各种关于redis的会议、书籍、直播活动、招聘信息，无需红包。如参与上述信息中的活动会议等需产生花费，请群里同学认真鉴别，理性选择。

8.有人感兴趣阅读codis源代码的可以给这个项目pr文档和代码注释（为了项目发展请使用简单英文），有问题可以找@spinlock9@Codis （目前codis版本作者）进行讨论，大家一起把这个项目周边完善起来，也能一起成长~

9. 如果群内有人发现网络上不当传播的@搜狐视频-付磊 @黄健宏@huangz.me 的书籍和教学视频请在本群与他们取得联系，用行动支持他们，让他们有更大的动力写出更多的好作品给我们~

10. 本群线上交流活动请参看infoq公众号和运维帮公众号相关文章，2017、2018线下交流会视频和片子请见链接https://pan.baidu.com/s/13clPKqwvH42oK9gk50UT8g

在线观看YouTube: https://www.youtube.com/playlist?list=PLJHcvYmfO6RJU3DiRyv89CherUG3EHda-
2019-06-12 10:21:12,257  红发@bed 说: 
还没看完
2019-06-12 10:21:22,352  Tommy@Newegg 说: 
[强]
2019-06-12 10:21:28,810  向东@瓜子 说: 
[强]
2019-06-12 10:21:29,004  火柴@给钱啥都干 说: 
1
2019-06-12 10:21:32,264  小智@高顿 说: 
[强]
2019-06-12 10:21:36,591  明@汽车之家 说: 
[强]
2019-06-12 10:21:40,664  HQ@TAL 说: 
棒
2019-06-12 10:21:43,806  于雷@Antiy 说: 
[强]
2019-06-12 10:21:49,275  红发@bed 说: 
[强]
2019-06-12 10:22:05,775  charmingz@faceu 说: 
[强]
2019-06-12 10:22:14,344  小朱@gisZONE 说: 
[强]
2019-06-12 10:22:22,404  YeJianNa 说: 
[强]
2019-06-12 10:22:39,591  刘兆星@金山 说: 
[强]
2019-06-12 10:22:52,154  Tony Bai@热云数据 说: 
@鹏程@CMBC [强][强][强]
2019-06-12 10:22:52,606  Yellen、@interlib 说: 
[强]
2019-06-12 10:23:27,230  上海-Alex Wang 说: 
[强]
2019-06-12 10:23:28,632  鹏程@CMBC 说: 
谢谢大家，大家不用回复了，因为两个群消息同步。我只是更新了下群公告，因为主群满了要清人...
2019-06-12 10:25:24,633  江湖数士@建设银行 说: 
氛围挺好的
2019-06-12 10:25:38,362  HQ@TAL 说: 
群主的功劳
2019-06-12 10:26:52,805  陈朝亮@开普云 说: 
[强]
2019-06-12 10:30:36,178  鹏程@CMBC 说: 
@HQ@TAL 是大家认同，一起的结果~希望今年下半年有机会办下线的时候认识大家~
2019-06-12 10:30:43,486  谁是下一个任意球大师 说: 
[强]
2019-06-12 10:31:54,475  鹏程@CMBC 说: 
@谁是下一个任意球大师 改下群名片？
2019-06-12 10:34:19,573  谁是下一个任意球大师 说: 
好的 [OK]
2019-06-12 10:39:43,087  cici®@小猪科技 说: 
[强] 这是加过的一个最纯粹的技术群了。
2019-06-12 10:55:48,454  智坚@腾讯 说: 
[强]
2019-06-12 10:56:04,478  何鹏@任子行 说: 
[强]
2019-06-12 10:58:59,931  黄继立@首汽约车 说: 
[强]
2019-06-12 11:00:50,183  张晋涛@网易 说: 
2 群也快满了 [ThumbsUp] 
2019-06-12 11:07:31,625  ら冬@微盟 说: 
[强]
2019-06-12 11:14:46,759  JOKING@jokinglove.com 说: 
[强]
2019-06-12 11:24:48,623  魏海涛@新华社 说: 
纯技术群对技术人员的吸引力巨大[强][强]
2019-06-12 11:49:13,358  杨树杰@nokia 说: 
弱弱的问一句，hash的value里面如果存放数值10000，是按什么方式存储的？整形还是字符串？ 实际占用几个字节的空间?
2019-06-12 12:12:16,953  xinxinbai@陌陌 说: 
不负责任的表示 REDIS_ENCODING_INT  long 8字节
2019-06-12 12:20:16,184  肖贝贝@第四范式 说: 
http://redisbook.com/preview/object/hash.html
2019-06-12 12:21:37,660  肖贝贝@第四范式 说: 
从这里来看, 可能的情况有: 在较大的hash里, 应该是个stringObject, 在较小的hash里, 可能是个zip entry, 里面的实际值应该是个整数
2019-06-12 12:22:13,658  肖贝贝@第四范式 说: 
实际的占用, 可以看下这两个结构的组成
2019-06-12 13:10:10,002  张仕华@滴滴 说: 
放入ziplist中时会根据数的大小决定用1,2,3,4还是8字节存.放入hash中时就是一个sds
2019-06-12 13:54:57,922  杨树杰@nokia 说: 
hstrlen 和数本身存储占用的内存 有什么区别呢？比如123456789123这个数字，用hstrlen得到的结果是12，这么说就不是用8个字节了？
2019-06-12 14:08:55,866  张仕华@滴滴 说: 
hstrlen返回的不是保存时用了几个字节,而是字符串的长度.如果是个整数,就是这个整数转换为字符串的话有多长
2019-06-12 14:18:27,539  刘宝珍 说: 
redis4  的c#驱动
2019-06-12 14:18:59,164  鹏程@CMBC 说: 
@刘宝珍 改个群名片？
2019-06-12 23:15:33,918  亦清@yiispace 说: 
@余梦杰@PingCAP - TiDB    大侠 连接地址微信电脑版 咋打不开  可以再发下不 
2019-06-12 23:17:49,596  余梦杰@PingCAP - TiDB 说: 
抱歉没了解您的意思
2019-06-12 23:18:19,616  何鹏@任子行 说: 
你是真的机器人？
2019-06-12 23:18:28,425  何鹏@任子行 说: 
@机器人小胖
2019-06-12 23:19:25,292  亦清@yiispace 说: 
@余梦杰@PingCAP - TiDB   好了   我的微信有问题 太扯了  重启下微信 你发的那个连接又好用了 [偷笑] 打扰了
2019-06-12 23:19:43,157  亦清@yiispace 说: 
刚才 一直连接时空内容 我以为链接坏掉了
2019-06-12 23:19:49,106  亦清@yiispace 说: 
[握手]
