2019-04-30 11:16:14,044  JL@知识圈 说: 
想了解下大家在用什么Redis集群方案
2019-04-30 11:18:19,294  JL@知识圈 说: 
网上很多不推荐Redis Cluster. 目前我在用Codis 感觉不错，但是挺久没更新了
2019-04-30 11:23:24,941  黄东旭 | PingCAP 说: 
codis很皮实啊
2019-04-30 11:23:32,876  黄东旭 | PingCAP 说: 
我也不推荐redis cluster
2019-04-30 11:24:03,962  arthur@baidu 说: 
请教一下原因是什么呢？
2019-04-30 11:24:29,498  arthur@baidu 说: 
对于比较小的集群规模，我觉得 redis cluster 是不是也是一个比较省心省力的方案
2019-04-30 11:25:05,557  黄桃@滴滴出行 说: 
还一个方案就是 redis cluster + 自己开发的proxy ，这样的好处是proxy比较轻，充分利用了redis cluster
2019-04-30 11:25:34,352  秦红胜@EmbraceSource 说: 
有这样开源的proxy吗
2019-04-30 11:25:38,568  黄桃@滴滴出行 说: 
https://github.com/eleme/corvus
2019-04-30 11:25:41,504  arthur@baidu 说: 
嗯，其实就是智能sdk
2019-04-30 11:34:01,013  黄桃@滴滴出行 说: 
不过开源的corvus我也没用过，如果有底层开发+redis源码阅读能力，自己尝试写一个能解析redis协议+路由功能proxy也不错哈。集群管理 、重新分片、故障转移等操作redis cluster已经做了，可以用现成的。
2019-04-30 11:34:39,764  黄桃@滴滴出行 说: 
codis也非常不错，可以直接用
2019-04-30 11:35:20,494  秦红胜@EmbraceSource 说: 
codis更新比较慢
2019-04-30 11:35:55,119  何铁头@wl 说: 
corvus挺好用的
2019-04-30 11:45:05,318  张皓_小作坊棋牌 说: 
支持集群 add-node del-node reshard 功能很少 c++ 代码很一般 单线程全异步  @arthur@baidu 
2019-04-30 11:45:20,738  张皓_小作坊棋牌 说: 
https://github.com/danielshaving/redis-cpp17
2019-04-30 11:50:15,240  JL@知识圈 说: 
@黄东旭 | PingCAP 看过大哥你的文章~ 我对codis真挑不出毛病~
2019-04-30 11:51:20,817  JL@知识圈 说: 
我也是看到codis更新比较慢~
2019-04-30 17:17:58,093  东风无眠@华泰证券 说: 
redis支持ipv6吗
2019-04-30 17:18:06,828  东风无眠@华泰证券 说: 
我这边启动后也是这个错误
