2019-07-31 09:44:53,257  东风无眠@华泰证券 说: 
问下大家，谁知道redis5里面cluster模式增量复制完全好用了吗？
2019-07-31 14:26:31,582  cici®@小猪科技 说: 
你们的 Redis 版本都用那么新的嘛？
2019-07-31 14:33:16,690  怒力@高晟京 说: 
必须
2019-07-31 15:02:45,821  鹏程@CMBC 说: 
欢迎新来的朋友~方便做个简单自我介绍，再把群名片改下名字@公司~然后看下群公告，谢谢！ @海中王.
2019-07-31 20:22:30,562  白馨@陌陌 说: 
请问各位大佬 Redis cluster 的可用性 当两个节点故障时 1-(1/(N*2-1))的可能性不可用 这是根据什么算的
2019-07-31 20:31:00,343  单汉强@网易游戏 说: 
这个可能性是指同一个分片的主从都挂掉的情况
2019-07-31 20:31:23,463  白馨@陌陌 说: 
我知道
2019-07-31 20:31:26,085  白馨@陌陌 说: 
我是说公职
2019-07-31 20:31:29,293  白馨@陌陌 说: 
公式
2019-07-31 20:32:07,027  白馨@陌陌 说: 
1-(1/(N*2-1))   我现在1-10都数不清[捂脸] 数学不能理解
2019-07-31 20:32:35,363  单汉强@网易游戏 说: 
N个一主一从的分片，挂掉一个，剩下2N-1个节点，再挂该分片的的另一个节点的概率，就是1 / (2N-1)
2019-07-31 20:33:03,926  单汉强@网易游戏 说: 
N个一主一从的分片，总共2N个节点，挂掉一个节点，剩下2N-1个节点，再挂该分片的的另一个节点的概率，就是1 / (2N-1)
2019-07-31 20:33:33,914  单汉强@网易游戏 说: 
可用性就是 1  - 1/(2N-1)
2019-07-31 20:37:55,580  单汉强@网易游戏 说: 
这里说的可用性，完整的背景，我没有记错应该是，当一个集群挂了一个节点，再挂一个节点时，整个集群仍然是可用的，这个事件的概率是1  - 1/(2N-1)。
2019-07-31 20:38:41,415  白馨@陌陌 说: 
嗯嗯 [强]
2019-07-31 20:45:38,168  张仕华@滴滴 说: 
[强]
2019-07-31 21:00:12,291  张贵川@mz 说: 
[强][强]赞
