2019-08-12 00:06:11,615  彭鼎@zelly 说: 
手滑了
2019-08-12 00:06:23,853  彭鼎@zelly 说: 
手滑了
2019-08-12 00:06:24,161  彭鼎@zelly 说: 
不好意思
2019-08-12 00:06:24,984  彭鼎@zelly 说: 
不好意思
2019-08-12 07:27:17,598  鹏程@CMBC 说: 
@彭鼎@zelly 没事儿，一看就是手滑了，要是广告连个链接都没有...
2019-08-12 07:27:18,571  鹏程@CMBC 说: 
@彭鼎@zelly 没事儿，一看就是手滑了，要是广告连个链接都没有...
2019-08-12 07:55:12,719  鹏程@CMBC 分享链接:
 #每日分享 「链接」 How to work with Cluster Mode on Amazon ElastiCach...
https://t.zsxq.com/YFYZVRN
2019-08-12 07:55:13,012  鹏程@CMBC 分享链接:
 #每日分享 「链接」 How to work with Cluster Mode on Amazon ElastiCach...
https://t.zsxq.com/YFYZVRN
2019-08-12 10:40:10,128  何宴平@东软 说: 
大家在Mac上用什么Redis的UI客户端呀？
2019-08-12 10:40:12,105  何宴平@东软 说: 
大家在Mac上用什么Redis的UI客户端呀？
2019-08-12 10:40:27,533  JL@知识圈 说: 
直接用命令行挺好的
2019-08-12 10:40:27,809  JL@知识圈 说: 
直接用命令行挺好的
2019-08-12 10:40:30,851  Jesse xuan 说: 
Medis
2019-08-12 10:40:31,156  Jesse xuan 说: 
Medis
2019-08-12 10:50:18,063  鹏程@CMBC 说: 
为rdm打call，我那本书的技术审阅是rdm的作者。。好像是个乌克兰人
2019-08-12 10:50:18,369  鹏程@CMBC 说: 
为rdm打call，我那本书的技术审阅是rdm的作者。。好像是个乌克兰人
2019-08-12 10:55:50,660  何宴平@东软 说: 
多谢啦， 我去查查看
2019-08-12 10:55:50,944  何宴平@东软 说: 
多谢啦， 我去查查看
2019-08-12 11:44:57,720  cici®@小猪科技 说: 
这个~。真心好用。
2019-08-12 11:44:58,719  cici®@小猪科技 说: 
这个~。真心好用。
2019-08-12 11:57:36,698  陶正宁@鑫普莱科技 说: 
汗，之前都不知道这个。
2019-08-12 11:57:37,003  陶正宁@鑫普莱科技 说: 
汗，之前都不知道这个。
2019-08-12 12:15:31,599  mjy@huobi 说: 
怎么下载的
2019-08-12 12:15:31,892  mjy@huobi 说: 
怎么下载的
2019-08-12 17:20:37,702  黄威@国美 说: 
大家好，上周五说的关于python的redis客户端redis-py的monitor()函数解析lua客户端类型数据的bug的pull-request已提交给作者（还未合并），如果有同学需要，欢迎从https://github.com/kukey/redis-py下载使用😜
2019-08-12 17:20:38,022  黄威@国美 说: 
大家好，上周五说的关于python的redis客户端redis-py的monitor()函数解析lua客户端类型数据的bug的pull-request已提交给作者（还未合并），如果有同学需要，欢迎从https://github.com/kukey/redis-py下载使用😜
2019-08-12 17:23:01,531  黄威@国美 说: 
这个bug的根本原因是redis-py在解析monitor返回的数据时，使用了正则表达式，但是对[%d lua]客户端类型的数据进行解析时，正则表达式会报错；Redis的monitor信息的相关源码，如下图：
2019-08-12 17:23:02,641  黄威@国美 说: 
这个bug的根本原因是redis-py在解析monitor返回的数据时，使用了正则表达式，但是对[%d lua]客户端类型的数据进行解析时，正则表达式会报错；Redis的monitor信息的相关源码，如下图：
2019-08-12 17:24:05,676  Glenn@美团点评 说: 
[强]
2019-08-12 17:24:05,989  Glenn@美团点评 说: 
[强]
2019-08-12 18:24:56,959  张晋涛@网易 说: 
@烛昭@阿里云 话说  redis-shake 同步的时候 遇到个 空指针 [捂脸]
2019-08-12 18:24:57,981  张晋涛@网易 说: 
@烛昭@阿里云 话说  redis-shake 同步的时候 遇到个 空指针 [捂脸]
2019-08-12 18:29:15,700  烛昭@阿里云 说: 
这看起来是驱动的报错，我看下
2019-08-12 18:29:15,983  烛昭@阿里云 说: 
这看起来是驱动的报错，我看下
2019-08-12 19:24:48,450  烛昭@阿里云 说: 
感谢反馈，这里是redis-go-cluster的驱动代码的bug，我更新完驱动了，我发个bugfix
2019-08-12 19:24:48,752  烛昭@阿里云 说: 
感谢反馈，这里是redis-go-cluster的驱动代码的bug，我更新完驱动了，我发个bugfix
2019-08-12 19:32:42,313  鹏程@CMBC 说: 
[强][强][强]
2019-08-12 19:32:42,619  鹏程@CMBC 说: 
[强][强][强]
2019-08-12 19:45:56,252  张晋涛@网易 说: 
👍 高效 问题已解决 
2019-08-12 19:45:56,553  张晋涛@网易 说: 
👍 高效 问题已解决 
2019-08-12 20:09:55,691  云@趣头条 说: 
厉害
2019-08-12 20:09:57,155  云@趣头条 说: 
厉害
