2019-07-05 02:31:41,042  鹏程@CMBC 分享链接:
 #每日分享 「链接」 Redis 高负载下的中断优化 - 掘金
https://t.zsxq.com/euzFE23
2019-07-05 02:34:02,920  黄威@国美 说: 
[强]
2019-07-05 02:42:53,491  Glenn@美团点评 说: 
无耻了 copy我们文章还不写出处
2019-07-05 02:45:09,531  邓伟@jit 说: 
numa也有劣势的
2019-07-05 02:48:40,964  邓伟@jit 说: 
从根源优化 要让减少cpu执行周期 不要在内存中做无用功
2019-07-05 02:48:54,632  张晋涛@网易 说: 
「Glenn@美团点评: 无耻了 copy我们文章还不写出处」
—————————
文章找人删掉了 帐号也封了 
2019-07-05 02:50:14,780  付磊@快手 说: 
又来做广告了，快手招聘Redis开发运维工程师，具体jd如下，有兴趣的可以联系我

1. 大致规模：

即将到20万+个Redis memcache、每天调用数十万亿次、PB级别数据。

2. 职位描述
1.负责亿万级Cache存储集群，支撑核心业务。 
2.负责Cache异地多活的设计、研发等工作。
3.深入理解业务场景的存储需求，与业务合作寻找最合适的存储方案。
4.探索运维自动化和智能化技术和方向。


3. 任职要求
1.计算机或相关专业本科及以上学历-熟练使用C、C++、Java开发语言优先，具备良好的编程基础，对工程质量有很高的自我要求。
2.参与过大型异地多活系统的设计、研发工作优先。
3.熟悉Redis、Memcached、RocksDB、其他KV存储一种，开源社区活跃者或贡献者优先。
4.具备较强的学习能力和逻辑思维，追求极致。
5.良好的沟通、团队协作能力，强烈的责任心，进取心、优秀的执行能力。
2019-07-05 02:50:37,698  刘宝珍 说: 
应用程序要根据numa做适配的。
2019-07-05 02:50:45,597  张冬洪@CRUG 说: 
[强]
2019-07-05 02:50:46,696  刘宝珍 说: 
有的应用不支持numa。那就没办法了
2019-07-05 02:50:51,704  宫凡峰·网络安全 说: 
[强]
2019-07-05 02:51:00,609  刘宝珍 说: 
理论来说numa是挺好的东西。
2019-07-05 02:51:20,492  王江华@好未来 说: 
[强]
2019-07-05 02:53:16,250  罗贵贵@陌陌 说: 
快手这个规模的redis太可怕了[强]，不知道占用了多少台机器，上了docker没有，运维成本高不高？
2019-07-05 02:54:06,353  邓伟@jit 说: 
docker好吗？我们都在用kvm
2019-07-05 02:56:07,457  Glenn@美团点评 说: 
@张晋涛@网易 怎么做到了[强]
2019-07-05 02:56:17,431  钱生@平安 说: 
很好奇这么大规模的缓存怎么管
2019-07-05 02:56:47,696  付磊@快手 说: 
「 机器人小胖: 钱生@平安 说: 
很好奇这么大规模的缓存怎么管 」
- - - - - - - - - - - - - - -
cachecloud [呲牙]
2019-07-05 02:57:14,046  刘宝珍 说: 
搜狐开源的cachecloud？
2019-07-05 02:57:41,303  付磊@快手 说: 
对，那个就是我开发的。
2019-07-05 02:58:00,716  洋烊@借贷宝 说: 
只要运维平台写得好，RD就能做简单的运维工作，DBA省心
2019-07-05 02:58:34,417  刘宝珍 说: 
厉害啊
2019-07-05 02:59:04,095  刘宝珍 说: 
还在更新吗？
2019-07-05 02:59:24,809  王江华@好未来 说: 
磊神[强][强]，我看博客都不更新了
2019-07-05 02:59:43,318  刘宝珍 说: 
cachecloud好久都不更新了吧
2019-07-05 02:59:51,122  刘乐＠多来点 说: 
cachecloud 双机房热备那块说的太模糊了。不知道具体实现没有。
2019-07-05 03:00:13,234  钱生@平安 说: 
接着更新啊，上个版本都快3年前了
2019-07-05 03:01:09,059  付磊@快手 说: 
「 王江华@好未来: 磊神[强][强]，我看博客都不更新了 」
- - - - - - - - - - - - - - -
苦逼干活中 人太少了。
2019-07-05 03:05:44,694  刘宝珍 说: 
redis-port和redis shake，大家那个用的多？
2019-07-05 03:09:02,121  JL@知识圈 说: 
唯品会的 redis-migrate-tool
2019-07-05 03:09:05,434  肖贝贝@BIGO 说: 
port加1
2019-07-05 03:10:19,963  鹏程@CMBC 说: 
@Glenn@美团点评 我也说怎么感觉是一个啊
2019-07-05 03:10:59,788  鹏程@CMBC 说: 
@张晋涛@网易 我去，很社会啊
2019-07-05 03:11:02,768  鹏程@CMBC 说: 
可以可以~
2019-07-05 03:13:17,733  张晋涛@网易 说: 
😂 它们本来也有这个反馈渠道的 只是加快了进度罢了  
2019-07-05 03:13:51,684  鹏程@CMBC 说: 
我今天看了个标题，感觉差不多，还说要at下他呢
2019-07-05 03:13:53,642  张晋涛@网易 说: 
另外转载不写出处还用来打广告 - - 这种事情本来也不太能看得上 
2019-07-05 03:13:58,754  张晋涛@网易 说: 
恩
2019-07-05 03:14:29,832  鹏程@CMBC 说: 
晋涛给力~要赞
2019-07-05 03:17:11,161  钱生@平安 说: 
[强]
