2019-08-01 09:15:58,924  快乐 说: 
📦现推出免费试吃活动🍓🥝点我头像加我微信！参加活动领6斤水果全国包邮，水果朋友圈任选🍇🥥🍒
2019-08-01 09:22:44,564  张晋涛@网易 说: 
@快乐 ？？
2019-08-01 09:23:29,208  蓝随@企云 说: 
坐等群主
2019-08-01 09:24:26,721  蓝随@企云 说: 
嗯嗯  哈哈
2019-08-01 09:26:16,767  wettper@微博 说: 
[机智]
2019-08-01 09:42:39,126  鹏程@CMBC 说: 
竟然还有个马甲，也踢出去了
2019-08-01 09:46:26,217  HQ@TAL 说: 
漂亮
2019-08-01 09:46:38,910  刘乐＠多来点 说: 
[呲牙]
2019-08-01 09:47:28,791  鹏程@CMBC 说: 
头像都一样能不能不要这么不专业....拉这两个人的同学我也想说，如果是无意的那就无所谓，如果是有意的请你注意。
2019-08-01 10:06:19,068  Glenn@美团点评 说: 
[强]
2019-08-01 10:39:21,899  Rocky@华征 说: 
[强][强]
2019-08-01 10:49:57,995  姜正中@CMBC 说: 
各位大佬 我想问问你们的业务在大并发下使用jedis连接池的有关参数配置是怎样的
2019-08-01 10:59:13,116  陶陶@dtdream 说: 
大并发换lettuce客户端更好，不需要连接池
2019-08-01 11:00:40,857  HQ@TAL 说: 
lettuce 使用common pool2 连接池
2019-08-01 11:18:48,074  怒力@高晟京 说: 
？？
2019-08-01 11:18:48,376  怒力@高晟京 说: 
[发呆][发呆]
2019-08-01 11:27:22,872  姜正中@CMBC 说: 
刚看了一下 说是不需要连接池 要启用也可以 只是没理解说的jedis和lettuce的线程不安全和线程安全
2019-08-01 11:28:51,830  陈宝仪@Redis-replicator 说: 
lettuce线程安全，启动一个在做pipeline的时候会有点问题，因为会在connection设置一个标志位，影响其他利用这个connection的代码
2019-08-01 11:29:42,375  陈宝仪@Redis-replicator 说: 
启用pipeline和事物的时候最好开连接池
2019-08-01 11:30:01,159  陈宝仪@Redis-replicator 说: 
普通应用单链接可以，因为有自动重连
2019-08-01 11:41:24,618  Rui Gu@Redisson 说: 
redisson要灵活得多
2019-08-01 11:42:15,933  陈宝仪@Redis-replicator 说: 
lettuce的pipeline真是麻烦
2019-08-01 11:42:32,229  Rui Gu@Redisson 说: 
线程安全设计，pipeline操作策略也十分方便
2019-08-01 15:28:16,641  鹏程@CMBC 分享链接:
 #每日分享 「链接」 GitHub - rongfengliang/rediSQL: Redis module that ...
https://t.zsxq.com/7qbIEur
2019-08-01 19:33:01,320  鹏程@CMBC 说: 
@隋巍@华为 confirmed
2019-08-01 22:32:00,777  黄群@易宝 说: 
redis-enterprise 这个有线上用过没
