2019-05-24 00:36:29,742  火柴@给钱啥都干 说: 
bigkey之所以不仅造成io阻塞 还会造成cpu上升 主要是因为输出缓冲区的 动态缓冲区链表都是维护导致的吧
2019-05-24 01:42:00,873  付磊 说: 
这里是指 bigkey的命令复杂 对cpu开销大
2019-05-24 01:52:13,331  杨树杰@nokia 说: 
各位大神，有没有办法在同一个redis实例中同时 存储 持久化数据和 非持久化数据？ 这样就不用为了存储这两种形式的数据启用两个redis实例了(一个给持久化用，一个给非持久化用)。
2019-05-24 01:53:56,059  火柴@给钱啥都干 说: 
soga
2019-05-24 01:54:02,487  火柴@给钱啥都干 说: 
多谢大佬指点 
2019-05-24 01:54:42,788  张晋涛@网易 说: 
你可以直接设置过期时间 让它们过期
2019-05-24 01:56:05,227  火柴@给钱啥都干 说: 
@付磊 大佬 我记得 你也写过  bigkey的删除 如果只是删除一个key, 执行 del key命令 这个命令本身也不复杂吧  难道如果key的类型是hashmap 在redis中执行删除会更复杂?
2019-05-24 01:59:02,809  火柴@给钱啥都干 说: 
如果是keys * 造成的阻塞和CPU上升 是不是就是因为输出缓冲区的 动态缓冲区维护和占用造成的呢?
2019-05-24 09:43:32,240  付磊@快手 说: 
大佬们打扰下，发个招聘广告，快手招聘Redis工程师，具体jd如下，有兴趣的可以联系我

1. 大致规模：

10万+个Redis memcache、日到用数十万亿次、PB级别数据。

2. 职位描述
1.负责亿万级Cache存储集群，支撑核心业务。 
2.负责Cache异地多活的设计、研发等工作。
3.深入理解业务场景的存储需求，与业务合作寻找最合适的存储方案。
4.探索运维自动化和智能化技术和方向。


3. 任职要求
1.计算机或相关专业本科及以上学历-熟练使用C、C++、Java开发语言优先，具备良好的编程基础，对工程质量有很高的自我要求。
2.参与过大型异地多活系统的设计、研发工作优先。
3.熟悉Redis、Memcached、RocksDB、其他KV存储一种，开源社区活跃者或贡献者优先。
4.具备较强的学习能力和逻辑思维，追求极致。
5.良好的沟通、团队协作能力，强烈的责任心，进取心、优秀的执行能力。
2019-05-24 09:44:11,305  王江华@好未来 说: 
[强]
2019-05-24 09:44:11,622  白馨@陌陌 说: 
[强]
2019-05-24 09:44:20,182  美团@田斌 说: 
[强]
2019-05-24 09:44:31,822  陈映东@熹鼎 说: 
[强]
2019-05-24 09:44:34,725  Rui Gu@Redisson 说: 
[强]
2019-05-24 09:44:40,867  张晋涛@网易 说: 
[强]
2019-05-24 09:45:03,331  宫凡峰.高防IDC 说: 
[强]
2019-05-24 09:45:03,645  阿曼@QunQun 说: 
[强]
2019-05-24 09:45:10,056  刘乐＠多来点 说: 
[强]
2019-05-24 09:48:28,298  付磊@快手 说: 
稍等 我发个红包
2019-05-24 09:48:59,239  酱油王@咪咕 说: 
[强]
2019-05-24 09:49:01,686  白馨@陌陌 说: 
第一
2019-05-24 09:49:10,683  阿曼@QunQun 说: 
666
2019-05-24 09:49:20,215  王树昌@ 说: 
[强]
2019-05-24 09:49:20,536  貞利亨元@Aleiye 说: 
[强]
2019-05-24 09:49:22,829  钱生@平安 说: 
还有2群
2019-05-24 09:49:25,497  单汉强@网易游戏 说: 
[强]
2019-05-24 09:52:27,591  零度@changtu 说: 
这速度
2019-05-24 09:59:37,001  鹏程@CMBC 说: 
为啥每次我在提前知道你要发红包的情况下都没有抢到！就这么没有缘分么..
2019-05-24 09:59:44,059  付磊@快手 说: 
求简历。。
2019-05-24 10:01:30,054  国报@telicom 说: 
领错了
2019-05-24 10:02:55,581  Truman@newegg 说: 
都不敢瞎点哈
2019-05-24 10:03:41,122  宫凡峰.高防IDC 说: 
变成爱心接力了吗
2019-05-24 10:03:56,992  付磊@快手 说: 
鹏总的你们都敢抢
2019-05-24 10:04:40,666  酱油王@咪咕 说: 
😳在干什么
2019-05-24 10:05:26,993  Ignacio@失业中 说: 
求问付大大一个问题，我这边在使用cachecloud时候遇到一个问题，貌似一个sentinel组合只能监控一组master，slave，假如一个sentinel监听了多个主从redis的话，导入会失败~  @付磊
2019-05-24 10:06:26,393  付磊@快手 说: 
私聊
2019-05-24 10:07:32,133  付磊@快手 说: 
我再发一遍啊，哈哈，消息埋没了
2019-05-24 10:07:34,780  付磊@快手 说: 
大佬们打扰下，发个招聘广告，快手招聘Redis工程师，具体jd如下，有兴趣的可以联系我

1. 大致规模：

10万+个Redis memcache、日到用数十万亿次、PB级别数据。

2. 职位描述
1.负责亿万级Cache存储集群，支撑核心业务。 
2.负责Cache异地多活的设计、研发等工作。
3.深入理解业务场景的存储需求，与业务合作寻找最合适的存储方案。
4.探索运维自动化和智能化技术和方向。


3. 任职要求
1.计算机或相关专业本科及以上学历-熟练使用C、C++、Java开发语言优先，具备良好的编程基础，对工程质量有很高的自我要求。
2.参与过大型异地多活系统的设计、研发工作优先。
3.熟悉Redis、Memcached、RocksDB、其他KV存储一种，开源社区活跃者或贡献者优先。
4.具备较强的学习能力和逻辑思维，追求极致。
5.良好的沟通、团队协作能力，强烈的责任心，进取心、优秀的执行能力。
2019-05-24 10:10:53,576  郭翔@浦发卡中心 说: 
付神
2019-05-24 10:13:02,145  付磊@快手 说: 
@郭翔@浦发卡中心 大佬好
2019-05-24 10:26:38,133  鹏程@CMBC 说: 
谁拿到就谁留着吧...这会儿忙的...
2019-05-24 10:38:21,076  付磊@快手 说: 
@鹏程@CMBC 嚯，央企还这么忙
2019-05-24 10:38:29,150  付磊@快手 说: 
周五啦
2019-05-24 10:43:37,264  海涛@SPDB 说: 
强烈要求开发红包互通功能[呲牙]
2019-05-24 15:26:15,306  wj@tx 说: 
Redis  4.0 有没有大key 迁移工具，将一个大key迁移到另外的集群..
