2019-10-15 12:29:46,412  鹏程@CMBC 说: 
有想听的，想给大家分享的都可以拿出来，围绕着Redis的什么话题都行，聊聊应用场景，聊聊云服务，聊聊内核，都欢迎
2019-10-15 12:29:46,738  鹏程@CMBC 说: 
有想听的，想给大家分享的都可以拿出来，围绕着Redis的什么话题都行，聊聊应用场景，聊聊云服务，聊聊内核，都欢迎
2019-10-15 12:47:06,336  鹏程@CMBC 说: 
@陈宝仪@Redis-replicator 找一个你能北京的周末，哈哈~
2019-10-15 12:47:06,667  鹏程@CMBC 说: 
@陈宝仪@Redis-replicator 找一个你能北京的周末，哈哈~
2019-10-15 12:47:52,202  陈宝仪@Redis-replicator 说: 
周末的话参加一哈
2019-10-15 12:47:53,530  陈宝仪@Redis-replicator 说: 
周末的话参加一哈
2019-10-15 12:49:53,904  鹏程@CMBC 说: 
@陈宝仪@Redis-replicator 你来讲讲这几年做replicator和其他几个Redis开源项目的体会呗
2019-10-15 12:49:54,227  鹏程@CMBC 说: 
@陈宝仪@Redis-replicator 你来讲讲这几年做replicator和其他几个Redis开源项目的体会呗
2019-10-15 12:50:00,262  鹏程@CMBC 说: 
很想听...
2019-10-15 12:50:00,568  鹏程@CMBC 说: 
很想听...
2019-10-15 12:52:31,557  陈宝仪@Redis-replicator 说: 
我没有演讲技能树。我还是做个听众吧
2019-10-15 12:52:31,844  陈宝仪@Redis-replicator 说: 
我没有演讲技能树。我还是做个听众吧
2019-10-15 13:06:20,865  鹏程@CMBC 说: 
正好借着这种完完全全非正式的场合建立起来岂不更好~
2019-10-15 13:06:21,406  鹏程@CMBC 说: 
正好借着这种完完全全非正式的场合建立起来岂不更好~
