2019-05-03 07:50:02,300  鹏程@CMBC 分享链接:
 #每日分享 「链接」 https://youtu.be/hRxWAqU2BHE
https://t.zsxq.com/zVJUzJM
2019-05-03 15:10:22,684  Rui Gu@Redisson 说: 
@鹏程@CMBC 想了解一下群里面有很多人在生产用Redisson，能帮过忙吗？
2019-05-03 15:10:52,393  Slogen@didi 说: 
我们线上用了@Rui Gu@Redisson 
2019-05-03 15:11:54,641  Rui Gu@Redisson 说: 
[强][强]感谢你们的支持和信任
2019-05-03 15:11:58,699  Rui Gu@Redisson 说: 
@Slogen@didi 
2019-05-03 15:14:13,885  鹏程@CMBC 说: 
@Rui Gu@Redisson 想了解一下群里面有很多人在生产用Redisson，大家谁用的举个手~ @所有人
2019-05-03 15:14:24,699  鹏程@CMBC 说: 
@Rui Gu@Redisson 想了解一下群里面有很多人在生产用Redisson，大家谁用的举个手~ @所有人
2019-05-03 15:37:36,116  何铁头@wl 说: 
打算线上使用，还在测试
2019-05-03 15:41:11,526  goddie@汇量科技 说: 
我们没用，用的redis和aerospike
2019-05-03 15:46:05,908  张晋涛@网易 说: 
有业务在测试 印象中没上生产
2019-05-03 16:15:06,917  Rui Gu@Redisson 说: 
@何铁头@wl 你们是哪个公司？
2019-05-03 16:25:20,768  Rui Gu@Redisson 说: 
@鹏程@CMBC 我才想起，现在是五一放假期间
2019-05-03 16:26:04,533  鹏程@CMBC 说: 
是
2019-05-03 16:26:25,314  Rui Gu@Redisson 说: 
[捂脸]
2019-05-03 16:26:46,368  Rui Gu@Redisson 说: 
看来只有我在苦逼上班
2019-05-03 16:27:25,759  何铁头@wl 说: 
车点点
2019-05-03 16:28:29,586  Rui Gu@Redisson 说: 
[握手][握手]
2019-05-03 17:04:13,938  东风无眠@华泰证券 说: 
有人试过redis对ipv6支持不
2019-05-03 17:21:15,742  柱星同学@pytc 说: 
redis支持ipv6，应该是2.8版本之后。
jedis 2.9.0以上版本客户端支持ipv6 @东风无眠@华泰证券  其他smartclient 不清楚了
2019-05-03 17:50:02,101  东风无眠@华泰证券 说: 
@柱星同学@pytc 有这个错误
