2019-07-12 06:42:46,179  刘宝珍 说: 
问个问题， python支持连接池连接sentinel的集群吗？
2019-07-12 07:57:28,616  张晋涛@网易 说: 
可以
2019-07-12 07:58:03,442  刘宝珍 说: 
支持sentinel，我知道。没看到支持用sentinel的连接池啊
2019-07-12 07:58:27,285  刘宝珍 说: 
哪个lib库。 @张晋涛@网易 
2019-07-12 08:02:01,001  鹏程@CMBC 说: 
https://github.com/andymccurdy/redis-py
2019-07-12 08:02:14,172  鹏程@CMBC 说: 
redis-py can be used together with Redis Sentinel to discover Redis nodes.
2019-07-12 08:02:46,092  鹏程@CMBC 说: 
连接池应该没有
2019-07-12 08:03:00,964  鹏程@CMBC 说: 
py自己搞了估计得
2019-07-12 08:03:41,431  张晋涛@网易 说: 
这个也能搞得 
2019-07-12 08:04:05,989  鹏程@CMBC 说: 
看了眼可以
2019-07-12 08:04:07,596  鹏程@CMBC 说: 
是的
2019-07-12 08:04:17,314  鹏程@CMBC 说: 
class SentinelConnectionPool(ConnectionPool):
2019-07-12 08:10:26,794  刘宝珍 说: 
master切换的时候，连接池可以感知吗？
2019-07-12 08:13:56,015  刘宝珍 说: 
我没看到啊，这个不是sentinel创建的连接池啊
2019-07-12 09:21:45,676  单汉强@网易游戏 说: 
可以感知
2019-07-12 10:18:05,894  刘宝珍 说: 
ok，谢了。
2019-07-12 10:26:50,911  鹏程@CMBC 说: 
@刘宝珍 亲，改个群名片~
2019-07-12 10:29:12,841  刘宝珍 说: 
ok，已改
2019-07-12 10:32:53,828  鹏程@CMBC 说: 
这....亲看下群公告，谢谢
2019-07-12 10:32:57,390  鹏程@CMBC 说: 
@改个群名片
