2019-08-02 07:44:39,421  鹏程@CMBC 说: 
国内应该没听说谁用了。。
2019-08-02 11:05:58,003  东风无眠@华泰证券 说: 
redis4带密码扩容，大家有什么方案吗？
2019-08-02 11:06:06,508  吴楚伟@利郎达 说: 
线上的redis实例大家的公司都部属在物理机上还是用虚拟化或容器？
2019-08-02 11:27:55,353  鹏程@CMBC 说: 
@东风无眠@华泰证券 什么版本
2019-08-02 11:28:45,597  隋巍@华为 分享链接:
 重磅！入籍新西兰，就可以免试上清华大学！只要你认识1800个汉字就行...
http://mp.weixin.qq.com/s?__biz=MzA4NDA3Njk0MQ==&amp;mid=2652561551&amp;idx=1&amp;sn=4e0f48a3321499276530f7ac44fb7483&amp;chksm=8402f06db375797bdccba5ffd894d777e66cd05769c4e8bb8765618aa2aa3013269b88c5dd8a&amp;mpshare=1&amp;scene=1&amp;srcid=&amp;sharer_sharetime=1564716634116&amp;sharer_shareid=b4a6ed38808871e6abd358a140be81af#rd
2019-08-02 11:29:54,861  鹏程@CMBC 说: 
@隋巍@华为 发错了吧，话说你昨天拉的人进来没
2019-08-02 11:30:25,974  隋巍@华为 说: 
嗯，点错群了
2019-08-02 11:30:31,490  隋巍@华为 说: 
我问问他
2019-08-02 11:30:47,597  鹏程@CMBC 说: 
@东风无眠@华泰证券 https://github.com/antirez/redis/pull/4288
2019-08-02 11:30:57,952  鹏程@CMBC 说: 
follow这个issue
2019-08-02 11:31:56,724  隋巍@华为 说: 
有了有个问题，现在就只有同城两机房没第三机房，客户就是想用cluster模式，怎么做机房级高可用
2019-08-02 11:49:48,656  东风无眠@华泰证券 说: 
4.0.14
2019-08-02 11:50:03,715  东风无眠@华泰证券 说: 
据说5才知道带密码方式[发抖]
2019-08-02 11:50:19,336  东风无眠@华泰证券 说: 
这个issue看过
2019-08-02 11:53:21,710  东风无眠@华泰证券 说: 
主要是migrate密码不支持密码
2019-08-02 11:56:55,402  鹏程@CMBC 说: 
他给了一个fix你用了没？
2019-08-02 11:57:37,928  鹏程@CMBC 说: 
后边因为trib被干掉了，整合到cli里就支持了，也是作者关这个issue最后的留言。
2019-08-02 11:58:31,570  东风无眠@华泰证券 说: 
回头试试
2019-08-02 11:58:39,285  东风无眠@华泰证券 说: 
你们现在扩容怎么搞的
2019-08-02 15:13:31,002  kane.zhu@摩普 说: 
针对某个key 进行命中率统计 ，可以做到吗
2019-08-02 15:13:41,104  kane.zhu@摩普 说: 
仅从集群这边统计 
2019-08-02 15:18:46,416  X铭@聚骑 说: 
https://emacsist.github.io/2019/07/30/spring-data-redis%E4%B8%8Elettuce-%E4%BD%BF%E7%94%A8-pipeline-%E6%97%B6%E6%B3%A8%E6%84%8F%E4%BA%8B%E9%A1%B9/
