2019-06-05 07:22:22,152  鹏程@CMBC 说: 
每日分享 https://mp.weixin.qq.com/s?__biz=MzU2OTUyNTIzMw==&mid=2247485272&idx=1&sn=09b1cb275343ca9e7a4117d176d441af&chksm=fcfc11c6cb8b98d080b397358a32c1b124b9a83628014e5277946438c904715ba4273002c9b4&mpshare=1&scene=2&srcid=&from=timeline&ascene=2&devicetype=android-28&version=2700043b&nettype=WIFI&abtest_cookie=BQABAAoACwASABMAFQAHACOXHgBWmR4AzZkeANyZHgD0mR4AA5oeAAqaHgAAAA%3D%3D&lang=zh_CN&pass_ticket=FeoqxxTDYipH8db%2BvGERRGStgcw96aTY7js29e6ntpadLfYUA7NAzr1Gchu4GivM&wx_header=1
2019-06-05 09:33:52,011  白馨@陌陌 分享链接:
 唯品会大规模 Redis Cluster 的生产实践
http://mp.weixin.qq.com/s?__biz=MzA4Nzg5Nzc5OA==&amp;mid=2651660079&amp;idx=1&amp;sn=bca50ad39792deadf167077308120264&amp;chksm=8bcbdc86bcbc5590140d6f88a42c9d2b607bfd7916cb05c11c98ad961b2275693c95dee5724f&amp;mpshare=1&amp;scene=1&amp;srcid=0605mCS6SRhYBJdWI1h0Uo4C#rd
2019-06-05 09:33:55,583  白馨@陌陌 说: 
Kafka → Redis Cluster，Storm/Spark实时

Hive →  Redis Cluster，  MapReduce程序

MySQL →  Redis Cluster，Java/C++程序。
2019-06-05 09:34:16,537  白馨@陌陌 说: 
请教一下，这几个场景有点理解无能
2019-06-05 09:35:06,051  白馨@陌陌 说: 
tip：写过hive，做个消息中间件。知道hive，kafka是干嘛的。
2019-06-05 09:36:01,826  白馨@陌陌 说: 
写过hive，做过消息中间件。知道kafka，hive是干嘛的
2019-06-05 09:38:40,518  木木@简寻 说: 
hive和mapreduce中间强行塞入redis是要干啥？
2019-06-05 09:39:52,584  张晋涛@网易 说: 
etl 吧
2019-06-05 09:40:55,788  张晋涛@网易 说: 
原先我们的首页推荐也是这个数据流
2019-06-05 09:41:34,400  晓.峰@陆金所 说: 
是说要把Kafka Hive 以及 MySQL的数据同步到Redis集群，下面是所用到得实时流处理。
2019-06-05 09:48:16,765  白馨@陌陌 说: 
我的观感就是数据量非常非常大，不仅是消息中间件还是hive的数据。以前用hive处理数据都是以小时计算。消息中间件数据多到业务要随机丢数据，很难想象redis怎么发挥作用的。
2019-06-05 09:48:56,127  王新春 说: 
出仓数据写redis，供线上访问
2019-06-05 09:49:07,372  王新春 说: 
就是hive中算好了的数据后，推到redis里面
2019-06-05 09:49:16,474  白馨@陌陌 说: 
处理完的数据？哦哦
2019-06-05 09:50:28,854  木木@简寻 说: 
那不是应该放到hive和mapreduce的后面
2019-06-05 09:50:34,227  白馨@陌陌 说: 
这种就很正常啊，没有必要拿出来特殊说吧
2019-06-05 09:51:42,558  王新春 说: 
Hive →  Redis Cluster，  MapReduce程序
这个意思是，Hive写入redis是依靠MR完成
2019-06-05 09:54:13,764  邓伟@jit 说: 
用redis ，是想做状态的数据流？
2019-06-05 09:54:31,445  邓伟@jit 说: 
想起了flink  Working with state
2019-06-05 10:52:37,037  khaozi@yrd 说: 
@鹏程@CMBC 找到讲cluster分片原理的，能发下吗，星球现在搜索不了
2019-06-05 10:52:43,424  khaozi@yrd 说: 
之前星球里有
2019-06-05 10:56:34,888  张晋涛@网易 说: 
https://moelove.info/redis-articles/   ctrl+f 搜原理
2019-06-05 10:57:52,676  红发@bed 说: 
[强]
2019-06-05 10:58:08,060  风语@bjoil 说: 
@张晋涛@网易   这个内容有点老了
2019-06-05 10:59:35,757  张晋涛@网易 说: 
打开慢的话 就 https://github.com/tao12345666333/redis-articles 这个   这里的内容群公告里面有说明
2019-06-05 10:59:37,342  khaozi@yrd 说: 
嗯，主要看看cluster最新集群的分片的原理
2019-06-05 10:59:55,564  张晋涛@网易 说: 
找到他需要的信息就足够了 
2019-06-05 11:00:16,592  khaozi@yrd 说: 
嗯，我看看
2019-06-05 11:01:14,031  HQ@TAL 说: 
[强] 涛，给力
2019-06-05 11:08:19,124  白馨@陌陌 说: 
这可以的啊
2019-06-05 17:39:58,730  鹏程@CMBC 说: 
欢迎新来的朋友~方便做个简单自我介绍，再把群名片改下名字@公司~然后看下群公告，谢谢！ @摸鱼
2019-06-05 20:28:36,868  摸鱼 说: 
大家好 我叫姜正中 很高兴能和大家就redis使用相互交流和学习 还望大家不吝赐教[抱拳][抱拳]
2019-06-05 21:08:18,231  洋烊@借贷宝 说: 
相同的offset，从库的key比主库少是因为什么呢？大佬们帮我解答下
2019-06-05 21:10:37,721  洋烊@借贷宝 说: 
从的key比主少，而且我检查了内存是够用的
2019-06-05 21:11:10,923  xinxinbai@陌陌 说: 
从可写吗
2019-06-05 21:11:49,354  洋烊@借贷宝 说: 
配置了 slave 的read-only
2019-06-05 21:12:46,899  洋烊@借贷宝 说: 
基本上没什么流量的内部数据库，没延迟，master都没什么写入，我就今天给master加个slave，发现slave的key竟然比master少
2019-06-05 21:13:53,584  xinxinbai@陌陌 说: 
😂看成主比从少
2019-06-05 21:19:15,443  xinxinbai@陌陌 说: 
会不会是过期键的问题啊
2019-06-05 21:21:16,331  钱生@平安 说: 
拿rdb比下？
2019-06-05 21:21:16,530  洋烊@借贷宝 说: 
这个博客是哪个牛牛写的，打不开啊
2019-06-05 21:21:34,541  洋烊@借贷宝 说: 
rdb有checksum么？
2019-06-05 21:23:36,095  洋烊@借贷宝 说: 
虽然ip被我磨掉了，熟悉codis的人应该能看懂我表达的意思
2019-06-05 21:24:22,434  洋烊@借贷宝 说: 
陌陌你说的过期键是怎么肥事
2019-06-05 21:24:40,377  xinxinbai@陌陌 说: 
dump时候
2019-06-05 21:24:58,696  xinxinbai@陌陌 说: 
主从同步dump的时候
2019-06-05 21:26:22,625  洋烊@借贷宝 说: 
我好像找到正解了https://segmentfault.com/a/1190000013144617
2019-06-05 21:26:44,238  党伟@去哪儿网 说: 
会不会是两个机器时间不一样，从库load的时候忽略了一部分key
2019-06-05 21:26:51,641  鹏程@CMBC 说: 
这种事儿先说版本比较靠谱
2019-06-05 21:27:04,356  洋烊@借贷宝 说: 
3.2.4
2019-06-05 21:30:10,416  洋烊@借贷宝 说: 
刚才的简书是群里的大大写的么？
2019-06-05 21:30:22,320  洋烊@借贷宝 说: 
刚才的博客链接是群里的大大写的么？
2019-06-05 21:32:25,757  鹏程@CMBC 说: 
@景波
2019-06-05 21:32:34,659  鹏程@CMBC 说: 
他写的吧
2019-06-05 22:07:43,126  景波 说: 
刚跑完步，鹏总厉害了，这都被你看出来了😂
2019-06-05 22:08:31,321  洋烊@借贷宝 说: 
@景波 优秀
2019-06-05 22:09:04,731  洋烊@借贷宝 说: 
谢谢大大昂
2019-06-05 22:12:31,640  景波 说: 
客气了
2019-06-05 22:13:13,483  zer4tul@百度 说: 
@景波 优秀
2019-06-05 22:14:52,477  鹏程@CMBC 说: 
@景波 写这么好的文章还跑步锻炼，优秀。话说你群名片没改，哈哈哈
2019-06-05 22:16:19,485  景波 说: 
柯总[奸笑]
2019-06-05 22:16:35,675  景波 说: 
我改下[捂脸]
2019-06-05 22:50:12,525  鹏程@CMBC 说: 
@赵景波@金山云 [强][强]
