2019-07-02 03:07:58,516  鹏程@CMBC 分享链接:
 #每日分享 「链接」 Redigo源码分析 - Happen's Memo - SegmentFault 思否
https://t.zsxq.com/b6qR3vb
2019-07-02 09:13:07,016  张晋涛@网易 说: 
欢迎 @段 做下自我介绍 改个群名片
2019-07-02 09:16:12,813  段 说: 
大家好，我是中银基金的段泽坤，请大家多多指教
2019-07-02 09:17:27,356  HQ@TAL 说: 
幸好不是尖沙咀段坤
2019-07-02 09:17:52,743  段 说: 
哈哈😄
2019-07-02 09:31:04,731  北极冷啊BG5FLH@yanji 说: 
请问下 相同的数据量 Redis 用字符串存储和 HASH 表存储 哪个更节省内存 我看到资料是 存储相同量级的数据， Hash 结构消耗的内存只有字符串结构的 1/4  并查到 每种格式在redis内部都是两种存储格式 自动变换  请问这个结论是对的么 为什么hash 更节省内存？
2019-07-02 10:05:19,294  鹏程@CMBC 说: 
欢迎~
2019-07-02 11:38:17,896  杨勇@cmb 说: 
请教个问题，redis-cli --bigkeys会修改key的idletime，有办法规避不？
2019-07-02 11:57:47,359  鹏程@CMBC 说: 
木有...
2019-07-02 11:59:07,771  杨勇@cmb 说: 
哈哈
2019-07-02 11:59:20,969  杨勇@cmb 说: 
谢谢
2019-07-02 12:01:23,661  洋烊@借贷宝 说: 
@杨勇@cmb 如果idletime有特殊使用的话，你在从库上找big-key呗
2019-07-02 12:02:01,863  洋烊@借贷宝 说: 
我还以为你用了贾乃亮的头像，点开一看发现不是
2019-07-02 12:04:40,748  Rui Gu@Redisson 说: 
楼主说得好直接，一点幻想都不给人家留啊
2019-07-02 12:30:36,922  杭州-marvel@有赞 说: 
jedis 获取连接池经常失效，大家知道有什么原因么
2019-07-02 12:44:13,898  单汉强@网易游戏 说: 
@杨勇@cmb 拉个从出来扫？
2019-07-02 12:47:33,292  单汉强@网易游戏 说: 
噢，原来有人建议了，忽略
