2020-01-03 12:08:45,183  杨勇@cmb 说: 
请问大家目前都用哪些redis的module，有推荐的么
2020-01-03 12:10:17,747  木木@简寻 说: 
bloom filter
2020-01-03 12:10:24,096  百润@阿里云 说: 
推销下：阿里云redis企业版里带了5个module。主要是阿里内部使用的数据结构。兼容的有bloomfilter和json。
2020-01-03 12:12:12,678  木木@简寻 说: 
试过 redisearch，感觉不是很稳定，放弃了，还是用的elasticsearch
2020-01-03 12:14:21,151  鹏程@CMBC 说: 
rejson
2020-01-03 12:14:51,159  木木@简寻 说: 
还有redis作者最近在写的 disque，现在有 1.0-rc1的版本了，还没试
2020-01-03 12:15:31,228  杨勇@cmb 说: 
disque是不是实现为stream了
2020-01-03 12:16:46,585  白馨@陌陌 说: 
disque业界有用吗 感觉一直没有人用 
2020-01-03 12:17:08,559  木木@简寻 说: 
看错了，那个版本号是旧的项目的版本号，新的module，还没有版本
2020-01-03 12:21:22,107  木木@简寻 说: 
之前是一个独立的server，感觉更像一个定制的redis server。
现在是以redis module的形式存在。
https://github.com/antirez/disque-module
2020-01-03 17:53:55,888  幻想@热云 说: 
请问下redis 的hash list 最多可以存多少数据啊 
2020-01-03 17:54:15,177  锦超@小红唇 说: 
512m，所有的key或者value
2020-01-03 17:54:29,393  锦超@小红唇 说: 
512m好像是
2020-01-03 17:54:58,607  幻想@热云 说: 
个数呢 
2020-01-03 17:56:35,234  洋烊@借贷宝 说: 
请问一下redis-cluster目前有1/3的slot不在集群了，下面的情况，怎么加上0-5460的lost
2020-01-03 18:00:53,961  白馨@陌陌 说: 
redis-cli里面的add-node可以用吗
2020-01-03 18:02:19,167  杨勇@cmb 说: 
@机器人小胖 没有限制的吧
2020-01-03 18:02:37,806  杨勇@cmb 说: 
「机器人小胖：
幻想@热云 说: 
请问下redis 的hash list 最多可以存多少数据啊 」
- - - - - - - - - - - - - - -
没有限制的吧
2020-01-03 18:03:47,475  杨勇@cmb 说: 
@白馨@陌陌 4以后的--cluster setslot?
2020-01-03 18:05:25,002  白馨@陌陌 说: 
cluster setslot是集群的元操作 不是工具 add-node是集群操作的集成工具 用于运维的
