2019-07-03 01:36:11,435  杨勇@cmb 说: 
@洋烊@借贷宝 @单汉强@网易游戏 我考虑一下，试试，感谢
2019-07-03 01:55:50,748  杨勇@cmb 说: 
@杭州-marvel@有赞 报啥错，网络稳定不
2019-07-03 08:05:34,940  杭州-marvel@有赞 说: 
@杨勇@cmb 就是或拿不到连接池资源，网络稳定的
2019-07-03 08:05:37,179  杭州-marvel@有赞 说: 
Could not get a resource from the pool
2019-07-03 08:05:48,681  杭州-marvel@有赞 说: 
spring-data-redis 用 jedis 版本是2.9.0
2019-07-03 08:06:20,116  杭州-marvel@有赞 说: 
经常性，连接池监控也比较稳定，没有出现资源紧张
2019-07-03 08:08:38,418  杨勇@cmb 说: 
连接池最大连接少了？
2019-07-03 08:08:49,859  杭州-marvel@有赞 说: 
不是，并不少
2019-07-03 08:09:29,608  陈宝仪@Redis-replicator 说: 
怎么释放连接的
2019-07-03 08:10:36,017  杭州-marvel@有赞 说: 
业务里面倒是没有去释放连接，目前也就可能是这个原因了
2019-07-03 08:10:36,307  陈宝仪@Redis-replicator 说: 
如果某些连接执行某些长时间的命令，导致没有空余连接放回池里的话，也会导致拿不到连接池资源
2019-07-03 08:10:47,996  陈宝仪@Redis-replicator 说: 
[惊恐]
2019-07-03 08:11:06,442  杭州-marvel@有赞 说: 
https://github.com/xetorthio/jedis/issues?utf8=%E2%9C%93&q=Could+not+get+a+resource+from+the+pool
2019-07-03 08:11:30,327  杭州-marvel@有赞 说: 
但是 issues 也有这样的问题，有人说 2.9.0 有 bug
2019-07-03 08:11:37,965  杭州-marvel@有赞 说: 
所以想看看你们遇到过没
2019-07-03 08:11:56,999  陈宝仪@Redis-replicator 说: 
没代码基本不好排查
2019-07-03 08:13:16,866  杭州-marvel@有赞 说: 
spring-data-redis 会自动帮我们释放jedis 连接
2019-07-03 08:13:27,920  杭州-marvel@有赞 说: 
不知道是不是 spring-data-redis 的问题
2019-07-03 08:14:19,669  田力@admaster 说: 
我用jedis  redis版本是3.2.9 也出现过这样的问题
2019-07-03 08:17:45,179  marvel@杭州有赞 说: 
@田力@admaster 我用的 spring-data-redis ，spring 会帮我释放资源，不知道是不是它的问题，我下个代码看看
2019-07-03 13:13:01,178  雯岑@试金石信用 说: 
请教个问题，在使用redis集群时，执行jedisCluster.incr(key)返回2，但是实际上redis
2019-07-03 13:14:52,746  雯岑@试金石信用 说: 
请教个问题，在使用redis集群时，java执行jedisCluster.incr(key)返回2，但是实际上redis中key 的值仍为1，并未自增。执行多几次偶尔能自增成功。请问有小伙伴遇到过吗？
2019-07-03 13:23:04,651  杨勇@cmb 说: 
是不是同时有别的客户端把它减1了？monitor看看？
2019-07-03 13:23:11,126  杨勇@cmb 说: 
@机器人小胖
2019-07-03 13:23:40,740  邓伟@jit 说: 
看日志呀
2019-07-03 13:23:55,952  亮子@58 说: 
@机器人小胖 为什么你的回复格式是这样的？
2019-07-03 15:06:17,439  雯岑@试金石信用 说: 
没有别的客户端减1，业务简单，只是自增计数。将jedisCluster.incr(key)的返回值打了日志，是正常的自增了，但实际集群没有自增成功。（集群nodes没有连错）
2019-07-03 15:41:29,053  肖贝贝@第四范式 说: 
把key打出来看看是不是一个key了么; key 有超时吗; 副本有延迟吗?
2019-07-03 16:21:25,684  雯岑@试金石信用 说: 
Key打出来了，是同一个key 。超时时间到第二天零点。通过终端客户端上去看key实际上没有自增。
